[ 2015-11-26T17:12:44+08:00 ] 192.168.1.108 /bbter/index.php/Home/Login
INFO: [ app_init ] --START--
INFO: Run Behavior\BuildLiteBehavior [ RunTime:0.000020s ]
INFO: [ app_init ] --END-- [ RunTime:0.008988s ]
INFO: [ app_begin ] --START--
INFO: Run Behavior\ReadHtmlCacheBehavior [ RunTime:0.001022s ]
INFO: [ app_begin ] --END-- [ RunTime:0.001078s ]
NOTIC: [8] Use of undefined constant Org - assumed 'Org' /home/cheese/www/bbter/Application/Home/Controller/LoginController.class.php 第 5 行.
NOTIC: [8] Use of undefined constant Util - assumed 'Util' /home/cheese/www/bbter/Application/Home/Controller/LoginController.class.php 第 5 行.
NOTIC: [8] Use of undefined constant Token - assumed 'Token' /home/cheese/www/bbter/Application/Home/Controller/LoginController.class.php 第 5 行.
NOTIC: [8] Use of undefined constant Org - assumed 'Org' /home/cheese/www/bbter/Application/Home/Controller/LoginController.class.php 第 6 行.
NOTIC: [8] Use of undefined constant Util - assumed 'Util' /home/cheese/www/bbter/Application/Home/Controller/LoginController.class.php 第 6 行.
NOTIC: [8] Use of undefined constant GibberishAES - assumed 'GibberishAES' /home/cheese/www/bbter/Application/Home/Controller/LoginController.class.php 第 6 行.
SQL: SHOW COLUMNS FROM `users` [ RunTime:0.0239s ]
SQL: SELECT * FROM `users` WHERE ( student_number = 201330650129 ) LIMIT 1   [ RunTime:0.0579s ]
NOTIC: [8] Undefined variable: char /home/cheese/www/bbter/ThinkPHP/Library/Think/Crypt/Driver/Base64.class.php 第 33 行.
NOTIC: [8] Undefined variable: str /home/cheese/www/bbter/ThinkPHP/Library/Think/Crypt/Driver/Base64.class.php 第 38 行.
INFO: [ view_parse ] --START--
INFO: [ template_filter ] --START--
INFO: Run Behavior\ContentReplaceBehavior [ RunTime:0.000036s ]
INFO: [ template_filter ] --END-- [ RunTime:0.000088s ]
INFO: Run Behavior\ParseTemplateBehavior [ RunTime:0.081609s ]
INFO: [ view_parse ] --END-- [ RunTime:0.081713s ]
INFO: [ view_filter ] --START--
INFO: Run Behavior\WriteHtmlCacheBehavior [ RunTime:0.024221s ]
INFO: [ view_filter ] --END-- [ RunTime:0.024286s ]
INFO: [ app_end ] --START--
INFO: Run Behavior\ShowPageTraceBehavior [ RunTime:0.010980s ]
INFO: [ app_end ] --END-- [ RunTime:0.011029s ]

[ 2015-11-26T18:45:43+08:00 ] 192.168.1.108 /bbter/index.php/Home/Login
INFO: [ app_init ] --START--
INFO: Run Behavior\BuildLiteBehavior [ RunTime:0.000026s ]
INFO: [ app_init ] --END-- [ RunTime:0.000234s ]
INFO: [ app_begin ] --START--
INFO: Run Behavior\ReadHtmlCacheBehavior [ RunTime:0.000084s ]
INFO: [ app_begin ] --END-- [ RunTime:0.000159s ]
NOTIC: [8] Use of undefined constant Org - assumed 'Org' /home/cheese/www/bbter/Application/Home/Controller/LoginController.class.php 第 5 行.
NOTIC: [8] Use of undefined constant Util - assumed 'Util' /home/cheese/www/bbter/Application/Home/Controller/LoginController.class.php 第 5 行.
NOTIC: [8] Use of undefined constant Token - assumed 'Token' /home/cheese/www/bbter/Application/Home/Controller/LoginController.class.php 第 5 行.
NOTIC: [8] Use of undefined constant Org - assumed 'Org' /home/cheese/www/bbter/Application/Home/Controller/LoginController.class.php 第 6 行.
NOTIC: [8] Use of undefined constant Util - assumed 'Util' /home/cheese/www/bbter/Application/Home/Controller/LoginController.class.php 第 6 行.
NOTIC: [8] Use of undefined constant GibberishAES - assumed 'GibberishAES' /home/cheese/www/bbter/Application/Home/Controller/LoginController.class.php 第 6 行.
SQL: SHOW COLUMNS FROM `users` [ RunTime:0.0019s ]
SQL: SELECT * FROM `users` WHERE ( student_number = 201330650129 ) LIMIT 1   [ RunTime:0.0002s ]
NOTIC: [8] Undefined variable: char /home/cheese/www/bbter/ThinkPHP/Library/Think/Crypt/Driver/Base64.class.php 第 33 行.
NOTIC: [8] Undefined variable: str /home/cheese/www/bbter/ThinkPHP/Library/Think/Crypt/Driver/Base64.class.php 第 38 行.
INFO: [ view_parse ] --START--
INFO: [ template_filter ] --START--
INFO: Run Behavior\ContentReplaceBehavior [ RunTime:0.000058s ]
INFO: [ template_filter ] --END-- [ RunTime:0.000131s ]
INFO: Run Behavior\ParseTemplateBehavior [ RunTime:0.002335s ]
INFO: [ view_parse ] --END-- [ RunTime:0.002425s ]
INFO: [ view_filter ] --START--
INFO: Run Behavior\WriteHtmlCacheBehavior [ RunTime:0.000051s ]
INFO: [ view_filter ] --END-- [ RunTime:0.000093s ]
INFO: [ app_end ] --START--
INFO: Run Behavior\ShowPageTraceBehavior [ RunTime:0.000057s ]
INFO: [ app_end ] --END-- [ RunTime:0.000102s ]

[ 2015-11-26T18:45:43+08:00 ] 192.168.1.108 /bbter/index.php/Home/User/info
INFO: [ app_init ] --START--
INFO: Run Behavior\BuildLiteBehavior [ RunTime:0.000026s ]
INFO: [ app_init ] --END-- [ RunTime:0.000176s ]
INFO: [ app_begin ] --START--
INFO: Run Behavior\ReadHtmlCacheBehavior [ RunTime:0.000071s ]
INFO: [ app_begin ] --END-- [ RunTime:0.000164s ]
NOTIC: [8] Use of undefined constant Org - assumed 'Org' /home/cheese/www/bbter/Application/Home/Controller/BaseController.class.php 第 5 行.
NOTIC: [8] Use of undefined constant Util - assumed 'Util' /home/cheese/www/bbter/Application/Home/Controller/BaseController.class.php 第 5 行.
NOTIC: [8] Use of undefined constant Token - assumed 'Token' /home/cheese/www/bbter/Application/Home/Controller/BaseController.class.php 第 5 行.
NOTIC: [8] Undefined variable: char /home/cheese/www/bbter/ThinkPHP/Library/Think/Crypt/Driver/Base64.class.php 第 56 行.
NOTIC: [8] Undefined variable: str /home/cheese/www/bbter/ThinkPHP/Library/Think/Crypt/Driver/Base64.class.php 第 63 行.
NOTIC: [8] Undefined variable: char /home/cheese/www/bbter/ThinkPHP/Library/Think/Crypt/Driver/Base64.class.php 第 33 行.
NOTIC: [8] Undefined variable: str /home/cheese/www/bbter/ThinkPHP/Library/Think/Crypt/Driver/Base64.class.php 第 38 行.
SQL: SHOW COLUMNS FROM `users` [ RunTime:0.0007s ]
SQL: SELECT * FROM `users` WHERE `id` = 90 LIMIT 1   [ RunTime:0.0244s ]
NOTIC: [2] Missing argument 3 for Home\Controller\UserController::getInfo(), called in /home/cheese/www/bbter/Application/Home/Controller/UserController.class.php on line 93 and defined /home/cheese/www/bbter/Application/Home/Controller/UserController.class.php 第 43 行.
NOTIC: [8] Undefined variable: others /home/cheese/www/bbter/Application/Home/Controller/UserController.class.php 第 46 行.
SQL: SHOW COLUMNS FROM `departments` [ RunTime:0.0018s ]
SQL: SHOW COLUMNS FROM `groups` [ RunTime:0.0009s ]
SQL: SELECT * FROM `users` WHERE `id` = 90 LIMIT 1   [ RunTime:0.0002s ]
SQL: SELECT * FROM `departments` WHERE `id` = 1 LIMIT 1   [ RunTime:0.0003s ]
SQL: SELECT * FROM `groups` WHERE `id` = 5 LIMIT 1   [ RunTime:0.0006s ]
INFO: [ view_parse ] --START--
INFO: [ template_filter ] --START--
INFO: Run Behavior\ContentReplaceBehavior [ RunTime:0.000040s ]
INFO: [ template_filter ] --END-- [ RunTime:0.000101s ]
INFO: Run Behavior\ParseTemplateBehavior [ RunTime:0.001647s ]
INFO: [ view_parse ] --END-- [ RunTime:0.001729s ]
INFO: [ view_filter ] --START--
INFO: Run Behavior\WriteHtmlCacheBehavior [ RunTime:0.000049s ]
INFO: [ view_filter ] --END-- [ RunTime:0.000093s ]

[ 2015-11-26T20:25:47+08:00 ] 192.168.1.108 /bbter/index.php/Home/Login
INFO: [ app_init ] --START--
INFO: Run Behavior\BuildLiteBehavior [ RunTime:0.000019s ]
INFO: [ app_init ] --END-- [ RunTime:0.000155s ]
INFO: [ app_begin ] --START--
INFO: Run Behavior\ReadHtmlCacheBehavior [ RunTime:0.000059s ]
INFO: [ app_begin ] --END-- [ RunTime:0.000126s ]
NOTIC: [8] Use of undefined constant Org - assumed 'Org' /home/cheese/www/bbter/Application/Home/Controller/LoginController.class.php 第 5 行.
NOTIC: [8] Use of undefined constant Util - assumed 'Util' /home/cheese/www/bbter/Application/Home/Controller/LoginController.class.php 第 5 行.
NOTIC: [8] Use of undefined constant Token - assumed 'Token' /home/cheese/www/bbter/Application/Home/Controller/LoginController.class.php 第 5 行.
NOTIC: [8] Use of undefined constant Org - assumed 'Org' /home/cheese/www/bbter/Application/Home/Controller/LoginController.class.php 第 6 行.
NOTIC: [8] Use of undefined constant Util - assumed 'Util' /home/cheese/www/bbter/Application/Home/Controller/LoginController.class.php 第 6 行.
NOTIC: [8] Use of undefined constant GibberishAES - assumed 'GibberishAES' /home/cheese/www/bbter/Application/Home/Controller/LoginController.class.php 第 6 行.
SQL: SHOW COLUMNS FROM `users` [ RunTime:0.0009s ]
SQL: SELECT * FROM `users` WHERE ( student_number = 201330650129 ) LIMIT 1   [ RunTime:0.0001s ]
NOTIC: [8] Undefined variable: char /home/cheese/www/bbter/ThinkPHP/Library/Think/Crypt/Driver/Base64.class.php 第 33 行.
NOTIC: [8] Undefined variable: str /home/cheese/www/bbter/ThinkPHP/Library/Think/Crypt/Driver/Base64.class.php 第 38 行.
INFO: [ view_parse ] --START--
INFO: [ template_filter ] --START--
INFO: Run Behavior\ContentReplaceBehavior [ RunTime:0.000051s ]
INFO: [ template_filter ] --END-- [ RunTime:0.000090s ]
INFO: Run Behavior\ParseTemplateBehavior [ RunTime:0.000936s ]
INFO: [ view_parse ] --END-- [ RunTime:0.000979s ]
INFO: [ view_filter ] --START--
INFO: Run Behavior\WriteHtmlCacheBehavior [ RunTime:0.000033s ]
INFO: [ view_filter ] --END-- [ RunTime:0.000066s ]
INFO: [ app_end ] --START--
INFO: Run Behavior\ShowPageTraceBehavior [ RunTime:0.000033s ]
INFO: [ app_end ] --END-- [ RunTime:0.000060s ]

[ 2015-11-26T20:55:02+08:00 ] 192.168.1.128 /bbter/index.php/Home/User/info
INFO: [ app_init ] --START--
INFO: Run Behavior\BuildLiteBehavior [ RunTime:0.000020s ]
INFO: [ app_init ] --END-- [ RunTime:0.000153s ]
INFO: [ app_begin ] --START--
INFO: Run Behavior\ReadHtmlCacheBehavior [ RunTime:0.000059s ]
INFO: [ app_begin ] --END-- [ RunTime:0.000127s ]
NOTIC: [8] Use of undefined constant Org - assumed 'Org' /home/cheese/www/bbter/Application/Home/Controller/BaseController.class.php 第 5 行.
NOTIC: [8] Use of undefined constant Util - assumed 'Util' /home/cheese/www/bbter/Application/Home/Controller/BaseController.class.php 第 5 行.
NOTIC: [8] Use of undefined constant Token - assumed 'Token' /home/cheese/www/bbter/Application/Home/Controller/BaseController.class.php 第 5 行.
INFO: [ view_parse ] --START--
INFO: [ template_filter ] --START--
INFO: Run Behavior\ContentReplaceBehavior [ RunTime:0.000041s ]
INFO: [ template_filter ] --END-- [ RunTime:0.000120s ]
INFO: Run Behavior\ParseTemplateBehavior [ RunTime:0.001688s ]
INFO: [ view_parse ] --END-- [ RunTime:0.001771s ]
INFO: [ view_filter ] --START--
INFO: Run Behavior\WriteHtmlCacheBehavior [ RunTime:0.000071s ]
INFO: [ view_filter ] --END-- [ RunTime:0.000124s ]

[ 2015-11-26T20:55:03+08:00 ] 192.168.1.128 /bbter/index.php/Home/User/info
INFO: [ app_init ] --START--
INFO: Run Behavior\BuildLiteBehavior [ RunTime:0.000020s ]
INFO: [ app_init ] --END-- [ RunTime:0.000134s ]
INFO: [ app_begin ] --START--
INFO: Run Behavior\ReadHtmlCacheBehavior [ RunTime:0.000051s ]
INFO: [ app_begin ] --END-- [ RunTime:0.000115s ]
NOTIC: [8] Use of undefined constant Org - assumed 'Org' /home/cheese/www/bbter/Application/Home/Controller/BaseController.class.php 第 5 行.
NOTIC: [8] Use of undefined constant Util - assumed 'Util' /home/cheese/www/bbter/Application/Home/Controller/BaseController.class.php 第 5 行.
NOTIC: [8] Use of undefined constant Token - assumed 'Token' /home/cheese/www/bbter/Application/Home/Controller/BaseController.class.php 第 5 行.
INFO: [ view_parse ] --START--
INFO: [ template_filter ] --START--
INFO: Run Behavior\ContentReplaceBehavior [ RunTime:0.000040s ]
INFO: [ template_filter ] --END-- [ RunTime:0.000107s ]
INFO: Run Behavior\ParseTemplateBehavior [ RunTime:0.001561s ]
INFO: [ view_parse ] --END-- [ RunTime:0.001627s ]
INFO: [ view_filter ] --START--
INFO: Run Behavior\WriteHtmlCacheBehavior [ RunTime:0.000055s ]
INFO: [ view_filter ] --END-- [ RunTime:0.000107s ]

[ 2015-11-26T20:55:04+08:00 ] 192.168.1.128 /bbter/index.php/Home/User/info
INFO: [ app_init ] --START--
INFO: Run Behavior\BuildLiteBehavior [ RunTime:0.000028s ]
INFO: [ app_init ] --END-- [ RunTime:0.000202s ]
INFO: [ app_begin ] --START--
INFO: Run Behavior\ReadHtmlCacheBehavior [ RunTime:0.000075s ]
INFO: [ app_begin ] --END-- [ RunTime:0.000188s ]
NOTIC: [8] Use of undefined constant Org - assumed 'Org' /home/cheese/www/bbter/Application/Home/Controller/BaseController.class.php 第 5 行.
NOTIC: [8] Use of undefined constant Util - assumed 'Util' /home/cheese/www/bbter/Application/Home/Controller/BaseController.class.php 第 5 行.
NOTIC: [8] Use of undefined constant Token - assumed 'Token' /home/cheese/www/bbter/Application/Home/Controller/BaseController.class.php 第 5 行.
INFO: [ view_parse ] --START--
INFO: [ template_filter ] --START--
INFO: Run Behavior\ContentReplaceBehavior [ RunTime:0.000079s ]
INFO: [ template_filter ] --END-- [ RunTime:0.000233s ]
INFO: Run Behavior\ParseTemplateBehavior [ RunTime:0.002495s ]
INFO: [ view_parse ] --END-- [ RunTime:0.002597s ]
INFO: [ view_filter ] --START--
INFO: Run Behavior\WriteHtmlCacheBehavior [ RunTime:0.000070s ]
INFO: [ view_filter ] --END-- [ RunTime:0.000125s ]

[ 2015-11-26T20:55:04+08:00 ] 192.168.1.128 /bbter/index.php/Home/User/info
INFO: [ app_init ] --START--
INFO: Run Behavior\BuildLiteBehavior [ RunTime:0.000019s ]
INFO: [ app_init ] --END-- [ RunTime:0.000129s ]
INFO: [ app_begin ] --START--
INFO: Run Behavior\ReadHtmlCacheBehavior [ RunTime:0.000053s ]
INFO: [ app_begin ] --END-- [ RunTime:0.000120s ]
NOTIC: [8] Use of undefined constant Org - assumed 'Org' /home/cheese/www/bbter/Application/Home/Controller/BaseController.class.php 第 5 行.
NOTIC: [8] Use of undefined constant Util - assumed 'Util' /home/cheese/www/bbter/Application/Home/Controller/BaseController.class.php 第 5 行.
NOTIC: [8] Use of undefined constant Token - assumed 'Token' /home/cheese/www/bbter/Application/Home/Controller/BaseController.class.php 第 5 行.
INFO: [ view_parse ] --START--
INFO: [ template_filter ] --START--
INFO: Run Behavior\ContentReplaceBehavior [ RunTime:0.000043s ]
INFO: [ template_filter ] --END-- [ RunTime:0.000113s ]
INFO: Run Behavior\ParseTemplateBehavior [ RunTime:0.001651s ]
INFO: [ view_parse ] --END-- [ RunTime:0.001725s ]
INFO: [ view_filter ] --START--
INFO: Run Behavior\WriteHtmlCacheBehavior [ RunTime:0.000057s ]
INFO: [ view_filter ] --END-- [ RunTime:0.000111s ]

