[ 2015-11-20T20:55:15+08:00 ] 192.168.1.108 /bbter/index.php/Home/Login
INFO: [ app_init ] --START--
INFO: Run Behavior\BuildLiteBehavior [ RunTime:0.000029s ]
INFO: [ app_init ] --END-- [ RunTime:0.001546s ]
INFO: [ app_begin ] --START--
INFO: Run Behavior\ReadHtmlCacheBehavior [ RunTime:0.001063s ]
INFO: [ app_begin ] --END-- [ RunTime:0.001157s ]
NOTIC: [8] Use of undefined constant Org - assumed 'Org' /home/cheese/www/bbter/Application/Home/Controller/LoginController.class.php 第 5 行.
NOTIC: [8] Use of undefined constant Util - assumed 'Util' /home/cheese/www/bbter/Application/Home/Controller/LoginController.class.php 第 5 行.
NOTIC: [8] Use of undefined constant Token - assumed 'Token' /home/cheese/www/bbter/Application/Home/Controller/LoginController.class.php 第 5 行.
SQL: SHOW COLUMNS FROM `users` [ RunTime:0.0009s ]
SQL: SELECT * FROM `users` WHERE ( student_number = 201330650129 ) LIMIT 1   [ RunTime:0.0004s ]
NOTIC: [8] Undefined variable: char /home/cheese/www/bbter/ThinkPHP/Library/Think/Crypt/Driver/Base64.class.php 第 33 行.
NOTIC: [8] Undefined variable: str /home/cheese/www/bbter/ThinkPHP/Library/Think/Crypt/Driver/Base64.class.php 第 38 行.
INFO: [ view_parse ] --START--
INFO: [ template_filter ] --START--
INFO: Run Behavior\ContentReplaceBehavior [ RunTime:0.000041s ]
INFO: [ template_filter ] --END-- [ RunTime:0.000099s ]
INFO: Run Behavior\ParseTemplateBehavior [ RunTime:0.044701s ]
INFO: [ view_parse ] --END-- [ RunTime:0.044802s ]
INFO: [ view_filter ] --START--
INFO: Run Behavior\WriteHtmlCacheBehavior [ RunTime:0.000670s ]
INFO: [ view_filter ] --END-- [ RunTime:0.000705s ]
INFO: [ app_end ] --START--
INFO: Run Behavior\ShowPageTraceBehavior [ RunTime:0.001090s ]
INFO: [ app_end ] --END-- [ RunTime:0.001130s ]

[ 2015-11-20T21:14:34+08:00 ] 192.168.1.108 /bbter/index.php/Home/Login
INFO: [ app_init ] --START--
INFO: Run Behavior\BuildLiteBehavior [ RunTime:0.000039s ]
INFO: [ app_init ] --END-- [ RunTime:0.000351s ]
INFO: [ app_begin ] --START--
INFO: Run Behavior\ReadHtmlCacheBehavior [ RunTime:0.000095s ]
INFO: [ app_begin ] --END-- [ RunTime:0.000187s ]
NOTIC: [8] Use of undefined constant Org - assumed 'Org' /home/cheese/www/bbter/Application/Home/Controller/LoginController.class.php 第 5 行.
NOTIC: [8] Use of undefined constant Util - assumed 'Util' /home/cheese/www/bbter/Application/Home/Controller/LoginController.class.php 第 5 行.
NOTIC: [8] Use of undefined constant Token - assumed 'Token' /home/cheese/www/bbter/Application/Home/Controller/LoginController.class.php 第 5 行.
SQL: SHOW COLUMNS FROM `users` [ RunTime:0.0013s ]
SQL: SELECT * FROM `users` WHERE ( student_number = 201330650129 ) LIMIT 1   [ RunTime:0.0002s ]
NOTIC: [8] Undefined variable: char /home/cheese/www/bbter/ThinkPHP/Library/Think/Crypt/Driver/Base64.class.php 第 33 行.
NOTIC: [8] Undefined variable: str /home/cheese/www/bbter/ThinkPHP/Library/Think/Crypt/Driver/Base64.class.php 第 38 行.
INFO: [ view_parse ] --START--
INFO: [ template_filter ] --START--
INFO: Run Behavior\ContentReplaceBehavior [ RunTime:0.000053s ]
INFO: [ template_filter ] --END-- [ RunTime:0.000123s ]
INFO: Run Behavior\ParseTemplateBehavior [ RunTime:0.002282s ]
INFO: [ view_parse ] --END-- [ RunTime:0.002362s ]
INFO: [ view_filter ] --START--
INFO: Run Behavior\WriteHtmlCacheBehavior [ RunTime:0.000082s ]
INFO: [ view_filter ] --END-- [ RunTime:0.000154s ]
INFO: [ app_end ] --START--
INFO: Run Behavior\ShowPageTraceBehavior [ RunTime:0.000077s ]
INFO: [ app_end ] --END-- [ RunTime:0.000132s ]

[ 2015-11-20T21:14:34+08:00 ] 192.168.1.108 /bbter/index.php/Home/User/info
INFO: [ app_init ] --START--
INFO: Run Behavior\BuildLiteBehavior [ RunTime:0.000019s ]
INFO: [ app_init ] --END-- [ RunTime:0.000129s ]
INFO: [ app_begin ] --START--
INFO: Run Behavior\ReadHtmlCacheBehavior [ RunTime:0.000047s ]
INFO: [ app_begin ] --END-- [ RunTime:0.000110s ]
NOTIC: [8] Use of undefined constant Org - assumed 'Org' /home/cheese/www/bbter/Application/Home/Controller/BaseController.class.php 第 5 行.
NOTIC: [8] Use of undefined constant Util - assumed 'Util' /home/cheese/www/bbter/Application/Home/Controller/BaseController.class.php 第 5 行.
NOTIC: [8] Use of undefined constant Token - assumed 'Token' /home/cheese/www/bbter/Application/Home/Controller/BaseController.class.php 第 5 行.
NOTIC: [8] Undefined variable: char /home/cheese/www/bbter/ThinkPHP/Library/Think/Crypt/Driver/Base64.class.php 第 56 行.
NOTIC: [8] Undefined variable: str /home/cheese/www/bbter/ThinkPHP/Library/Think/Crypt/Driver/Base64.class.php 第 63 行.
NOTIC: [8] Undefined variable: char /home/cheese/www/bbter/ThinkPHP/Library/Think/Crypt/Driver/Base64.class.php 第 33 行.
NOTIC: [8] Undefined variable: str /home/cheese/www/bbter/ThinkPHP/Library/Think/Crypt/Driver/Base64.class.php 第 38 行.
SQL: SHOW COLUMNS FROM `users` [ RunTime:0.0013s ]
SQL: SELECT * FROM `users` WHERE `id` = 90 LIMIT 1   [ RunTime:0.0004s ]
NOTIC: [2] Missing argument 3 for Home\Controller\UserController::getInfo(), called in /home/cheese/www/bbter/Application/Home/Controller/UserController.class.php on line 93 and defined /home/cheese/www/bbter/Application/Home/Controller/UserController.class.php 第 43 行.
NOTIC: [8] Undefined variable: others /home/cheese/www/bbter/Application/Home/Controller/UserController.class.php 第 46 行.
SQL: SHOW COLUMNS FROM `departments` [ RunTime:0.0007s ]
SQL: SHOW COLUMNS FROM `groups` [ RunTime:0.0006s ]
SQL: SELECT * FROM `users` WHERE `id` = 90 LIMIT 1   [ RunTime:0.0001s ]
SQL: SELECT * FROM `departments` WHERE `id` = 1 LIMIT 1   [ RunTime:0.0003s ]
SQL: SELECT * FROM `groups` WHERE `id` = 5 LIMIT 1   [ RunTime:0.0002s ]
INFO: [ view_parse ] --START--
INFO: [ template_filter ] --START--
INFO: Run Behavior\ContentReplaceBehavior [ RunTime:0.000045s ]
INFO: [ template_filter ] --END-- [ RunTime:0.000115s ]
INFO: Run Behavior\ParseTemplateBehavior [ RunTime:0.001661s ]
INFO: [ view_parse ] --END-- [ RunTime:0.001748s ]
INFO: [ view_filter ] --START--
INFO: Run Behavior\WriteHtmlCacheBehavior [ RunTime:0.000054s ]
INFO: [ view_filter ] --END-- [ RunTime:0.000107s ]

[ 2015-11-20T21:14:38+08:00 ] 192.168.1.108 /bbter/index.php/Home/User/listall
INFO: [ app_init ] --START--
INFO: Run Behavior\BuildLiteBehavior [ RunTime:0.000027s ]
INFO: [ app_init ] --END-- [ RunTime:0.000185s ]
INFO: [ app_begin ] --START--
INFO: Run Behavior\ReadHtmlCacheBehavior [ RunTime:0.000058s ]
INFO: [ app_begin ] --END-- [ RunTime:0.000132s ]
NOTIC: [8] Use of undefined constant Org - assumed 'Org' /home/cheese/www/bbter/Application/Home/Controller/BaseController.class.php 第 5 行.
NOTIC: [8] Use of undefined constant Util - assumed 'Util' /home/cheese/www/bbter/Application/Home/Controller/BaseController.class.php 第 5 行.
NOTIC: [8] Use of undefined constant Token - assumed 'Token' /home/cheese/www/bbter/Application/Home/Controller/BaseController.class.php 第 5 行.
NOTIC: [8] Undefined variable: char /home/cheese/www/bbter/ThinkPHP/Library/Think/Crypt/Driver/Base64.class.php 第 56 行.
NOTIC: [8] Undefined variable: str /home/cheese/www/bbter/ThinkPHP/Library/Think/Crypt/Driver/Base64.class.php 第 63 行.
NOTIC: [8] Undefined variable: char /home/cheese/www/bbter/ThinkPHP/Library/Think/Crypt/Driver/Base64.class.php 第 33 行.
NOTIC: [8] Undefined variable: str /home/cheese/www/bbter/ThinkPHP/Library/Think/Crypt/Driver/Base64.class.php 第 38 行.
SQL: SHOW COLUMNS FROM `users` [ RunTime:0.0012s ]
SQL: SELECT * FROM `users` WHERE `id` = 90 LIMIT 1   [ RunTime:0.0001s ]
SQL: SHOW COLUMNS FROM `users` [ RunTime:0.0015s ]
SQL: SELECT `users`.*,`departments`.`name` AS 'dprtname',`groups`.`name` AS 'grpname' FROM `departments`,`users`,`groups` WHERE  `users`.`department_id` = `departments`.`id` AND `users`.`group_id` = `groups`.`id` AND `users`.`completed`=1 AND `groups`.`id` != 5  AND `status`='NORMAL'ORDER BY group_id desc LIMIT 0,15 [ RunTime:0.0009s ]
SQL: SELECT count(*) AS cnt FROM `departments`,`users`,`groups` WHERE  `users`.`department_id` = `departments`.`id` AND `users`.`group_id` = `groups`.`id` AND `users`.`completed`=1 AND `groups`.`id` != 5  AND `status`='NORMAL' [ RunTime:0.0006s ]
NOTIC: [8] Undefined index: image /home/cheese/www/bbter/Application/Home/Controller/UserController.class.php 第 519 行.
NOTIC: [8] Undefined index: image /home/cheese/www/bbter/Application/Home/Controller/UserController.class.php 第 519 行.
NOTIC: [8] Undefined index: image /home/cheese/www/bbter/Application/Home/Controller/UserController.class.php 第 519 行.
NOTIC: [8] Undefined index: image /home/cheese/www/bbter/Application/Home/Controller/UserController.class.php 第 519 行.
NOTIC: [8] Undefined index: image /home/cheese/www/bbter/Application/Home/Controller/UserController.class.php 第 519 行.
NOTIC: [8] Undefined index: image /home/cheese/www/bbter/Application/Home/Controller/UserController.class.php 第 519 行.
NOTIC: [8] Undefined index: image /home/cheese/www/bbter/Application/Home/Controller/UserController.class.php 第 519 行.
NOTIC: [8] Undefined index: image /home/cheese/www/bbter/Application/Home/Controller/UserController.class.php 第 519 行.
NOTIC: [8] Undefined index: image /home/cheese/www/bbter/Application/Home/Controller/UserController.class.php 第 519 行.
NOTIC: [8] Undefined index: image /home/cheese/www/bbter/Application/Home/Controller/UserController.class.php 第 519 行.
NOTIC: [8] Undefined index: image /home/cheese/www/bbter/Application/Home/Controller/UserController.class.php 第 519 行.
NOTIC: [8] Undefined index: image /home/cheese/www/bbter/Application/Home/Controller/UserController.class.php 第 519 行.
NOTIC: [8] Undefined index: image /home/cheese/www/bbter/Application/Home/Controller/UserController.class.php 第 519 行.
NOTIC: [8] Undefined index: image /home/cheese/www/bbter/Application/Home/Controller/UserController.class.php 第 519 行.
NOTIC: [8] Undefined index: image /home/cheese/www/bbter/Application/Home/Controller/UserController.class.php 第 519 行.
INFO: [ view_parse ] --START--
INFO: [ template_filter ] --START--
INFO: Run Behavior\ContentReplaceBehavior [ RunTime:0.000047s ]
INFO: [ template_filter ] --END-- [ RunTime:0.000127s ]
INFO: Run Behavior\ParseTemplateBehavior [ RunTime:0.002377s ]
INFO: [ view_parse ] --END-- [ RunTime:0.002437s ]
INFO: [ view_filter ] --START--
INFO: Run Behavior\WriteHtmlCacheBehavior [ RunTime:0.000042s ]
INFO: [ view_filter ] --END-- [ RunTime:0.000076s ]

[ 2015-11-20T21:14:40+08:00 ] 192.168.1.108 /bbter/index.php/Home/User/othersinfo
INFO: [ app_init ] --START--
INFO: Run Behavior\BuildLiteBehavior [ RunTime:0.000018s ]
INFO: [ app_init ] --END-- [ RunTime:0.000125s ]
INFO: [ app_begin ] --START--
INFO: Run Behavior\ReadHtmlCacheBehavior [ RunTime:0.000050s ]
INFO: [ app_begin ] --END-- [ RunTime:0.000114s ]
NOTIC: [8] Use of undefined constant Org - assumed 'Org' /home/cheese/www/bbter/Application/Home/Controller/BaseController.class.php 第 5 行.
NOTIC: [8] Use of undefined constant Util - assumed 'Util' /home/cheese/www/bbter/Application/Home/Controller/BaseController.class.php 第 5 行.
NOTIC: [8] Use of undefined constant Token - assumed 'Token' /home/cheese/www/bbter/Application/Home/Controller/BaseController.class.php 第 5 行.
NOTIC: [8] Undefined variable: char /home/cheese/www/bbter/ThinkPHP/Library/Think/Crypt/Driver/Base64.class.php 第 56 行.
NOTIC: [8] Undefined variable: str /home/cheese/www/bbter/ThinkPHP/Library/Think/Crypt/Driver/Base64.class.php 第 63 行.
NOTIC: [8] Undefined variable: char /home/cheese/www/bbter/ThinkPHP/Library/Think/Crypt/Driver/Base64.class.php 第 33 行.
NOTIC: [8] Undefined variable: str /home/cheese/www/bbter/ThinkPHP/Library/Think/Crypt/Driver/Base64.class.php 第 38 行.
SQL: SHOW COLUMNS FROM `users` [ RunTime:0.0013s ]
SQL: SELECT * FROM `users` WHERE `id` = 90 LIMIT 1   [ RunTime:0.0002s ]
SQL: SHOW COLUMNS FROM `departments` [ RunTime:0.0007s ]
SQL: SHOW COLUMNS FROM `groups` [ RunTime:0.0006s ]
SQL: SELECT * FROM `users` WHERE `id` = 102 LIMIT 1   [ RunTime:0.0003s ]
SQL: SELECT * FROM `departments` WHERE `id` = 1 LIMIT 1   [ RunTime:0.0002s ]
SQL: SELECT * FROM `groups` WHERE `id` = 3 LIMIT 1   [ RunTime:0.0003s ]
INFO: [ view_parse ] --START--
INFO: [ template_filter ] --START--
INFO: Run Behavior\ContentReplaceBehavior [ RunTime:0.000027s ]
INFO: [ template_filter ] --END-- [ RunTime:0.000063s ]
INFO: Run Behavior\ParseTemplateBehavior [ RunTime:0.000894s ]
INFO: [ view_parse ] --END-- [ RunTime:0.000935s ]
INFO: [ view_filter ] --START--
INFO: Run Behavior\WriteHtmlCacheBehavior [ RunTime:0.000030s ]
INFO: [ view_filter ] --END-- [ RunTime:0.000059s ]

[ 2015-11-20T21:14:53+08:00 ] 192.168.1.108 /bbter/index.php/Home/User/listall
INFO: [ app_init ] --START--
INFO: Run Behavior\BuildLiteBehavior [ RunTime:0.000020s ]
INFO: [ app_init ] --END-- [ RunTime:0.000136s ]
INFO: [ app_begin ] --START--
INFO: Run Behavior\ReadHtmlCacheBehavior [ RunTime:0.000055s ]
INFO: [ app_begin ] --END-- [ RunTime:0.000119s ]
NOTIC: [8] Use of undefined constant Org - assumed 'Org' /home/cheese/www/bbter/Application/Home/Controller/BaseController.class.php 第 5 行.
NOTIC: [8] Use of undefined constant Util - assumed 'Util' /home/cheese/www/bbter/Application/Home/Controller/BaseController.class.php 第 5 行.
NOTIC: [8] Use of undefined constant Token - assumed 'Token' /home/cheese/www/bbter/Application/Home/Controller/BaseController.class.php 第 5 行.
NOTIC: [8] Undefined variable: char /home/cheese/www/bbter/ThinkPHP/Library/Think/Crypt/Driver/Base64.class.php 第 56 行.
NOTIC: [8] Undefined variable: str /home/cheese/www/bbter/ThinkPHP/Library/Think/Crypt/Driver/Base64.class.php 第 63 行.
NOTIC: [8] Undefined variable: char /home/cheese/www/bbter/ThinkPHP/Library/Think/Crypt/Driver/Base64.class.php 第 33 行.
NOTIC: [8] Undefined variable: str /home/cheese/www/bbter/ThinkPHP/Library/Think/Crypt/Driver/Base64.class.php 第 38 行.
SQL: SHOW COLUMNS FROM `users` [ RunTime:0.0013s ]
SQL: SELECT * FROM `users` WHERE `id` = 90 LIMIT 1   [ RunTime:0.0002s ]
SQL: SHOW COLUMNS FROM `users` [ RunTime:0.0012s ]
SQL: SELECT `users`.*,`departments`.`name` AS 'dprtname',`groups`.`name` AS 'grpname' FROM `departments`,`users`,`groups` WHERE  `users`.`department_id` = `departments`.`id` AND `users`.`group_id` = `groups`.`id` AND `users`.`completed`=1 AND `groups`.`id` != 5  AND `status`='NORMAL'ORDER BY group_id desc LIMIT 0,15 [ RunTime:0.0002s ]
SQL: SELECT count(*) AS cnt FROM `departments`,`users`,`groups` WHERE  `users`.`department_id` = `departments`.`id` AND `users`.`group_id` = `groups`.`id` AND `users`.`completed`=1 AND `groups`.`id` != 5  AND `status`='NORMAL' [ RunTime:0.0001s ]
NOTIC: [8] Undefined index: image /home/cheese/www/bbter/Application/Home/Controller/UserController.class.php 第 519 行.
NOTIC: [8] Undefined index: image /home/cheese/www/bbter/Application/Home/Controller/UserController.class.php 第 519 行.
NOTIC: [8] Undefined index: image /home/cheese/www/bbter/Application/Home/Controller/UserController.class.php 第 519 行.
NOTIC: [8] Undefined index: image /home/cheese/www/bbter/Application/Home/Controller/UserController.class.php 第 519 行.
NOTIC: [8] Undefined index: image /home/cheese/www/bbter/Application/Home/Controller/UserController.class.php 第 519 行.
NOTIC: [8] Undefined index: image /home/cheese/www/bbter/Application/Home/Controller/UserController.class.php 第 519 行.
NOTIC: [8] Undefined index: image /home/cheese/www/bbter/Application/Home/Controller/UserController.class.php 第 519 行.
NOTIC: [8] Undefined index: image /home/cheese/www/bbter/Application/Home/Controller/UserController.class.php 第 519 行.
NOTIC: [8] Undefined index: image /home/cheese/www/bbter/Application/Home/Controller/UserController.class.php 第 519 行.
NOTIC: [8] Undefined index: image /home/cheese/www/bbter/Application/Home/Controller/UserController.class.php 第 519 行.
NOTIC: [8] Undefined index: image /home/cheese/www/bbter/Application/Home/Controller/UserController.class.php 第 519 行.
NOTIC: [8] Undefined index: image /home/cheese/www/bbter/Application/Home/Controller/UserController.class.php 第 519 行.
NOTIC: [8] Undefined index: image /home/cheese/www/bbter/Application/Home/Controller/UserController.class.php 第 519 行.
NOTIC: [8] Undefined index: image /home/cheese/www/bbter/Application/Home/Controller/UserController.class.php 第 519 行.
NOTIC: [8] Undefined index: image /home/cheese/www/bbter/Application/Home/Controller/UserController.class.php 第 519 行.
INFO: [ view_parse ] --START--
INFO: [ template_filter ] --START--
INFO: Run Behavior\ContentReplaceBehavior [ RunTime:0.000046s ]
INFO: [ template_filter ] --END-- [ RunTime:0.000111s ]
INFO: Run Behavior\ParseTemplateBehavior [ RunTime:0.001643s ]
INFO: [ view_parse ] --END-- [ RunTime:0.001714s ]
INFO: [ view_filter ] --START--
INFO: Run Behavior\WriteHtmlCacheBehavior [ RunTime:0.000059s ]
INFO: [ view_filter ] --END-- [ RunTime:0.000110s ]

[ 2015-11-20T21:14:55+08:00 ] 192.168.1.108 /bbter/index.php/Home/User/info
INFO: [ app_init ] --START--
INFO: Run Behavior\BuildLiteBehavior [ RunTime:0.000021s ]
INFO: [ app_init ] --END-- [ RunTime:0.000132s ]
INFO: [ app_begin ] --START--
INFO: Run Behavior\ReadHtmlCacheBehavior [ RunTime:0.000051s ]
INFO: [ app_begin ] --END-- [ RunTime:0.000136s ]
NOTIC: [8] Use of undefined constant Org - assumed 'Org' /home/cheese/www/bbter/Application/Home/Controller/BaseController.class.php 第 5 行.
NOTIC: [8] Use of undefined constant Util - assumed 'Util' /home/cheese/www/bbter/Application/Home/Controller/BaseController.class.php 第 5 行.
NOTIC: [8] Use of undefined constant Token - assumed 'Token' /home/cheese/www/bbter/Application/Home/Controller/BaseController.class.php 第 5 行.
NOTIC: [8] Undefined variable: char /home/cheese/www/bbter/ThinkPHP/Library/Think/Crypt/Driver/Base64.class.php 第 56 行.
NOTIC: [8] Undefined variable: str /home/cheese/www/bbter/ThinkPHP/Library/Think/Crypt/Driver/Base64.class.php 第 63 行.
NOTIC: [8] Undefined variable: char /home/cheese/www/bbter/ThinkPHP/Library/Think/Crypt/Driver/Base64.class.php 第 33 行.
NOTIC: [8] Undefined variable: str /home/cheese/www/bbter/ThinkPHP/Library/Think/Crypt/Driver/Base64.class.php 第 38 行.
SQL: SHOW COLUMNS FROM `users` [ RunTime:0.0013s ]
SQL: SELECT * FROM `users` WHERE `id` = 90 LIMIT 1   [ RunTime:0.0001s ]
NOTIC: [2] Missing argument 3 for Home\Controller\UserController::getInfo(), called in /home/cheese/www/bbter/Application/Home/Controller/UserController.class.php on line 93 and defined /home/cheese/www/bbter/Application/Home/Controller/UserController.class.php 第 43 行.
NOTIC: [8] Undefined variable: others /home/cheese/www/bbter/Application/Home/Controller/UserController.class.php 第 46 行.
SQL: SHOW COLUMNS FROM `departments` [ RunTime:0.0008s ]
SQL: SHOW COLUMNS FROM `groups` [ RunTime:0.0007s ]
SQL: SELECT * FROM `users` WHERE `id` = 90 LIMIT 1   [ RunTime:0.0002s ]
SQL: SELECT * FROM `departments` WHERE `id` = 1 LIMIT 1   [ RunTime:0.0001s ]
SQL: SELECT * FROM `groups` WHERE `id` = 5 LIMIT 1   [ RunTime:0.0001s ]
INFO: [ view_parse ] --START--
INFO: [ template_filter ] --START--
INFO: Run Behavior\ContentReplaceBehavior [ RunTime:0.000045s ]
INFO: [ template_filter ] --END-- [ RunTime:0.000110s ]
INFO: Run Behavior\ParseTemplateBehavior [ RunTime:0.001576s ]
INFO: [ view_parse ] --END-- [ RunTime:0.001662s ]
INFO: [ view_filter ] --START--
INFO: Run Behavior\WriteHtmlCacheBehavior [ RunTime:0.000055s ]
INFO: [ view_filter ] --END-- [ RunTime:0.000106s ]

[ 2015-11-20T21:14:56+08:00 ] 192.168.1.108 /bbter/index.php/Home/User/listall
INFO: [ app_init ] --START--
INFO: Run Behavior\BuildLiteBehavior [ RunTime:0.000020s ]
INFO: [ app_init ] --END-- [ RunTime:0.000136s ]
INFO: [ app_begin ] --START--
INFO: Run Behavior\ReadHtmlCacheBehavior [ RunTime:0.000053s ]
INFO: [ app_begin ] --END-- [ RunTime:0.000116s ]
NOTIC: [8] Use of undefined constant Org - assumed 'Org' /home/cheese/www/bbter/Application/Home/Controller/BaseController.class.php 第 5 行.
NOTIC: [8] Use of undefined constant Util - assumed 'Util' /home/cheese/www/bbter/Application/Home/Controller/BaseController.class.php 第 5 行.
NOTIC: [8] Use of undefined constant Token - assumed 'Token' /home/cheese/www/bbter/Application/Home/Controller/BaseController.class.php 第 5 行.
NOTIC: [8] Undefined variable: char /home/cheese/www/bbter/ThinkPHP/Library/Think/Crypt/Driver/Base64.class.php 第 56 行.
NOTIC: [8] Undefined variable: str /home/cheese/www/bbter/ThinkPHP/Library/Think/Crypt/Driver/Base64.class.php 第 63 行.
NOTIC: [8] Undefined variable: char /home/cheese/www/bbter/ThinkPHP/Library/Think/Crypt/Driver/Base64.class.php 第 33 行.
NOTIC: [8] Undefined variable: str /home/cheese/www/bbter/ThinkPHP/Library/Think/Crypt/Driver/Base64.class.php 第 38 行.
SQL: SHOW COLUMNS FROM `users` [ RunTime:0.0012s ]
SQL: SELECT * FROM `users` WHERE `id` = 90 LIMIT 1   [ RunTime:0.0002s ]
SQL: SHOW COLUMNS FROM `users` [ RunTime:0.0011s ]
SQL: SELECT `users`.*,`departments`.`name` AS 'dprtname',`groups`.`name` AS 'grpname' FROM `departments`,`users`,`groups` WHERE  `users`.`department_id` = `departments`.`id` AND `users`.`group_id` = `groups`.`id` AND `users`.`completed`=1 AND `groups`.`id` != 5  AND `status`='NORMAL'ORDER BY group_id desc LIMIT 0,15 [ RunTime:0.0001s ]
SQL: SELECT count(*) AS cnt FROM `departments`,`users`,`groups` WHERE  `users`.`department_id` = `departments`.`id` AND `users`.`group_id` = `groups`.`id` AND `users`.`completed`=1 AND `groups`.`id` != 5  AND `status`='NORMAL' [ RunTime:0.0001s ]
NOTIC: [8] Undefined index: image /home/cheese/www/bbter/Application/Home/Controller/UserController.class.php 第 519 行.
NOTIC: [8] Undefined index: image /home/cheese/www/bbter/Application/Home/Controller/UserController.class.php 第 519 行.
NOTIC: [8] Undefined index: image /home/cheese/www/bbter/Application/Home/Controller/UserController.class.php 第 519 行.
NOTIC: [8] Undefined index: image /home/cheese/www/bbter/Application/Home/Controller/UserController.class.php 第 519 行.
NOTIC: [8] Undefined index: image /home/cheese/www/bbter/Application/Home/Controller/UserController.class.php 第 519 行.
NOTIC: [8] Undefined index: image /home/cheese/www/bbter/Application/Home/Controller/UserController.class.php 第 519 行.
NOTIC: [8] Undefined index: image /home/cheese/www/bbter/Application/Home/Controller/UserController.class.php 第 519 行.
NOTIC: [8] Undefined index: image /home/cheese/www/bbter/Application/Home/Controller/UserController.class.php 第 519 行.
NOTIC: [8] Undefined index: image /home/cheese/www/bbter/Application/Home/Controller/UserController.class.php 第 519 行.
NOTIC: [8] Undefined index: image /home/cheese/www/bbter/Application/Home/Controller/UserController.class.php 第 519 行.
NOTIC: [8] Undefined index: image /home/cheese/www/bbter/Application/Home/Controller/UserController.class.php 第 519 行.
NOTIC: [8] Undefined index: image /home/cheese/www/bbter/Application/Home/Controller/UserController.class.php 第 519 行.
NOTIC: [8] Undefined index: image /home/cheese/www/bbter/Application/Home/Controller/UserController.class.php 第 519 行.
NOTIC: [8] Undefined index: image /home/cheese/www/bbter/Application/Home/Controller/UserController.class.php 第 519 行.
NOTIC: [8] Undefined index: image /home/cheese/www/bbter/Application/Home/Controller/UserController.class.php 第 519 行.
INFO: [ view_parse ] --START--
INFO: [ template_filter ] --START--
INFO: Run Behavior\ContentReplaceBehavior [ RunTime:0.000044s ]
INFO: [ template_filter ] --END-- [ RunTime:0.000110s ]
INFO: Run Behavior\ParseTemplateBehavior [ RunTime:0.001612s ]
INFO: [ view_parse ] --END-- [ RunTime:0.001684s ]
INFO: [ view_filter ] --START--
INFO: Run Behavior\WriteHtmlCacheBehavior [ RunTime:0.000059s ]
INFO: [ view_filter ] --END-- [ RunTime:0.000111s ]

[ 2015-11-20T21:14:57+08:00 ] 192.168.1.108 /bbter/index.php/Home/User/dprtall
INFO: [ app_init ] --START--
INFO: Run Behavior\BuildLiteBehavior [ RunTime:0.000019s ]
INFO: [ app_init ] --END-- [ RunTime:0.000128s ]
INFO: [ app_begin ] --START--
INFO: Run Behavior\ReadHtmlCacheBehavior [ RunTime:0.000050s ]
INFO: [ app_begin ] --END-- [ RunTime:0.000112s ]
NOTIC: [8] Use of undefined constant Org - assumed 'Org' /home/cheese/www/bbter/Application/Home/Controller/BaseController.class.php 第 5 行.
NOTIC: [8] Use of undefined constant Util - assumed 'Util' /home/cheese/www/bbter/Application/Home/Controller/BaseController.class.php 第 5 行.
NOTIC: [8] Use of undefined constant Token - assumed 'Token' /home/cheese/www/bbter/Application/Home/Controller/BaseController.class.php 第 5 行.
NOTIC: [8] Undefined variable: char /home/cheese/www/bbter/ThinkPHP/Library/Think/Crypt/Driver/Base64.class.php 第 56 行.
NOTIC: [8] Undefined variable: str /home/cheese/www/bbter/ThinkPHP/Library/Think/Crypt/Driver/Base64.class.php 第 63 行.
NOTIC: [8] Undefined variable: char /home/cheese/www/bbter/ThinkPHP/Library/Think/Crypt/Driver/Base64.class.php 第 33 行.
NOTIC: [8] Undefined variable: str /home/cheese/www/bbter/ThinkPHP/Library/Think/Crypt/Driver/Base64.class.php 第 38 行.
SQL: SHOW COLUMNS FROM `users` [ RunTime:0.0012s ]
SQL: SELECT * FROM `users` WHERE `id` = 90 LIMIT 1   [ RunTime:0.0001s ]
SQL: SHOW COLUMNS FROM `users` [ RunTime:0.0010s ]
SQL: SELECT * FROM `users` WHERE `department_id` = 1 AND `status` = 'NORMAL' ORDER BY group_id desc  [ RunTime:0.0007s ]
SQL: SHOW COLUMNS FROM `departments` [ RunTime:0.0007s ]
SQL: SELECT * FROM `departments` WHERE ( 1=1 AND id='1' ) LIMIT 1   [ RunTime:0.0004s ]
SQL: SHOW COLUMNS FROM `groups` [ RunTime:0.0007s ]
SQL: SELECT * FROM `groups` WHERE ( 1=1 AND id='5' ) LIMIT 1   [ RunTime:0.0003s ]
SQL: SELECT * FROM `departments` WHERE ( 1=1 AND id='1' ) LIMIT 1   [ RunTime:0.0002s ]
SQL: SELECT * FROM `groups` WHERE ( 1=1 AND id='5' ) LIMIT 1   [ RunTime:0.0002s ]
SQL: SELECT * FROM `departments` WHERE ( 1=1 AND id='1' ) LIMIT 1   [ RunTime:0.0002s ]
SQL: SELECT * FROM `groups` WHERE ( 1=1 AND id='5' ) LIMIT 1   [ RunTime:0.0001s ]
SQL: SELECT * FROM `departments` WHERE ( 1=1 AND id='1' ) LIMIT 1   [ RunTime:0.0001s ]
SQL: SELECT * FROM `groups` WHERE ( 1=1 AND id='5' ) LIMIT 1   [ RunTime:0.0001s ]
SQL: SELECT * FROM `departments` WHERE ( 1=1 AND id='1' ) LIMIT 1   [ RunTime:0.0001s ]
SQL: SELECT * FROM `groups` WHERE ( 1=1 AND id='4' ) LIMIT 1   [ RunTime:0.0003s ]
SQL: SELECT * FROM `departments` WHERE ( 1=1 AND id='1' ) LIMIT 1   [ RunTime:0.0001s ]
SQL: SELECT * FROM `groups` WHERE ( 1=1 AND id='4' ) LIMIT 1   [ RunTime:0.0001s ]
SQL: SELECT * FROM `departments` WHERE ( 1=1 AND id='1' ) LIMIT 1   [ RunTime:0.0001s ]
SQL: SELECT * FROM `groups` WHERE ( 1=1 AND id='4' ) LIMIT 1   [ RunTime:0.0001s ]
SQL: SELECT * FROM `departments` WHERE ( 1=1 AND id='1' ) LIMIT 1   [ RunTime:0.0001s ]
SQL: SELECT * FROM `groups` WHERE ( 1=1 AND id='4' ) LIMIT 1   [ RunTime:0.0001s ]
SQL: SELECT * FROM `departments` WHERE ( 1=1 AND id='1' ) LIMIT 1   [ RunTime:0.0001s ]
SQL: SELECT * FROM `groups` WHERE ( 1=1 AND id='3' ) LIMIT 1   [ RunTime:0.0002s ]
SQL: SELECT * FROM `departments` WHERE ( 1=1 AND id='1' ) LIMIT 1   [ RunTime:0.0001s ]
SQL: SELECT * FROM `groups` WHERE ( 1=1 AND id='3' ) LIMIT 1   [ RunTime:0.0001s ]
SQL: SELECT * FROM `departments` WHERE ( 1=1 AND id='1' ) LIMIT 1   [ RunTime:0.0001s ]
SQL: SELECT * FROM `groups` WHERE ( 1=1 AND id='3' ) LIMIT 1   [ RunTime:0.0001s ]
SQL: SELECT * FROM `departments` WHERE ( 1=1 AND id='1' ) LIMIT 1   [ RunTime:0.0001s ]
SQL: SELECT * FROM `groups` WHERE ( 1=1 AND id='3' ) LIMIT 1   [ RunTime:0.0001s ]
SQL: SELECT * FROM `departments` WHERE ( 1=1 AND id='1' ) LIMIT 1   [ RunTime:0.0001s ]
SQL: SELECT * FROM `groups` WHERE ( 1=1 AND id='3' ) LIMIT 1   [ RunTime:0.0001s ]
SQL: SELECT * FROM `departments` WHERE ( 1=1 AND id='1' ) LIMIT 1   [ RunTime:0.0001s ]
SQL: SELECT * FROM `groups` WHERE ( 1=1 AND id='3' ) LIMIT 1   [ RunTime:0.0001s ]
SQL: SELECT * FROM `departments` WHERE ( 1=1 AND id='1' ) LIMIT 1   [ RunTime:0.0001s ]
SQL: SELECT * FROM `groups` WHERE ( 1=1 AND id='3' ) LIMIT 1   [ RunTime:0.0001s ]
SQL: SELECT * FROM `departments` WHERE ( 1=1 AND id='1' ) LIMIT 1   [ RunTime:0.0001s ]
SQL: SELECT * FROM `groups` WHERE ( 1=1 AND id='3' ) LIMIT 1   [ RunTime:0.0001s ]
SQL: SELECT * FROM `departments` WHERE ( 1=1 AND id='1' ) LIMIT 1   [ RunTime:0.0001s ]
SQL: SELECT * FROM `groups` WHERE ( 1=1 AND id='3' ) LIMIT 1   [ RunTime:0.0001s ]
SQL: SELECT * FROM `departments` WHERE ( 1=1 AND id='1' ) LIMIT 1   [ RunTime:0.0001s ]
SQL: SELECT * FROM `groups` WHERE ( 1=1 AND id='2' ) LIMIT 1   [ RunTime:0.0002s ]
SQL: SELECT * FROM `departments` WHERE ( 1=1 AND id='1' ) LIMIT 1   [ RunTime:0.0001s ]
SQL: SELECT * FROM `groups` WHERE ( 1=1 AND id='2' ) LIMIT 1   [ RunTime:0.0001s ]
SQL: SELECT * FROM `departments` WHERE ( 1=1 AND id='1' ) LIMIT 1   [ RunTime:0.0001s ]
SQL: SELECT * FROM `groups` WHERE ( 1=1 AND id='2' ) LIMIT 1   [ RunTime:0.0001s ]
SQL: SELECT * FROM `departments` WHERE ( 1=1 AND id='1' ) LIMIT 1   [ RunTime:0.0001s ]
SQL: SELECT * FROM `groups` WHERE ( 1=1 AND id='2' ) LIMIT 1   [ RunTime:0.0001s ]
SQL: SELECT * FROM `departments` WHERE ( 1=1 AND id='1' ) LIMIT 1   [ RunTime:0.0001s ]
SQL: SELECT * FROM `groups` WHERE ( 1=1 AND id='2' ) LIMIT 1   [ RunTime:0.0001s ]
SQL: SELECT * FROM `departments` WHERE ( 1=1 AND id='1' ) LIMIT 1   [ RunTime:0.0001s ]
SQL: SELECT * FROM `groups` WHERE ( 1=1 AND id='1' ) LIMIT 1   [ RunTime:0.0002s ]
SQL: SELECT * FROM `departments` WHERE ( 1=1 AND id='1' ) LIMIT 1   [ RunTime:0.0001s ]
SQL: SELECT * FROM `groups` WHERE ( 1=1 AND id='1' ) LIMIT 1   [ RunTime:0.0001s ]
SQL: SELECT * FROM `departments` WHERE ( 1=1 AND id='1' ) LIMIT 1   [ RunTime:0.0001s ]
SQL: SELECT * FROM `groups` WHERE ( 1=1 AND id='1' ) LIMIT 1   [ RunTime:0.0001s ]
SQL: SELECT * FROM `departments` WHERE ( 1=1 AND id='1' ) LIMIT 1   [ RunTime:0.0001s ]
SQL: SELECT * FROM `groups` WHERE ( 1=1 AND id='1' ) LIMIT 1   [ RunTime:0.0001s ]
SQL: SELECT * FROM `departments` WHERE ( 1=1 AND id='1' ) LIMIT 1   [ RunTime:0.0001s ]
SQL: SELECT * FROM `groups` WHERE ( 1=1 AND id='1' ) LIMIT 1   [ RunTime:0.0000s ]
SQL: SELECT * FROM `departments` WHERE ( 1=1 AND id='1' ) LIMIT 1   [ RunTime:0.0000s ]
SQL: SELECT * FROM `groups` WHERE ( 1=1 AND id='1' ) LIMIT 1   [ RunTime:0.0000s ]
SQL: SELECT * FROM `departments` WHERE ( 1=1 AND id='1' ) LIMIT 1   [ RunTime:0.0000s ]
SQL: SELECT * FROM `groups` WHERE ( 1=1 AND id='1' ) LIMIT 1   [ RunTime:0.0000s ]
SQL: SELECT * FROM `departments` WHERE ( 1=1 AND id='1' ) LIMIT 1   [ RunTime:0.0000s ]
SQL: SELECT * FROM `groups` WHERE ( 1=1 AND id='1' ) LIMIT 1   [ RunTime:0.0000s ]
SQL: SELECT * FROM `departments` WHERE ( 1=1 AND id='1' ) LIMIT 1   [ RunTime:0.0000s ]
SQL: SELECT * FROM `groups` WHERE ( 1=1 AND id='1' ) LIMIT 1   [ RunTime:0.0000s ]
SQL: SELECT * FROM `departments` WHERE ( 1=1 AND id='1' ) LIMIT 1   [ RunTime:0.0000s ]
SQL: SELECT * FROM `groups` WHERE ( 1=1 AND id='1' ) LIMIT 1   [ RunTime:0.0000s ]
SQL: SELECT * FROM `departments` WHERE ( 1=1 AND id='1' ) LIMIT 1   [ RunTime:0.0000s ]
SQL: SELECT * FROM `groups` WHERE ( 1=1 AND id='1' ) LIMIT 1   [ RunTime:0.0000s ]
SQL: SELECT * FROM `departments` WHERE ( 1=1 AND id='1' ) LIMIT 1   [ RunTime:0.0001s ]
SQL: SELECT * FROM `groups` WHERE ( 1=1 AND id='1' ) LIMIT 1   [ RunTime:0.0001s ]
SQL: SELECT * FROM `departments` WHERE ( 1=1 AND id='1' ) LIMIT 1   [ RunTime:0.0000s ]
SQL: SELECT * FROM `groups` WHERE ( 1=1 AND id='1' ) LIMIT 1   [ RunTime:0.0000s ]
SQL: SELECT * FROM `departments` WHERE ( 1=1 AND id='1' ) LIMIT 1   [ RunTime:0.0000s ]
SQL: SELECT * FROM `groups` WHERE ( 1=1 AND id='1' ) LIMIT 1   [ RunTime:0.0001s ]
SQL: SELECT * FROM `departments` WHERE ( 1=1 AND id='1' ) LIMIT 1   [ RunTime:0.0001s ]
SQL: SELECT * FROM `groups` WHERE ( 1=1 AND id='1' ) LIMIT 1   [ RunTime:0.0001s ]
SQL: SELECT * FROM `departments` WHERE ( 1=1 AND id='1' ) LIMIT 1   [ RunTime:0.0001s ]
SQL: SELECT * FROM `groups` WHERE ( 1=1 AND id='1' ) LIMIT 1   [ RunTime:0.0001s ]
SQL: SELECT * FROM `departments` WHERE ( 1=1 AND id='1' ) LIMIT 1   [ RunTime:0.0001s ]
SQL: SELECT * FROM `groups` WHERE ( 1=1 AND id='1' ) LIMIT 1   [ RunTime:0.0001s ]
SQL: SELECT * FROM `departments` WHERE ( 1=1 AND id='1' ) LIMIT 1   [ RunTime:0.0001s ]
SQL: SELECT * FROM `groups` WHERE ( 1=1 AND id='1' ) LIMIT 1   [ RunTime:0.0001s ]
SQL: SELECT * FROM `departments` WHERE ( 1=1 AND id='1' ) LIMIT 1   [ RunTime:0.0001s ]
SQL: SELECT * FROM `groups` WHERE ( 1=1 AND id='1' ) LIMIT 1   [ RunTime:0.0001s ]
SQL: SELECT * FROM `departments` WHERE ( 1=1 AND id='1' ) LIMIT 1   [ RunTime:0.0001s ]
SQL: SELECT * FROM `groups` WHERE ( 1=1 AND id='1' ) LIMIT 1   [ RunTime:0.0001s ]
SQL: SELECT * FROM `departments` WHERE ( 1=1 AND id='1' ) LIMIT 1   [ RunTime:0.0001s ]
SQL: SELECT * FROM `groups` WHERE ( 1=1 AND id='1' ) LIMIT 1   [ RunTime:0.0001s ]
SQL: SELECT * FROM `departments` WHERE ( 1=1 AND id='1' ) LIMIT 1   [ RunTime:0.0001s ]
SQL: SELECT * FROM `groups` WHERE ( 1=1 AND id='1' ) LIMIT 1   [ RunTime:0.0001s ]
SQL: SELECT * FROM `departments` WHERE ( 1=1 AND id='1' ) LIMIT 1   [ RunTime:0.0001s ]
SQL: SELECT * FROM `groups` WHERE ( 1=1 AND id='1' ) LIMIT 1   [ RunTime:0.0001s ]
SQL: SELECT * FROM `departments` WHERE ( 1=1 AND id='1' ) LIMIT 1   [ RunTime:0.0001s ]
SQL: SELECT * FROM `groups` WHERE ( 1=1 AND id='1' ) LIMIT 1   [ RunTime:0.0001s ]
SQL: SELECT * FROM `departments` WHERE ( 1=1 AND id='1' ) LIMIT 1   [ RunTime:0.0001s ]
SQL: SELECT * FROM `groups` WHERE ( 1=1 AND id='1' ) LIMIT 1   [ RunTime:0.0001s ]
SQL: SELECT * FROM `departments` WHERE ( 1=1 AND id='1' ) LIMIT 1   [ RunTime:0.0001s ]
SQL: SELECT * FROM `groups` WHERE ( 1=1 AND id='1' ) LIMIT 1   [ RunTime:0.0001s ]
SQL: SELECT * FROM `departments` WHERE ( 1=1 AND id='1' ) LIMIT 1   [ RunTime:0.0001s ]
SQL: SELECT * FROM `groups` WHERE ( 1=1 AND id='1' ) LIMIT 1   [ RunTime:0.0001s ]
NOTIC: [8] Undefined index: image /home/cheese/www/bbter/Application/Home/Controller/UserController.class.php 第 551 行.
NOTIC: [8] Undefined index: image /home/cheese/www/bbter/Application/Home/Controller/UserController.class.php 第 551 行.
NOTIC: [8] Undefined index: image /home/cheese/www/bbter/Application/Home/Controller/UserController.class.php 第 551 行.
NOTIC: [8] Undefined index: image /home/cheese/www/bbter/Application/Home/Controller/UserController.class.php 第 551 行.
NOTIC: [8] Undefined index: image /home/cheese/www/bbter/Application/Home/Controller/UserController.class.php 第 551 行.
NOTIC: [8] Undefined index: image /home/cheese/www/bbter/Application/Home/Controller/UserController.class.php 第 551 行.
NOTIC: [8] Undefined index: image /home/cheese/www/bbter/Application/Home/Controller/UserController.class.php 第 551 行.
NOTIC: [8] Undefined index: image /home/cheese/www/bbter/Application/Home/Controller/UserController.class.php 第 551 行.
NOTIC: [8] Undefined index: image /home/cheese/www/bbter/Application/Home/Controller/UserController.class.php 第 551 行.
NOTIC: [8] Undefined index: image /home/cheese/www/bbter/Application/Home/Controller/UserController.class.php 第 551 行.
NOTIC: [8] Undefined index: image /home/cheese/www/bbter/Application/Home/Controller/UserController.class.php 第 551 行.
NOTIC: [8] Undefined index: image /home/cheese/www/bbter/Application/Home/Controller/UserController.class.php 第 551 行.
NOTIC: [8] Undefined index: image /home/cheese/www/bbter/Application/Home/Controller/UserController.class.php 第 551 行.
NOTIC: [8] Undefined index: image /home/cheese/www/bbter/Application/Home/Controller/UserController.class.php 第 551 行.
NOTIC: [8] Undefined index: image /home/cheese/www/bbter/Application/Home/Controller/UserController.class.php 第 551 行.
NOTIC: [8] Undefined index: image /home/cheese/www/bbter/Application/Home/Controller/UserController.class.php 第 551 行.
NOTIC: [8] Undefined index: image /home/cheese/www/bbter/Application/Home/Controller/UserController.class.php 第 551 行.
NOTIC: [8] Undefined index: image /home/cheese/www/bbter/Application/Home/Controller/UserController.class.php 第 551 行.
NOTIC: [8] Undefined index: image /home/cheese/www/bbter/Application/Home/Controller/UserController.class.php 第 551 行.
NOTIC: [8] Undefined index: image /home/cheese/www/bbter/Application/Home/Controller/UserController.class.php 第 551 行.
NOTIC: [8] Undefined index: image /home/cheese/www/bbter/Application/Home/Controller/UserController.class.php 第 551 行.
NOTIC: [8] Undefined index: image /home/cheese/www/bbter/Application/Home/Controller/UserController.class.php 第 551 行.
NOTIC: [8] Undefined index: image /home/cheese/www/bbter/Application/Home/Controller/UserController.class.php 第 551 行.
NOTIC: [8] Undefined index: image /home/cheese/www/bbter/Application/Home/Controller/UserController.class.php 第 551 行.
NOTIC: [8] Undefined index: image /home/cheese/www/bbter/Application/Home/Controller/UserController.class.php 第 551 行.
NOTIC: [8] Undefined index: image /home/cheese/www/bbter/Application/Home/Controller/UserController.class.php 第 551 行.
NOTIC: [8] Undefined index: image /home/cheese/www/bbter/Application/Home/Controller/UserController.class.php 第 551 行.
NOTIC: [8] Undefined index: image /home/cheese/www/bbter/Application/Home/Controller/UserController.class.php 第 551 行.
NOTIC: [8] Undefined index: image /home/cheese/www/bbter/Application/Home/Controller/UserController.class.php 第 551 行.
NOTIC: [8] Undefined index: image /home/cheese/www/bbter/Application/Home/Controller/UserController.class.php 第 551 行.
NOTIC: [8] Undefined index: image /home/cheese/www/bbter/Application/Home/Controller/UserController.class.php 第 551 行.
NOTIC: [8] Undefined index: image /home/cheese/www/bbter/Application/Home/Controller/UserController.class.php 第 551 行.
NOTIC: [8] Undefined index: image /home/cheese/www/bbter/Application/Home/Controller/UserController.class.php 第 551 行.
NOTIC: [8] Undefined index: image /home/cheese/www/bbter/Application/Home/Controller/UserController.class.php 第 551 行.
NOTIC: [8] Undefined index: image /home/cheese/www/bbter/Application/Home/Controller/UserController.class.php 第 551 行.
NOTIC: [8] Undefined index: image /home/cheese/www/bbter/Application/Home/Controller/UserController.class.php 第 551 行.
NOTIC: [8] Undefined index: image /home/cheese/www/bbter/Application/Home/Controller/UserController.class.php 第 551 行.
NOTIC: [8] Undefined index: image /home/cheese/www/bbter/Application/Home/Controller/UserController.class.php 第 551 行.
NOTIC: [8] Undefined index: image /home/cheese/www/bbter/Application/Home/Controller/UserController.class.php 第 551 行.
NOTIC: [8] Undefined index: image /home/cheese/www/bbter/Application/Home/Controller/UserController.class.php 第 551 行.
NOTIC: [8] Undefined index: image /home/cheese/www/bbter/Application/Home/Controller/UserController.class.php 第 551 行.
NOTIC: [8] Undefined index: image /home/cheese/www/bbter/Application/Home/Controller/UserController.class.php 第 551 行.
NOTIC: [8] Undefined index: image /home/cheese/www/bbter/Application/Home/Controller/UserController.class.php 第 551 行.
NOTIC: [8] Undefined index: image /home/cheese/www/bbter/Application/Home/Controller/UserController.class.php 第 551 行.
NOTIC: [8] Undefined index: image /home/cheese/www/bbter/Application/Home/Controller/UserController.class.php 第 551 行.
NOTIC: [8] Undefined index: image /home/cheese/www/bbter/Application/Home/Controller/UserController.class.php 第 551 行.
NOTIC: [8] Undefined index: image /home/cheese/www/bbter/Application/Home/Controller/UserController.class.php 第 551 行.
NOTIC: [8] Undefined index: image /home/cheese/www/bbter/Application/Home/Controller/UserController.class.php 第 551 行.
NOTIC: [8] Undefined index: image /home/cheese/www/bbter/Application/Home/Controller/UserController.class.php 第 551 行.
INFO: [ view_parse ] --START--
INFO: [ template_filter ] --START--
INFO: Run Behavior\ContentReplaceBehavior [ RunTime:0.000028s ]
INFO: [ template_filter ] --END-- [ RunTime:0.000068s ]
INFO: Run Behavior\ParseTemplateBehavior [ RunTime:0.001354s ]
INFO: [ view_parse ] --END-- [ RunTime:0.001398s ]
INFO: [ view_filter ] --START--
INFO: Run Behavior\WriteHtmlCacheBehavior [ RunTime:0.000039s ]
INFO: [ view_filter ] --END-- [ RunTime:0.000069s ]

[ 2015-11-20T21:14:59+08:00 ] 192.168.1.108 /bbter/index.php/Home/User/listRcl
INFO: [ app_init ] --START--
INFO: Run Behavior\BuildLiteBehavior [ RunTime:0.000022s ]
INFO: [ app_init ] --END-- [ RunTime:0.000139s ]
INFO: [ app_begin ] --START--
INFO: Run Behavior\ReadHtmlCacheBehavior [ RunTime:0.000058s ]
INFO: [ app_begin ] --END-- [ RunTime:0.000121s ]
NOTIC: [8] Use of undefined constant Org - assumed 'Org' /home/cheese/www/bbter/Application/Home/Controller/BaseController.class.php 第 5 行.
NOTIC: [8] Use of undefined constant Util - assumed 'Util' /home/cheese/www/bbter/Application/Home/Controller/BaseController.class.php 第 5 行.
NOTIC: [8] Use of undefined constant Token - assumed 'Token' /home/cheese/www/bbter/Application/Home/Controller/BaseController.class.php 第 5 行.
NOTIC: [8] Undefined variable: char /home/cheese/www/bbter/ThinkPHP/Library/Think/Crypt/Driver/Base64.class.php 第 56 行.
NOTIC: [8] Undefined variable: str /home/cheese/www/bbter/ThinkPHP/Library/Think/Crypt/Driver/Base64.class.php 第 63 行.
NOTIC: [8] Undefined variable: char /home/cheese/www/bbter/ThinkPHP/Library/Think/Crypt/Driver/Base64.class.php 第 33 行.
NOTIC: [8] Undefined variable: str /home/cheese/www/bbter/ThinkPHP/Library/Think/Crypt/Driver/Base64.class.php 第 38 行.
SQL: SHOW COLUMNS FROM `users` [ RunTime:0.0012s ]
SQL: SELECT * FROM `users` WHERE `id` = 90 LIMIT 1   [ RunTime:0.0001s ]
SQL: SELECT COUNT(*) AS tp_count FROM `users` WHERE `department_id` = 1 AND `status` <> 'NORMAL' LIMIT 1   [ RunTime:0.0004s ]
SQL: SHOW COLUMNS FROM `users` [ RunTime:0.0010s ]
SQL: SELECT u.*,r.id rid,g.name gname FROM users u,recycles r,groups g WHERE ( u.id = r.user_id AND u.group_id = g.id AND u.department_id=1 AND (u.status = 'RETIRED' OR u.status='LEFT') ) ORDER BY r.id desc LIMIT 0,15   [ RunTime:0.0006s ]
INFO: [ view_parse ] --START--
INFO: [ template_filter ] --START--
INFO: Run Behavior\ContentReplaceBehavior [ RunTime:0.000045s ]
INFO: [ template_filter ] --END-- [ RunTime:0.000111s ]
INFO: Run Behavior\ParseTemplateBehavior [ RunTime:0.001638s ]
INFO: [ view_parse ] --END-- [ RunTime:0.001713s ]
INFO: [ view_filter ] --START--
INFO: Run Behavior\WriteHtmlCacheBehavior [ RunTime:0.000063s ]
INFO: [ view_filter ] --END-- [ RunTime:0.000117s ]

[ 2015-11-20T21:14:59+08:00 ] 192.168.1.108 /bbter/index.php/Home/User/dprtall
INFO: [ app_init ] --START--
INFO: Run Behavior\BuildLiteBehavior [ RunTime:0.000019s ]
INFO: [ app_init ] --END-- [ RunTime:0.000133s ]
INFO: [ app_begin ] --START--
INFO: Run Behavior\ReadHtmlCacheBehavior [ RunTime:0.000085s ]
INFO: [ app_begin ] --END-- [ RunTime:0.000150s ]
NOTIC: [8] Use of undefined constant Org - assumed 'Org' /home/cheese/www/bbter/Application/Home/Controller/BaseController.class.php 第 5 行.
NOTIC: [8] Use of undefined constant Util - assumed 'Util' /home/cheese/www/bbter/Application/Home/Controller/BaseController.class.php 第 5 行.
NOTIC: [8] Use of undefined constant Token - assumed 'Token' /home/cheese/www/bbter/Application/Home/Controller/BaseController.class.php 第 5 行.
NOTIC: [8] Undefined variable: char /home/cheese/www/bbter/ThinkPHP/Library/Think/Crypt/Driver/Base64.class.php 第 56 行.
NOTIC: [8] Undefined variable: str /home/cheese/www/bbter/ThinkPHP/Library/Think/Crypt/Driver/Base64.class.php 第 63 行.
NOTIC: [8] Undefined variable: char /home/cheese/www/bbter/ThinkPHP/Library/Think/Crypt/Driver/Base64.class.php 第 33 行.
NOTIC: [8] Undefined variable: str /home/cheese/www/bbter/ThinkPHP/Library/Think/Crypt/Driver/Base64.class.php 第 38 行.
SQL: SHOW COLUMNS FROM `users` [ RunTime:0.0012s ]
SQL: SELECT * FROM `users` WHERE `id` = 90 LIMIT 1   [ RunTime:0.0002s ]
SQL: SHOW COLUMNS FROM `users` [ RunTime:0.0011s ]
SQL: SELECT * FROM `users` WHERE `department_id` = 1 AND `status` = 'NORMAL' ORDER BY group_id desc  [ RunTime:0.0002s ]
SQL: SHOW COLUMNS FROM `departments` [ RunTime:0.0008s ]
SQL: SELECT * FROM `departments` WHERE ( 1=1 AND id='1' ) LIMIT 1   [ RunTime:0.0002s ]
SQL: SHOW COLUMNS FROM `groups` [ RunTime:0.0007s ]
SQL: SELECT * FROM `groups` WHERE ( 1=1 AND id='5' ) LIMIT 1   [ RunTime:0.0001s ]
SQL: SELECT * FROM `departments` WHERE ( 1=1 AND id='1' ) LIMIT 1   [ RunTime:0.0001s ]
SQL: SELECT * FROM `groups` WHERE ( 1=1 AND id='5' ) LIMIT 1   [ RunTime:0.0001s ]
SQL: SELECT * FROM `departments` WHERE ( 1=1 AND id='1' ) LIMIT 1   [ RunTime:0.0001s ]
SQL: SELECT * FROM `groups` WHERE ( 1=1 AND id='5' ) LIMIT 1   [ RunTime:0.0001s ]
SQL: SELECT * FROM `departments` WHERE ( 1=1 AND id='1' ) LIMIT 1   [ RunTime:0.0001s ]
SQL: SELECT * FROM `groups` WHERE ( 1=1 AND id='5' ) LIMIT 1   [ RunTime:0.0002s ]
SQL: SELECT * FROM `departments` WHERE ( 1=1 AND id='1' ) LIMIT 1   [ RunTime:0.0001s ]
SQL: SELECT * FROM `groups` WHERE ( 1=1 AND id='4' ) LIMIT 1   [ RunTime:0.0001s ]
SQL: SELECT * FROM `departments` WHERE ( 1=1 AND id='1' ) LIMIT 1   [ RunTime:0.0001s ]
SQL: SELECT * FROM `groups` WHERE ( 1=1 AND id='4' ) LIMIT 1   [ RunTime:0.0001s ]
SQL: SELECT * FROM `departments` WHERE ( 1=1 AND id='1' ) LIMIT 1   [ RunTime:0.0001s ]
SQL: SELECT * FROM `groups` WHERE ( 1=1 AND id='4' ) LIMIT 1   [ RunTime:0.0001s ]
SQL: SELECT * FROM `departments` WHERE ( 1=1 AND id='1' ) LIMIT 1   [ RunTime:0.0001s ]
SQL: SELECT * FROM `groups` WHERE ( 1=1 AND id='4' ) LIMIT 1   [ RunTime:0.0001s ]
SQL: SELECT * FROM `departments` WHERE ( 1=1 AND id='1' ) LIMIT 1   [ RunTime:0.0001s ]
SQL: SELECT * FROM `groups` WHERE ( 1=1 AND id='3' ) LIMIT 1   [ RunTime:0.0001s ]
SQL: SELECT * FROM `departments` WHERE ( 1=1 AND id='1' ) LIMIT 1   [ RunTime:0.0001s ]
SQL: SELECT * FROM `groups` WHERE ( 1=1 AND id='3' ) LIMIT 1   [ RunTime:0.0001s ]
SQL: SELECT * FROM `departments` WHERE ( 1=1 AND id='1' ) LIMIT 1   [ RunTime:0.0001s ]
SQL: SELECT * FROM `groups` WHERE ( 1=1 AND id='3' ) LIMIT 1   [ RunTime:0.0001s ]
SQL: SELECT * FROM `departments` WHERE ( 1=1 AND id='1' ) LIMIT 1   [ RunTime:0.0001s ]
SQL: SELECT * FROM `groups` WHERE ( 1=1 AND id='3' ) LIMIT 1   [ RunTime:0.0001s ]
SQL: SELECT * FROM `departments` WHERE ( 1=1 AND id='1' ) LIMIT 1   [ RunTime:0.0001s ]
SQL: SELECT * FROM `groups` WHERE ( 1=1 AND id='3' ) LIMIT 1   [ RunTime:0.0001s ]
SQL: SELECT * FROM `departments` WHERE ( 1=1 AND id='1' ) LIMIT 1   [ RunTime:0.0001s ]
SQL: SELECT * FROM `groups` WHERE ( 1=1 AND id='3' ) LIMIT 1   [ RunTime:0.0001s ]
SQL: SELECT * FROM `departments` WHERE ( 1=1 AND id='1' ) LIMIT 1   [ RunTime:0.0001s ]
SQL: SELECT * FROM `groups` WHERE ( 1=1 AND id='3' ) LIMIT 1   [ RunTime:0.0001s ]
SQL: SELECT * FROM `departments` WHERE ( 1=1 AND id='1' ) LIMIT 1   [ RunTime:0.0001s ]
SQL: SELECT * FROM `groups` WHERE ( 1=1 AND id='3' ) LIMIT 1   [ RunTime:0.0001s ]
SQL: SELECT * FROM `departments` WHERE ( 1=1 AND id='1' ) LIMIT 1   [ RunTime:0.0001s ]
SQL: SELECT * FROM `groups` WHERE ( 1=1 AND id='3' ) LIMIT 1   [ RunTime:0.0001s ]
SQL: SELECT * FROM `departments` WHERE ( 1=1 AND id='1' ) LIMIT 1   [ RunTime:0.0001s ]
SQL: SELECT * FROM `groups` WHERE ( 1=1 AND id='2' ) LIMIT 1   [ RunTime:0.0001s ]
SQL: SELECT * FROM `departments` WHERE ( 1=1 AND id='1' ) LIMIT 1   [ RunTime:0.0001s ]
SQL: SELECT * FROM `groups` WHERE ( 1=1 AND id='2' ) LIMIT 1   [ RunTime:0.0001s ]
SQL: SELECT * FROM `departments` WHERE ( 1=1 AND id='1' ) LIMIT 1   [ RunTime:0.0001s ]
SQL: SELECT * FROM `groups` WHERE ( 1=1 AND id='2' ) LIMIT 1   [ RunTime:0.0001s ]
SQL: SELECT * FROM `departments` WHERE ( 1=1 AND id='1' ) LIMIT 1   [ RunTime:0.0001s ]
SQL: SELECT * FROM `groups` WHERE ( 1=1 AND id='2' ) LIMIT 1   [ RunTime:0.0001s ]
SQL: SELECT * FROM `departments` WHERE ( 1=1 AND id='1' ) LIMIT 1   [ RunTime:0.0001s ]
SQL: SELECT * FROM `groups` WHERE ( 1=1 AND id='2' ) LIMIT 1   [ RunTime:0.0001s ]
SQL: SELECT * FROM `departments` WHERE ( 1=1 AND id='1' ) LIMIT 1   [ RunTime:0.0001s ]
SQL: SELECT * FROM `groups` WHERE ( 1=1 AND id='1' ) LIMIT 1   [ RunTime:0.0001s ]
SQL: SELECT * FROM `departments` WHERE ( 1=1 AND id='1' ) LIMIT 1   [ RunTime:0.0001s ]
SQL: SELECT * FROM `groups` WHERE ( 1=1 AND id='1' ) LIMIT 1   [ RunTime:0.0000s ]
SQL: SELECT * FROM `departments` WHERE ( 1=1 AND id='1' ) LIMIT 1   [ RunTime:0.0000s ]
SQL: SELECT * FROM `groups` WHERE ( 1=1 AND id='1' ) LIMIT 1   [ RunTime:0.0000s ]
SQL: SELECT * FROM `departments` WHERE ( 1=1 AND id='1' ) LIMIT 1   [ RunTime:0.0000s ]
SQL: SELECT * FROM `groups` WHERE ( 1=1 AND id='1' ) LIMIT 1   [ RunTime:0.0000s ]
SQL: SELECT * FROM `departments` WHERE ( 1=1 AND id='1' ) LIMIT 1   [ RunTime:0.0000s ]
SQL: SELECT * FROM `groups` WHERE ( 1=1 AND id='1' ) LIMIT 1   [ RunTime:0.0000s ]
SQL: SELECT * FROM `departments` WHERE ( 1=1 AND id='1' ) LIMIT 1   [ RunTime:0.0000s ]
SQL: SELECT * FROM `groups` WHERE ( 1=1 AND id='1' ) LIMIT 1   [ RunTime:0.0000s ]
SQL: SELECT * FROM `departments` WHERE ( 1=1 AND id='1' ) LIMIT 1   [ RunTime:0.0000s ]
SQL: SELECT * FROM `groups` WHERE ( 1=1 AND id='1' ) LIMIT 1   [ RunTime:0.0000s ]
SQL: SELECT * FROM `departments` WHERE ( 1=1 AND id='1' ) LIMIT 1   [ RunTime:0.0000s ]
SQL: SELECT * FROM `groups` WHERE ( 1=1 AND id='1' ) LIMIT 1   [ RunTime:0.0000s ]
SQL: SELECT * FROM `departments` WHERE ( 1=1 AND id='1' ) LIMIT 1   [ RunTime:0.0000s ]
SQL: SELECT * FROM `groups` WHERE ( 1=1 AND id='1' ) LIMIT 1   [ RunTime:0.0000s ]
SQL: SELECT * FROM `departments` WHERE ( 1=1 AND id='1' ) LIMIT 1   [ RunTime:0.0000s ]
SQL: SELECT * FROM `groups` WHERE ( 1=1 AND id='1' ) LIMIT 1   [ RunTime:0.0000s ]
SQL: SELECT * FROM `departments` WHERE ( 1=1 AND id='1' ) LIMIT 1   [ RunTime:0.0001s ]
SQL: SELECT * FROM `groups` WHERE ( 1=1 AND id='1' ) LIMIT 1   [ RunTime:0.0000s ]
SQL: SELECT * FROM `departments` WHERE ( 1=1 AND id='1' ) LIMIT 1   [ RunTime:0.0000s ]
SQL: SELECT * FROM `groups` WHERE ( 1=1 AND id='1' ) LIMIT 1   [ RunTime:0.0000s ]
SQL: SELECT * FROM `departments` WHERE ( 1=1 AND id='1' ) LIMIT 1   [ RunTime:0.0000s ]
SQL: SELECT * FROM `groups` WHERE ( 1=1 AND id='1' ) LIMIT 1   [ RunTime:0.0000s ]
SQL: SELECT * FROM `departments` WHERE ( 1=1 AND id='1' ) LIMIT 1   [ RunTime:0.0000s ]
SQL: SELECT * FROM `groups` WHERE ( 1=1 AND id='1' ) LIMIT 1   [ RunTime:0.0000s ]
SQL: SELECT * FROM `departments` WHERE ( 1=1 AND id='1' ) LIMIT 1   [ RunTime:0.0001s ]
SQL: SELECT * FROM `groups` WHERE ( 1=1 AND id='1' ) LIMIT 1   [ RunTime:0.0000s ]
SQL: SELECT * FROM `departments` WHERE ( 1=1 AND id='1' ) LIMIT 1   [ RunTime:0.0001s ]
SQL: SELECT * FROM `groups` WHERE ( 1=1 AND id='1' ) LIMIT 1   [ RunTime:0.0000s ]
SQL: SELECT * FROM `departments` WHERE ( 1=1 AND id='1' ) LIMIT 1   [ RunTime:0.0000s ]
SQL: SELECT * FROM `groups` WHERE ( 1=1 AND id='1' ) LIMIT 1   [ RunTime:0.0000s ]
SQL: SELECT * FROM `departments` WHERE ( 1=1 AND id='1' ) LIMIT 1   [ RunTime:0.0000s ]
SQL: SELECT * FROM `groups` WHERE ( 1=1 AND id='1' ) LIMIT 1   [ RunTime:0.0001s ]
SQL: SELECT * FROM `departments` WHERE ( 1=1 AND id='1' ) LIMIT 1   [ RunTime:0.0001s ]
SQL: SELECT * FROM `groups` WHERE ( 1=1 AND id='1' ) LIMIT 1   [ RunTime:0.0001s ]
SQL: SELECT * FROM `departments` WHERE ( 1=1 AND id='1' ) LIMIT 1   [ RunTime:0.0001s ]
SQL: SELECT * FROM `groups` WHERE ( 1=1 AND id='1' ) LIMIT 1   [ RunTime:0.0001s ]
SQL: SELECT * FROM `departments` WHERE ( 1=1 AND id='1' ) LIMIT 1   [ RunTime:0.0000s ]
SQL: SELECT * FROM `groups` WHERE ( 1=1 AND id='1' ) LIMIT 1   [ RunTime:0.0000s ]
SQL: SELECT * FROM `departments` WHERE ( 1=1 AND id='1' ) LIMIT 1   [ RunTime:0.0001s ]
SQL: SELECT * FROM `groups` WHERE ( 1=1 AND id='1' ) LIMIT 1   [ RunTime:0.0000s ]
SQL: SELECT * FROM `departments` WHERE ( 1=1 AND id='1' ) LIMIT 1   [ RunTime:0.0000s ]
SQL: SELECT * FROM `groups` WHERE ( 1=1 AND id='1' ) LIMIT 1   [ RunTime:0.0000s ]
SQL: SELECT * FROM `departments` WHERE ( 1=1 AND id='1' ) LIMIT 1   [ RunTime:0.0000s ]
SQL: SELECT * FROM `groups` WHERE ( 1=1 AND id='1' ) LIMIT 1   [ RunTime:0.0000s ]
SQL: SELECT * FROM `departments` WHERE ( 1=1 AND id='1' ) LIMIT 1   [ RunTime:0.0000s ]
SQL: SELECT * FROM `groups` WHERE ( 1=1 AND id='1' ) LIMIT 1   [ RunTime:0.0000s ]
SQL: SELECT * FROM `departments` WHERE ( 1=1 AND id='1' ) LIMIT 1   [ RunTime:0.0000s ]
SQL: SELECT * FROM `groups` WHERE ( 1=1 AND id='1' ) LIMIT 1   [ RunTime:0.0000s ]
SQL: SELECT * FROM `departments` WHERE ( 1=1 AND id='1' ) LIMIT 1   [ RunTime:0.0000s ]
SQL: SELECT * FROM `groups` WHERE ( 1=1 AND id='1' ) LIMIT 1   [ RunTime:0.0000s ]
NOTIC: [8] Undefined index: image /home/cheese/www/bbter/Application/Home/Controller/UserController.class.php 第 551 行.
NOTIC: [8] Undefined index: image /home/cheese/www/bbter/Application/Home/Controller/UserController.class.php 第 551 行.
NOTIC: [8] Undefined index: image /home/cheese/www/bbter/Application/Home/Controller/UserController.class.php 第 551 行.
NOTIC: [8] Undefined index: image /home/cheese/www/bbter/Application/Home/Controller/UserController.class.php 第 551 行.
NOTIC: [8] Undefined index: image /home/cheese/www/bbter/Application/Home/Controller/UserController.class.php 第 551 行.
NOTIC: [8] Undefined index: image /home/cheese/www/bbter/Application/Home/Controller/UserController.class.php 第 551 行.
NOTIC: [8] Undefined index: image /home/cheese/www/bbter/Application/Home/Controller/UserController.class.php 第 551 行.
NOTIC: [8] Undefined index: image /home/cheese/www/bbter/Application/Home/Controller/UserController.class.php 第 551 行.
NOTIC: [8] Undefined index: image /home/cheese/www/bbter/Application/Home/Controller/UserController.class.php 第 551 行.
NOTIC: [8] Undefined index: image /home/cheese/www/bbter/Application/Home/Controller/UserController.class.php 第 551 行.
NOTIC: [8] Undefined index: image /home/cheese/www/bbter/Application/Home/Controller/UserController.class.php 第 551 行.
NOTIC: [8] Undefined index: image /home/cheese/www/bbter/Application/Home/Controller/UserController.class.php 第 551 行.
NOTIC: [8] Undefined index: image /home/cheese/www/bbter/Application/Home/Controller/UserController.class.php 第 551 行.
NOTIC: [8] Undefined index: image /home/cheese/www/bbter/Application/Home/Controller/UserController.class.php 第 551 行.
NOTIC: [8] Undefined index: image /home/cheese/www/bbter/Application/Home/Controller/UserController.class.php 第 551 行.
NOTIC: [8] Undefined index: image /home/cheese/www/bbter/Application/Home/Controller/UserController.class.php 第 551 行.
NOTIC: [8] Undefined index: image /home/cheese/www/bbter/Application/Home/Controller/UserController.class.php 第 551 行.
NOTIC: [8] Undefined index: image /home/cheese/www/bbter/Application/Home/Controller/UserController.class.php 第 551 行.
NOTIC: [8] Undefined index: image /home/cheese/www/bbter/Application/Home/Controller/UserController.class.php 第 551 行.
NOTIC: [8] Undefined index: image /home/cheese/www/bbter/Application/Home/Controller/UserController.class.php 第 551 行.
NOTIC: [8] Undefined index: image /home/cheese/www/bbter/Application/Home/Controller/UserController.class.php 第 551 行.
NOTIC: [8] Undefined index: image /home/cheese/www/bbter/Application/Home/Controller/UserController.class.php 第 551 行.
NOTIC: [8] Undefined index: image /home/cheese/www/bbter/Application/Home/Controller/UserController.class.php 第 551 行.
NOTIC: [8] Undefined index: image /home/cheese/www/bbter/Application/Home/Controller/UserController.class.php 第 551 行.
NOTIC: [8] Undefined index: image /home/cheese/www/bbter/Application/Home/Controller/UserController.class.php 第 551 行.
NOTIC: [8] Undefined index: image /home/cheese/www/bbter/Application/Home/Controller/UserController.class.php 第 551 行.
NOTIC: [8] Undefined index: image /home/cheese/www/bbter/Application/Home/Controller/UserController.class.php 第 551 行.
NOTIC: [8] Undefined index: image /home/cheese/www/bbter/Application/Home/Controller/UserController.class.php 第 551 行.
NOTIC: [8] Undefined index: image /home/cheese/www/bbter/Application/Home/Controller/UserController.class.php 第 551 行.
NOTIC: [8] Undefined index: image /home/cheese/www/bbter/Application/Home/Controller/UserController.class.php 第 551 行.
NOTIC: [8] Undefined index: image /home/cheese/www/bbter/Application/Home/Controller/UserController.class.php 第 551 行.
NOTIC: [8] Undefined index: image /home/cheese/www/bbter/Application/Home/Controller/UserController.class.php 第 551 行.
NOTIC: [8] Undefined index: image /home/cheese/www/bbter/Application/Home/Controller/UserController.class.php 第 551 行.
NOTIC: [8] Undefined index: image /home/cheese/www/bbter/Application/Home/Controller/UserController.class.php 第 551 行.
NOTIC: [8] Undefined index: image /home/cheese/www/bbter/Application/Home/Controller/UserController.class.php 第 551 行.
NOTIC: [8] Undefined index: image /home/cheese/www/bbter/Application/Home/Controller/UserController.class.php 第 551 行.
NOTIC: [8] Undefined index: image /home/cheese/www/bbter/Application/Home/Controller/UserController.class.php 第 551 行.
NOTIC: [8] Undefined index: image /home/cheese/www/bbter/Application/Home/Controller/UserController.class.php 第 551 行.
NOTIC: [8] Undefined index: image /home/cheese/www/bbter/Application/Home/Controller/UserController.class.php 第 551 行.
NOTIC: [8] Undefined index: image /home/cheese/www/bbter/Application/Home/Controller/UserController.class.php 第 551 行.
NOTIC: [8] Undefined index: image /home/cheese/www/bbter/Application/Home/Controller/UserController.class.php 第 551 行.
NOTIC: [8] Undefined index: image /home/cheese/www/bbter/Application/Home/Controller/UserController.class.php 第 551 行.
NOTIC: [8] Undefined index: image /home/cheese/www/bbter/Application/Home/Controller/UserController.class.php 第 551 行.
NOTIC: [8] Undefined index: image /home/cheese/www/bbter/Application/Home/Controller/UserController.class.php 第 551 行.
NOTIC: [8] Undefined index: image /home/cheese/www/bbter/Application/Home/Controller/UserController.class.php 第 551 行.
NOTIC: [8] Undefined index: image /home/cheese/www/bbter/Application/Home/Controller/UserController.class.php 第 551 行.
NOTIC: [8] Undefined index: image /home/cheese/www/bbter/Application/Home/Controller/UserController.class.php 第 551 行.
NOTIC: [8] Undefined index: image /home/cheese/www/bbter/Application/Home/Controller/UserController.class.php 第 551 行.
NOTIC: [8] Undefined index: image /home/cheese/www/bbter/Application/Home/Controller/UserController.class.php 第 551 行.
INFO: [ view_parse ] --START--
INFO: [ template_filter ] --START--
INFO: Run Behavior\ContentReplaceBehavior [ RunTime:0.000029s ]
INFO: [ template_filter ] --END-- [ RunTime:0.000073s ]
INFO: Run Behavior\ParseTemplateBehavior [ RunTime:0.001015s ]
INFO: [ view_parse ] --END-- [ RunTime:0.001059s ]
INFO: [ view_filter ] --START--
INFO: Run Behavior\WriteHtmlCacheBehavior [ RunTime:0.000030s ]
INFO: [ view_filter ] --END-- [ RunTime:0.000059s ]

[ 2015-11-20T21:15:00+08:00 ] 192.168.1.108 /bbter/index.php/Home/User/listall
INFO: [ app_init ] --START--
INFO: Run Behavior\BuildLiteBehavior [ RunTime:0.000019s ]
INFO: [ app_init ] --END-- [ RunTime:0.000128s ]
INFO: [ app_begin ] --START--
INFO: Run Behavior\ReadHtmlCacheBehavior [ RunTime:0.000049s ]
INFO: [ app_begin ] --END-- [ RunTime:0.000112s ]
NOTIC: [8] Use of undefined constant Org - assumed 'Org' /home/cheese/www/bbter/Application/Home/Controller/BaseController.class.php 第 5 行.
NOTIC: [8] Use of undefined constant Util - assumed 'Util' /home/cheese/www/bbter/Application/Home/Controller/BaseController.class.php 第 5 行.
NOTIC: [8] Use of undefined constant Token - assumed 'Token' /home/cheese/www/bbter/Application/Home/Controller/BaseController.class.php 第 5 行.
NOTIC: [8] Undefined variable: char /home/cheese/www/bbter/ThinkPHP/Library/Think/Crypt/Driver/Base64.class.php 第 56 行.
NOTIC: [8] Undefined variable: str /home/cheese/www/bbter/ThinkPHP/Library/Think/Crypt/Driver/Base64.class.php 第 63 行.
NOTIC: [8] Undefined variable: char /home/cheese/www/bbter/ThinkPHP/Library/Think/Crypt/Driver/Base64.class.php 第 33 行.
NOTIC: [8] Undefined variable: str /home/cheese/www/bbter/ThinkPHP/Library/Think/Crypt/Driver/Base64.class.php 第 38 行.
SQL: SHOW COLUMNS FROM `users` [ RunTime:0.0012s ]
SQL: SELECT * FROM `users` WHERE `id` = 90 LIMIT 1   [ RunTime:0.0001s ]
SQL: SHOW COLUMNS FROM `users` [ RunTime:0.0010s ]
SQL: SELECT `users`.*,`departments`.`name` AS 'dprtname',`groups`.`name` AS 'grpname' FROM `departments`,`users`,`groups` WHERE  `users`.`department_id` = `departments`.`id` AND `users`.`group_id` = `groups`.`id` AND `users`.`completed`=1 AND `groups`.`id` != 5  AND `status`='NORMAL'ORDER BY group_id desc LIMIT 0,15 [ RunTime:0.0001s ]
SQL: SELECT count(*) AS cnt FROM `departments`,`users`,`groups` WHERE  `users`.`department_id` = `departments`.`id` AND `users`.`group_id` = `groups`.`id` AND `users`.`completed`=1 AND `groups`.`id` != 5  AND `status`='NORMAL' [ RunTime:0.0001s ]
NOTIC: [8] Undefined index: image /home/cheese/www/bbter/Application/Home/Controller/UserController.class.php 第 519 行.
NOTIC: [8] Undefined index: image /home/cheese/www/bbter/Application/Home/Controller/UserController.class.php 第 519 行.
NOTIC: [8] Undefined index: image /home/cheese/www/bbter/Application/Home/Controller/UserController.class.php 第 519 行.
NOTIC: [8] Undefined index: image /home/cheese/www/bbter/Application/Home/Controller/UserController.class.php 第 519 行.
NOTIC: [8] Undefined index: image /home/cheese/www/bbter/Application/Home/Controller/UserController.class.php 第 519 行.
NOTIC: [8] Undefined index: image /home/cheese/www/bbter/Application/Home/Controller/UserController.class.php 第 519 行.
NOTIC: [8] Undefined index: image /home/cheese/www/bbter/Application/Home/Controller/UserController.class.php 第 519 行.
NOTIC: [8] Undefined index: image /home/cheese/www/bbter/Application/Home/Controller/UserController.class.php 第 519 行.
NOTIC: [8] Undefined index: image /home/cheese/www/bbter/Application/Home/Controller/UserController.class.php 第 519 行.
NOTIC: [8] Undefined index: image /home/cheese/www/bbter/Application/Home/Controller/UserController.class.php 第 519 行.
NOTIC: [8] Undefined index: image /home/cheese/www/bbter/Application/Home/Controller/UserController.class.php 第 519 行.
NOTIC: [8] Undefined index: image /home/cheese/www/bbter/Application/Home/Controller/UserController.class.php 第 519 行.
NOTIC: [8] Undefined index: image /home/cheese/www/bbter/Application/Home/Controller/UserController.class.php 第 519 行.
NOTIC: [8] Undefined index: image /home/cheese/www/bbter/Application/Home/Controller/UserController.class.php 第 519 行.
NOTIC: [8] Undefined index: image /home/cheese/www/bbter/Application/Home/Controller/UserController.class.php 第 519 行.
INFO: [ view_parse ] --START--
INFO: [ template_filter ] --START--
INFO: Run Behavior\ContentReplaceBehavior [ RunTime:0.000032s ]
INFO: [ template_filter ] --END-- [ RunTime:0.000084s ]
INFO: Run Behavior\ParseTemplateBehavior [ RunTime:0.001138s ]
INFO: [ view_parse ] --END-- [ RunTime:0.001195s ]
INFO: [ view_filter ] --START--
INFO: Run Behavior\WriteHtmlCacheBehavior [ RunTime:0.000047s ]
INFO: [ view_filter ] --END-- [ RunTime:0.000085s ]

[ 2015-11-20T21:15:01+08:00 ] 192.168.1.108 /bbter/index.php/Home/Department/listAll
INFO: [ app_init ] --START--
INFO: Run Behavior\BuildLiteBehavior [ RunTime:0.000019s ]
INFO: [ app_init ] --END-- [ RunTime:0.000131s ]
INFO: [ app_begin ] --START--
INFO: Run Behavior\ReadHtmlCacheBehavior [ RunTime:0.000051s ]
INFO: [ app_begin ] --END-- [ RunTime:0.000115s ]
NOTIC: [8] Use of undefined constant Org - assumed 'Org' /home/cheese/www/bbter/Application/Home/Controller/BaseController.class.php 第 5 行.
NOTIC: [8] Use of undefined constant Util - assumed 'Util' /home/cheese/www/bbter/Application/Home/Controller/BaseController.class.php 第 5 行.
NOTIC: [8] Use of undefined constant Token - assumed 'Token' /home/cheese/www/bbter/Application/Home/Controller/BaseController.class.php 第 5 行.
NOTIC: [8] Undefined variable: char /home/cheese/www/bbter/ThinkPHP/Library/Think/Crypt/Driver/Base64.class.php 第 56 行.
NOTIC: [8] Undefined variable: str /home/cheese/www/bbter/ThinkPHP/Library/Think/Crypt/Driver/Base64.class.php 第 63 行.
NOTIC: [8] Undefined variable: char /home/cheese/www/bbter/ThinkPHP/Library/Think/Crypt/Driver/Base64.class.php 第 33 行.
NOTIC: [8] Undefined variable: str /home/cheese/www/bbter/ThinkPHP/Library/Think/Crypt/Driver/Base64.class.php 第 38 行.
SQL: SHOW COLUMNS FROM `users` [ RunTime:0.0012s ]
SQL: SELECT * FROM `users` WHERE `id` = 90 LIMIT 1   [ RunTime:0.0002s ]
SQL: SHOW COLUMNS FROM `departments` [ RunTime:0.0007s ]
SQL: SELECT * FROM `departments`  [ RunTime:0.0003s ]
INFO: [ view_parse ] --START--
INFO: [ template_filter ] --START--
INFO: Run Behavior\ContentReplaceBehavior [ RunTime:0.000045s ]
INFO: [ template_filter ] --END-- [ RunTime:0.000110s ]
INFO: Run Behavior\ParseTemplateBehavior [ RunTime:0.001583s ]
INFO: [ view_parse ] --END-- [ RunTime:0.001653s ]
INFO: [ view_filter ] --START--
INFO: Run Behavior\WriteHtmlCacheBehavior [ RunTime:0.000052s ]
INFO: [ view_filter ] --END-- [ RunTime:0.000103s ]

