[ 2015-11-24T19:36:55+08:00 ] 127.0.0.1 /bbter/index.php/home/Login
INFO: [ app_init ] --START--
INFO: Run Behavior\BuildLiteBehavior [ RunTime:0.000018s ]
INFO: [ app_init ] --END-- [ RunTime:0.000986s ]
INFO: [ app_begin ] --START--
INFO: Run Behavior\ReadHtmlCacheBehavior [ RunTime:0.001674s ]
INFO: [ app_begin ] --END-- [ RunTime:0.001805s ]
NOTIC: [8] Use of undefined constant Org - assumed 'Org' /home/cheese/www/bbter/Application/Home/Controller/LoginController.class.php 第 5 行.
NOTIC: [8] Use of undefined constant Util - assumed 'Util' /home/cheese/www/bbter/Application/Home/Controller/LoginController.class.php 第 5 行.
NOTIC: [8] Use of undefined constant Token - assumed 'Token' /home/cheese/www/bbter/Application/Home/Controller/LoginController.class.php 第 5 行.
INFO: [ view_parse ] --START--
INFO: [ template_filter ] --START--
INFO: Run Behavior\ContentReplaceBehavior [ RunTime:0.000038s ]
INFO: [ template_filter ] --END-- [ RunTime:0.000090s ]
INFO: Run Behavior\ParseTemplateBehavior [ RunTime:0.020194s ]
INFO: [ view_parse ] --END-- [ RunTime:0.020291s ]
INFO: [ view_filter ] --START--
INFO: Run Behavior\WriteHtmlCacheBehavior [ RunTime:0.016699s ]
INFO: [ view_filter ] --END-- [ RunTime:0.016764s ]

[ 2015-11-24T19:39:00+08:00 ] 127.0.0.1 /bbter/index.php/home/Login/studentno/201330550320/password/fcea920f7412b5da7be0cf42b8c93759
INFO: [ app_init ] --START--
INFO: Run Behavior\BuildLiteBehavior [ RunTime:0.000019s ]
INFO: [ app_init ] --END-- [ RunTime:0.000131s ]
INFO: [ app_begin ] --START--
INFO: Run Behavior\ReadHtmlCacheBehavior [ RunTime:0.000069s ]
INFO: [ app_begin ] --END-- [ RunTime:0.000129s ]
NOTIC: [8] Use of undefined constant Org - assumed 'Org' /home/cheese/www/bbter/Application/Home/Controller/LoginController.class.php 第 5 行.
NOTIC: [8] Use of undefined constant Util - assumed 'Util' /home/cheese/www/bbter/Application/Home/Controller/LoginController.class.php 第 5 行.
NOTIC: [8] Use of undefined constant Token - assumed 'Token' /home/cheese/www/bbter/Application/Home/Controller/LoginController.class.php 第 5 行.
ERR: 非法操作:studentno

[ 2015-11-24T19:39:13+08:00 ] 127.0.0.1 /bbter/index.php/home/Login/index/studentno/201330550320/password/fcea920f7412b5da7be0cf42b8c93759
INFO: [ app_init ] --START--
INFO: Run Behavior\BuildLiteBehavior [ RunTime:0.000028s ]
INFO: [ app_init ] --END-- [ RunTime:0.000212s ]
INFO: [ app_begin ] --START--
INFO: Run Behavior\ReadHtmlCacheBehavior [ RunTime:0.000105s ]
INFO: [ app_begin ] --END-- [ RunTime:0.000212s ]
NOTIC: [8] Use of undefined constant Org - assumed 'Org' /home/cheese/www/bbter/Application/Home/Controller/LoginController.class.php 第 5 行.
NOTIC: [8] Use of undefined constant Util - assumed 'Util' /home/cheese/www/bbter/Application/Home/Controller/LoginController.class.php 第 5 行.
NOTIC: [8] Use of undefined constant Token - assumed 'Token' /home/cheese/www/bbter/Application/Home/Controller/LoginController.class.php 第 5 行.
INFO: [ view_parse ] --START--
INFO: [ template_filter ] --START--
INFO: Run Behavior\ContentReplaceBehavior [ RunTime:0.000041s ]
INFO: [ template_filter ] --END-- [ RunTime:0.000109s ]
INFO: Run Behavior\ParseTemplateBehavior [ RunTime:0.001444s ]
INFO: [ view_parse ] --END-- [ RunTime:0.001499s ]
INFO: [ view_filter ] --START--
INFO: Run Behavior\WriteHtmlCacheBehavior [ RunTime:0.000059s ]
INFO: [ view_filter ] --END-- [ RunTime:0.000105s ]

[ 2015-11-24T19:44:55+08:00 ] 192.168.1.117 /bbter/index.php/Home/Login/index
INFO: [ app_init ] --START--
INFO: Run Behavior\BuildLiteBehavior [ RunTime:0.000019s ]
INFO: [ app_init ] --END-- [ RunTime:0.000140s ]
INFO: [ app_begin ] --START--
INFO: Run Behavior\ReadHtmlCacheBehavior [ RunTime:0.000058s ]
INFO: [ app_begin ] --END-- [ RunTime:0.000121s ]
NOTIC: [8] Use of undefined constant Org - assumed 'Org' /home/cheese/www/bbter/Application/Home/Controller/LoginController.class.php 第 5 行.
NOTIC: [8] Use of undefined constant Util - assumed 'Util' /home/cheese/www/bbter/Application/Home/Controller/LoginController.class.php 第 5 行.
NOTIC: [8] Use of undefined constant Token - assumed 'Token' /home/cheese/www/bbter/Application/Home/Controller/LoginController.class.php 第 5 行.
SQL: SHOW COLUMNS FROM `users` [ RunTime:0.0012s ]
SQL: SELECT * FROM `users` WHERE ( student_number = 201330550320 ) LIMIT 1   [ RunTime:0.0002s ]
NOTIC: [8] Undefined variable: char /home/cheese/www/bbter/ThinkPHP/Library/Think/Crypt/Driver/Base64.class.php 第 33 行.
NOTIC: [8] Undefined variable: str /home/cheese/www/bbter/ThinkPHP/Library/Think/Crypt/Driver/Base64.class.php 第 38 行.
INFO: [ view_parse ] --START--
INFO: [ template_filter ] --START--
INFO: Run Behavior\ContentReplaceBehavior [ RunTime:0.000047s ]
INFO: [ template_filter ] --END-- [ RunTime:0.000124s ]
INFO: Run Behavior\ParseTemplateBehavior [ RunTime:0.001843s ]
INFO: [ view_parse ] --END-- [ RunTime:0.001927s ]
INFO: [ view_filter ] --START--
INFO: Run Behavior\WriteHtmlCacheBehavior [ RunTime:0.000067s ]
INFO: [ view_filter ] --END-- [ RunTime:0.000131s ]
INFO: [ app_end ] --START--
INFO: Run Behavior\ShowPageTraceBehavior [ RunTime:0.001524s ]
INFO: [ app_end ] --END-- [ RunTime:0.001588s ]

