[ 2015-12-28T16:00:02+08:00 ] 192.168.1.124 /bbter/index.php/Home/UserData/getUserData
INFO: [ app_init ] --START--
INFO: Run Behavior\BuildLiteBehavior [ RunTime:0.000030s ]
INFO: [ app_init ] --END-- [ RunTime:0.001346s ]
INFO: [ app_begin ] --START--
INFO: Run Behavior\ReadHtmlCacheBehavior [ RunTime:0.001448s ]
INFO: [ app_begin ] --END-- [ RunTime:0.001538s ]
NOTIC: [8] Use of undefined constant Org - assumed 'Org' /home/cheese/www/bbter/Application/Home/Controller/BaseController.class.php 第 5 行.
NOTIC: [8] Use of undefined constant Util - assumed 'Util' /home/cheese/www/bbter/Application/Home/Controller/BaseController.class.php 第 5 行.
NOTIC: [8] Use of undefined constant BoxTokenHelper - assumed 'BoxTokenHelper' /home/cheese/www/bbter/Application/Home/Controller/BaseController.class.php 第 5 行.
INFO: [ view_parse ] --START--
INFO: [ template_filter ] --START--
INFO: Run Behavior\ContentReplaceBehavior [ RunTime:0.000036s ]
INFO: [ template_filter ] --END-- [ RunTime:0.000086s ]
INFO: Run Behavior\ParseTemplateBehavior [ RunTime:0.021019s ]
INFO: [ view_parse ] --END-- [ RunTime:0.021068s ]
INFO: [ view_filter ] --START--
INFO: Run Behavior\WriteHtmlCacheBehavior [ RunTime:0.016650s ]
INFO: [ view_filter ] --END-- [ RunTime:0.016725s ]

[ 2015-12-28T16:08:24+08:00 ] 192.168.1.124 /bbter/index.php/Home/UserData/getUserData
INFO: [ app_init ] --START--
INFO: Run Behavior\BuildLiteBehavior [ RunTime:0.000028s ]
INFO: [ app_init ] --END-- [ RunTime:0.000240s ]
INFO: [ app_begin ] --START--
INFO: Run Behavior\ReadHtmlCacheBehavior [ RunTime:0.000092s ]
INFO: [ app_begin ] --END-- [ RunTime:0.000167s ]
NOTIC: [8] Use of undefined constant Org - assumed 'Org' /home/cheese/www/bbter/Application/Home/Controller/BaseController.class.php 第 5 行.
NOTIC: [8] Use of undefined constant Util - assumed 'Util' /home/cheese/www/bbter/Application/Home/Controller/BaseController.class.php 第 5 行.
NOTIC: [8] Use of undefined constant BoxTokenHelper - assumed 'BoxTokenHelper' /home/cheese/www/bbter/Application/Home/Controller/BaseController.class.php 第 5 行.
INFO: [ view_parse ] --START--
INFO: [ template_filter ] --START--
INFO: Run Behavior\ContentReplaceBehavior [ RunTime:0.000060s ]
INFO: [ template_filter ] --END-- [ RunTime:0.000187s ]
INFO: Run Behavior\ParseTemplateBehavior [ RunTime:0.002756s ]
INFO: [ view_parse ] --END-- [ RunTime:0.002835s ]
INFO: [ view_filter ] --START--
INFO: Run Behavior\WriteHtmlCacheBehavior [ RunTime:0.000075s ]
INFO: [ view_filter ] --END-- [ RunTime:0.000130s ]

[ 2015-12-28T16:29:21+08:00 ] 192.168.1.124 /bbter/index.php/Home/UserData/getUserData
INFO: [ app_init ] --START--
INFO: Run Behavior\BuildLiteBehavior [ RunTime:0.000019s ]
INFO: [ app_init ] --END-- [ RunTime:0.000144s ]
INFO: [ app_begin ] --START--
INFO: Run Behavior\ReadHtmlCacheBehavior [ RunTime:0.000060s ]
INFO: [ app_begin ] --END-- [ RunTime:0.000127s ]
NOTIC: [8] Use of undefined constant Org - assumed 'Org' /home/cheese/www/bbter/Application/Home/Controller/BaseController.class.php 第 5 行.
NOTIC: [8] Use of undefined constant Util - assumed 'Util' /home/cheese/www/bbter/Application/Home/Controller/BaseController.class.php 第 5 行.
NOTIC: [8] Use of undefined constant BoxTokenHelper - assumed 'BoxTokenHelper' /home/cheese/www/bbter/Application/Home/Controller/BaseController.class.php 第 5 行.
INFO: [ view_parse ] --START--
INFO: [ template_filter ] --START--
INFO: Run Behavior\ContentReplaceBehavior [ RunTime:0.000046s ]
INFO: [ template_filter ] --END-- [ RunTime:0.000132s ]
INFO: Run Behavior\ParseTemplateBehavior [ RunTime:0.001764s ]
INFO: [ view_parse ] --END-- [ RunTime:0.001842s ]
INFO: [ view_filter ] --START--
INFO: Run Behavior\WriteHtmlCacheBehavior [ RunTime:0.000067s ]
INFO: [ view_filter ] --END-- [ RunTime:0.000120s ]

[ 2015-12-28T16:30:03+08:00 ] 192.168.1.124 /bbter/index.php/Home/UserData/getUserData
INFO: [ app_init ] --START--
INFO: Run Behavior\BuildLiteBehavior [ RunTime:0.000019s ]
INFO: [ app_init ] --END-- [ RunTime:0.000142s ]
INFO: [ app_begin ] --START--
INFO: Run Behavior\ReadHtmlCacheBehavior [ RunTime:0.000057s ]
INFO: [ app_begin ] --END-- [ RunTime:0.000123s ]
NOTIC: [8] Use of undefined constant Org - assumed 'Org' /home/cheese/www/bbter/Application/Home/Controller/BaseController.class.php 第 5 行.
NOTIC: [8] Use of undefined constant Util - assumed 'Util' /home/cheese/www/bbter/Application/Home/Controller/BaseController.class.php 第 5 行.
NOTIC: [8] Use of undefined constant BoxTokenHelper - assumed 'BoxTokenHelper' /home/cheese/www/bbter/Application/Home/Controller/BaseController.class.php 第 5 行.
INFO: [ view_parse ] --START--
INFO: [ template_filter ] --START--
INFO: Run Behavior\ContentReplaceBehavior [ RunTime:0.000041s ]
INFO: [ template_filter ] --END-- [ RunTime:0.000125s ]
INFO: Run Behavior\ParseTemplateBehavior [ RunTime:0.001695s ]
INFO: [ view_parse ] --END-- [ RunTime:0.001787s ]
INFO: [ view_filter ] --START--
INFO: Run Behavior\WriteHtmlCacheBehavior [ RunTime:0.000066s ]
INFO: [ view_filter ] --END-- [ RunTime:0.000119s ]

[ 2015-12-28T16:31:17+08:00 ] 192.168.1.124 /bbter/index.php/Home/UserData/getUserData
INFO: [ app_init ] --START--
INFO: Run Behavior\BuildLiteBehavior [ RunTime:0.000020s ]
INFO: [ app_init ] --END-- [ RunTime:0.000150s ]
INFO: [ app_begin ] --START--
INFO: Run Behavior\ReadHtmlCacheBehavior [ RunTime:0.000056s ]
INFO: [ app_begin ] --END-- [ RunTime:0.000124s ]
NOTIC: [8] Use of undefined constant Org - assumed 'Org' /home/cheese/www/bbter/Application/Home/Controller/BaseController.class.php 第 5 行.
NOTIC: [8] Use of undefined constant Util - assumed 'Util' /home/cheese/www/bbter/Application/Home/Controller/BaseController.class.php 第 5 行.
NOTIC: [8] Use of undefined constant BoxTokenHelper - assumed 'BoxTokenHelper' /home/cheese/www/bbter/Application/Home/Controller/BaseController.class.php 第 5 行.
INFO: [ view_parse ] --START--
INFO: [ template_filter ] --START--
INFO: Run Behavior\ContentReplaceBehavior [ RunTime:0.000046s ]
INFO: [ template_filter ] --END-- [ RunTime:0.000131s ]
INFO: Run Behavior\ParseTemplateBehavior [ RunTime:0.001755s ]
INFO: [ view_parse ] --END-- [ RunTime:0.001832s ]
INFO: [ view_filter ] --START--
INFO: Run Behavior\WriteHtmlCacheBehavior [ RunTime:0.000062s ]
INFO: [ view_filter ] --END-- [ RunTime:0.000114s ]

[ 2015-12-28T16:39:19+08:00 ] 192.168.1.124 /bbter/index.php/Home/UserData/getUserData
INFO: [ app_init ] --START--
INFO: Run Behavior\BuildLiteBehavior [ RunTime:0.000019s ]
INFO: [ app_init ] --END-- [ RunTime:0.000142s ]
INFO: [ app_begin ] --START--
INFO: Run Behavior\ReadHtmlCacheBehavior [ RunTime:0.000057s ]
INFO: [ app_begin ] --END-- [ RunTime:0.000118s ]
NOTIC: [8] Use of undefined constant Org - assumed 'Org' /home/cheese/www/bbter/Application/Home/Controller/BaseController.class.php 第 5 行.
NOTIC: [8] Use of undefined constant Util - assumed 'Util' /home/cheese/www/bbter/Application/Home/Controller/BaseController.class.php 第 5 行.
NOTIC: [8] Use of undefined constant BoxTokenHelper - assumed 'BoxTokenHelper' /home/cheese/www/bbter/Application/Home/Controller/BaseController.class.php 第 5 行.
INFO: [ view_parse ] --START--
INFO: [ template_filter ] --START--
INFO: Run Behavior\ContentReplaceBehavior [ RunTime:0.000042s ]
INFO: [ template_filter ] --END-- [ RunTime:0.000108s ]
INFO: Run Behavior\ParseTemplateBehavior [ RunTime:0.001639s ]
INFO: [ view_parse ] --END-- [ RunTime:0.001717s ]
INFO: [ view_filter ] --START--
INFO: Run Behavior\WriteHtmlCacheBehavior [ RunTime:0.000068s ]
INFO: [ view_filter ] --END-- [ RunTime:0.000121s ]

[ 2015-12-28T16:47:34+08:00 ] 192.168.1.124 /bbter/index.php/Home/UserData/getUserData
INFO: [ app_init ] --START--
INFO: Run Behavior\BuildLiteBehavior [ RunTime:0.000020s ]
INFO: [ app_init ] --END-- [ RunTime:0.000159s ]
INFO: [ app_begin ] --START--
INFO: Run Behavior\ReadHtmlCacheBehavior [ RunTime:0.000060s ]
INFO: [ app_begin ] --END-- [ RunTime:0.000130s ]
NOTIC: [8] Use of undefined constant Org - assumed 'Org' /home/cheese/www/bbter/Application/Home/Controller/BaseController.class.php 第 5 行.
NOTIC: [8] Use of undefined constant Util - assumed 'Util' /home/cheese/www/bbter/Application/Home/Controller/BaseController.class.php 第 5 行.
NOTIC: [8] Use of undefined constant BoxTokenHelper - assumed 'BoxTokenHelper' /home/cheese/www/bbter/Application/Home/Controller/BaseController.class.php 第 5 行.
INFO: [ view_parse ] --START--
INFO: [ template_filter ] --START--
INFO: Run Behavior\ContentReplaceBehavior [ RunTime:0.000045s ]
INFO: [ template_filter ] --END-- [ RunTime:0.000130s ]
INFO: Run Behavior\ParseTemplateBehavior [ RunTime:0.001855s ]
INFO: [ view_parse ] --END-- [ RunTime:0.001949s ]
INFO: [ view_filter ] --START--
INFO: Run Behavior\WriteHtmlCacheBehavior [ RunTime:0.000068s ]
INFO: [ view_filter ] --END-- [ RunTime:0.000121s ]

[ 2015-12-28T16:54:32+08:00 ] 192.168.1.124 /bbter/index.php/Home/UserData/getUserData
INFO: [ app_init ] --START--
INFO: Run Behavior\BuildLiteBehavior [ RunTime:0.000020s ]
INFO: [ app_init ] --END-- [ RunTime:0.000172s ]
INFO: [ app_begin ] --START--
INFO: Run Behavior\ReadHtmlCacheBehavior [ RunTime:0.000057s ]
INFO: [ app_begin ] --END-- [ RunTime:0.000119s ]
NOTIC: [8] Use of undefined constant Org - assumed 'Org' /home/cheese/www/bbter/Application/Home/Controller/BaseController.class.php 第 5 行.
NOTIC: [8] Use of undefined constant Util - assumed 'Util' /home/cheese/www/bbter/Application/Home/Controller/BaseController.class.php 第 5 行.
NOTIC: [8] Use of undefined constant BoxTokenHelper - assumed 'BoxTokenHelper' /home/cheese/www/bbter/Application/Home/Controller/BaseController.class.php 第 5 行.
INFO: [ view_parse ] --START--
INFO: [ template_filter ] --START--
INFO: Run Behavior\ContentReplaceBehavior [ RunTime:0.000062s ]
INFO: [ template_filter ] --END-- [ RunTime:0.000144s ]
INFO: Run Behavior\ParseTemplateBehavior [ RunTime:0.001797s ]
INFO: [ view_parse ] --END-- [ RunTime:0.001875s ]
INFO: [ view_filter ] --START--
INFO: Run Behavior\WriteHtmlCacheBehavior [ RunTime:0.000070s ]
INFO: [ view_filter ] --END-- [ RunTime:0.000124s ]

[ 2015-12-28T17:01:42+08:00 ] 192.168.1.124 /bbter/index.php/Home/UserData/getUserData
INFO: [ app_init ] --START--
INFO: Run Behavior\BuildLiteBehavior [ RunTime:0.000020s ]
INFO: [ app_init ] --END-- [ RunTime:0.000150s ]
INFO: [ app_begin ] --START--
INFO: Run Behavior\ReadHtmlCacheBehavior [ RunTime:0.000068s ]
INFO: [ app_begin ] --END-- [ RunTime:0.000129s ]
NOTIC: [8] Use of undefined constant Org - assumed 'Org' /home/cheese/www/bbter/Application/Home/Controller/BaseController.class.php 第 5 行.
NOTIC: [8] Use of undefined constant Util - assumed 'Util' /home/cheese/www/bbter/Application/Home/Controller/BaseController.class.php 第 5 行.
NOTIC: [8] Use of undefined constant BoxTokenHelper - assumed 'BoxTokenHelper' /home/cheese/www/bbter/Application/Home/Controller/BaseController.class.php 第 5 行.
INFO: [ view_parse ] --START--
INFO: [ template_filter ] --START--
INFO: Run Behavior\ContentReplaceBehavior [ RunTime:0.000038s ]
INFO: [ template_filter ] --END-- [ RunTime:0.000117s ]
INFO: Run Behavior\ParseTemplateBehavior [ RunTime:0.001792s ]
INFO: [ view_parse ] --END-- [ RunTime:0.001861s ]
INFO: [ view_filter ] --START--
INFO: Run Behavior\WriteHtmlCacheBehavior [ RunTime:0.000132s ]
INFO: [ view_filter ] --END-- [ RunTime:0.000179s ]

[ 2015-12-28T17:08:55+08:00 ] 192.168.1.124 /bbter/index.php/Home/UserData/getUserData
INFO: [ app_init ] --START--
INFO: Run Behavior\BuildLiteBehavior [ RunTime:0.000020s ]
INFO: [ app_init ] --END-- [ RunTime:0.000146s ]
INFO: [ app_begin ] --START--
INFO: Run Behavior\ReadHtmlCacheBehavior [ RunTime:0.000066s ]
INFO: [ app_begin ] --END-- [ RunTime:0.000136s ]
NOTIC: [8] Use of undefined constant Org - assumed 'Org' /home/cheese/www/bbter/Application/Home/Controller/BaseController.class.php 第 5 行.
NOTIC: [8] Use of undefined constant Util - assumed 'Util' /home/cheese/www/bbter/Application/Home/Controller/BaseController.class.php 第 5 行.
NOTIC: [8] Use of undefined constant BoxTokenHelper - assumed 'BoxTokenHelper' /home/cheese/www/bbter/Application/Home/Controller/BaseController.class.php 第 5 行.
INFO: [ view_parse ] --START--
INFO: [ template_filter ] --START--
INFO: Run Behavior\ContentReplaceBehavior [ RunTime:0.000043s ]
INFO: [ template_filter ] --END-- [ RunTime:0.000113s ]
INFO: Run Behavior\ParseTemplateBehavior [ RunTime:0.001683s ]
INFO: [ view_parse ] --END-- [ RunTime:0.001752s ]
INFO: [ view_filter ] --START--
INFO: Run Behavior\WriteHtmlCacheBehavior [ RunTime:0.000067s ]
INFO: [ view_filter ] --END-- [ RunTime:0.000121s ]

[ 2015-12-28T17:09:11+08:00 ] 192.168.1.124 /bbter/index.php/Home/UserData/getUserData
INFO: [ app_init ] --START--
INFO: Run Behavior\BuildLiteBehavior [ RunTime:0.000021s ]
INFO: [ app_init ] --END-- [ RunTime:0.000159s ]
INFO: [ app_begin ] --START--
INFO: Run Behavior\ReadHtmlCacheBehavior [ RunTime:0.000060s ]
INFO: [ app_begin ] --END-- [ RunTime:0.000131s ]
NOTIC: [8] Use of undefined constant Org - assumed 'Org' /home/cheese/www/bbter/Application/Home/Controller/BaseController.class.php 第 5 行.
NOTIC: [8] Use of undefined constant Util - assumed 'Util' /home/cheese/www/bbter/Application/Home/Controller/BaseController.class.php 第 5 行.
NOTIC: [8] Use of undefined constant BoxTokenHelper - assumed 'BoxTokenHelper' /home/cheese/www/bbter/Application/Home/Controller/BaseController.class.php 第 5 行.
INFO: [ view_parse ] --START--
INFO: [ template_filter ] --START--
INFO: Run Behavior\ContentReplaceBehavior [ RunTime:0.000043s ]
INFO: [ template_filter ] --END-- [ RunTime:0.000141s ]
INFO: Run Behavior\ParseTemplateBehavior [ RunTime:0.001829s ]
INFO: [ view_parse ] --END-- [ RunTime:0.001921s ]
INFO: [ view_filter ] --START--
INFO: Run Behavior\WriteHtmlCacheBehavior [ RunTime:0.000068s ]
INFO: [ view_filter ] --END-- [ RunTime:0.000121s ]

[ 2015-12-28T17:10:33+08:00 ] 192.168.1.124 /bbter/index.php/Home/UserData/getUserData
INFO: [ app_init ] --START--
INFO: Run Behavior\BuildLiteBehavior [ RunTime:0.000020s ]
INFO: [ app_init ] --END-- [ RunTime:0.000138s ]
INFO: [ app_begin ] --START--
INFO: Run Behavior\ReadHtmlCacheBehavior [ RunTime:0.000056s ]
INFO: [ app_begin ] --END-- [ RunTime:0.000118s ]
NOTIC: [8] Use of undefined constant Org - assumed 'Org' /home/cheese/www/bbter/Application/Home/Controller/BaseController.class.php 第 5 行.
NOTIC: [8] Use of undefined constant Util - assumed 'Util' /home/cheese/www/bbter/Application/Home/Controller/BaseController.class.php 第 5 行.
NOTIC: [8] Use of undefined constant BoxTokenHelper - assumed 'BoxTokenHelper' /home/cheese/www/bbter/Application/Home/Controller/BaseController.class.php 第 5 行.
NOTIC: [8] Undefined variable: char /home/cheese/www/bbter/ThinkPHP/Library/Think/Crypt/Driver/Base64.class.php 第 56 行.
NOTIC: [8] Undefined variable: str /home/cheese/www/bbter/ThinkPHP/Library/Think/Crypt/Driver/Base64.class.php 第 63 行.
NOTIC: [8] Undefined variable: char /home/cheese/www/bbter/ThinkPHP/Library/Think/Crypt/Driver/Base64.class.php 第 33 行.
NOTIC: [8] Undefined variable: str /home/cheese/www/bbter/ThinkPHP/Library/Think/Crypt/Driver/Base64.class.php 第 38 行.
SQL: SHOW COLUMNS FROM `users` [ RunTime:0.0010s ]
SQL: SELECT * FROM `users` WHERE `id` = 90 LIMIT 1   [ RunTime:0.0004s ]
SQL: SHOW COLUMNS FROM `users` [ RunTime:0.0013s ]
SQL: SELECT * FROM `users` WHERE `id` = 90 LIMIT 1   [ RunTime:0.0002s ]
SQL: SHOW COLUMNS FROM `groups` [ RunTime:0.0008s ]
SQL: SELECT * FROM `groups` WHERE `id` = 5 LIMIT 1   [ RunTime:0.0003s ]
SQL: SHOW COLUMNS FROM `departments` [ RunTime:0.0007s ]
SQL: SELECT * FROM `departments` WHERE `id` = 1 LIMIT 1   [ RunTime:0.0003s ]
INFO: [ view_parse ] --START--
INFO: [ template_filter ] --START--
INFO: Run Behavior\ContentReplaceBehavior [ RunTime:0.000045s ]
INFO: [ template_filter ] --END-- [ RunTime:0.000111s ]
INFO: Run Behavior\ParseTemplateBehavior [ RunTime:0.001656s ]
INFO: [ view_parse ] --END-- [ RunTime:0.001748s ]
INFO: [ view_filter ] --START--
INFO: Run Behavior\WriteHtmlCacheBehavior [ RunTime:0.000063s ]
INFO: [ view_filter ] --END-- [ RunTime:0.000116s ]

[ 2015-12-28T17:11:42+08:00 ] 192.168.1.124 /bbter/index.php/Home/UserData/getUserData
INFO: [ app_init ] --START--
INFO: Run Behavior\BuildLiteBehavior [ RunTime:0.000019s ]
INFO: [ app_init ] --END-- [ RunTime:0.000155s ]
INFO: [ app_begin ] --START--
INFO: Run Behavior\ReadHtmlCacheBehavior [ RunTime:0.000061s ]
INFO: [ app_begin ] --END-- [ RunTime:0.000135s ]
NOTIC: [8] Use of undefined constant Org - assumed 'Org' /home/cheese/www/bbter/Application/Home/Controller/BaseController.class.php 第 5 行.
NOTIC: [8] Use of undefined constant Util - assumed 'Util' /home/cheese/www/bbter/Application/Home/Controller/BaseController.class.php 第 5 行.
NOTIC: [8] Use of undefined constant BoxTokenHelper - assumed 'BoxTokenHelper' /home/cheese/www/bbter/Application/Home/Controller/BaseController.class.php 第 5 行.
INFO: [ view_parse ] --START--
INFO: [ template_filter ] --START--
INFO: Run Behavior\ContentReplaceBehavior [ RunTime:0.000040s ]
INFO: [ template_filter ] --END-- [ RunTime:0.000123s ]
INFO: Run Behavior\ParseTemplateBehavior [ RunTime:0.001775s ]
INFO: [ view_parse ] --END-- [ RunTime:0.001871s ]
INFO: [ view_filter ] --START--
INFO: Run Behavior\WriteHtmlCacheBehavior [ RunTime:0.000098s ]
INFO: [ view_filter ] --END-- [ RunTime:0.000185s ]

[ 2015-12-28T17:13:38+08:00 ] 192.168.1.124 /bbter/index.php/Home/UserData/getUserData
INFO: [ app_init ] --START--
INFO: Run Behavior\BuildLiteBehavior [ RunTime:0.000017s ]
INFO: [ app_init ] --END-- [ RunTime:0.000128s ]
INFO: [ app_begin ] --START--
INFO: Run Behavior\ReadHtmlCacheBehavior [ RunTime:0.000053s ]
INFO: [ app_begin ] --END-- [ RunTime:0.000110s ]
NOTIC: [8] Use of undefined constant Org - assumed 'Org' /home/cheese/www/bbter/Application/Home/Controller/BaseController.class.php 第 5 行.
NOTIC: [8] Use of undefined constant Util - assumed 'Util' /home/cheese/www/bbter/Application/Home/Controller/BaseController.class.php 第 5 行.
NOTIC: [8] Use of undefined constant BoxTokenHelper - assumed 'BoxTokenHelper' /home/cheese/www/bbter/Application/Home/Controller/BaseController.class.php 第 5 行.
NOTIC: [8] Undefined variable: char /home/cheese/www/bbter/ThinkPHP/Library/Think/Crypt/Driver/Base64.class.php 第 56 行.
NOTIC: [8] Undefined variable: str /home/cheese/www/bbter/ThinkPHP/Library/Think/Crypt/Driver/Base64.class.php 第 63 行.
NOTIC: [8] Undefined variable: char /home/cheese/www/bbter/ThinkPHP/Library/Think/Crypt/Driver/Base64.class.php 第 33 行.
NOTIC: [8] Undefined variable: str /home/cheese/www/bbter/ThinkPHP/Library/Think/Crypt/Driver/Base64.class.php 第 38 行.
SQL: SHOW COLUMNS FROM `users` [ RunTime:0.0012s ]
SQL: SELECT * FROM `users` WHERE `id` = 90 LIMIT 1   [ RunTime:0.0002s ]
SQL: SHOW COLUMNS FROM `users` [ RunTime:0.0011s ]
SQL: SELECT * FROM `users` WHERE `id` = 90 LIMIT 1   [ RunTime:0.0001s ]
SQL: SHOW COLUMNS FROM `groups` [ RunTime:0.0006s ]
SQL: SELECT * FROM `groups` WHERE `id` = 5 LIMIT 1   [ RunTime:0.0001s ]
SQL: SHOW COLUMNS FROM `departments` [ RunTime:0.0007s ]
SQL: SELECT * FROM `departments` WHERE `id` = 1 LIMIT 1   [ RunTime:0.0001s ]
INFO: [ view_parse ] --START--
INFO: [ template_filter ] --START--
INFO: Run Behavior\ContentReplaceBehavior [ RunTime:0.000044s ]
INFO: [ template_filter ] --END-- [ RunTime:0.000108s ]
INFO: Run Behavior\ParseTemplateBehavior [ RunTime:0.001638s ]
INFO: [ view_parse ] --END-- [ RunTime:0.001710s ]
INFO: [ view_filter ] --START--
INFO: Run Behavior\WriteHtmlCacheBehavior [ RunTime:0.000065s ]
INFO: [ view_filter ] --END-- [ RunTime:0.000118s ]

[ 2015-12-28T17:14:01+08:00 ] 192.168.1.124 /bbter/index.php/Home/UserData/getUserData
INFO: [ app_init ] --START--
INFO: Run Behavior\BuildLiteBehavior [ RunTime:0.000020s ]
INFO: [ app_init ] --END-- [ RunTime:0.000157s ]
INFO: [ app_begin ] --START--
INFO: Run Behavior\ReadHtmlCacheBehavior [ RunTime:0.000060s ]
INFO: [ app_begin ] --END-- [ RunTime:0.000130s ]
NOTIC: [8] Use of undefined constant Org - assumed 'Org' /home/cheese/www/bbter/Application/Home/Controller/BaseController.class.php 第 5 行.
NOTIC: [8] Use of undefined constant Util - assumed 'Util' /home/cheese/www/bbter/Application/Home/Controller/BaseController.class.php 第 5 行.
NOTIC: [8] Use of undefined constant BoxTokenHelper - assumed 'BoxTokenHelper' /home/cheese/www/bbter/Application/Home/Controller/BaseController.class.php 第 5 行.
NOTIC: [8] Undefined variable: char /home/cheese/www/bbter/ThinkPHP/Library/Think/Crypt/Driver/Base64.class.php 第 56 行.
NOTIC: [8] Undefined variable: str /home/cheese/www/bbter/ThinkPHP/Library/Think/Crypt/Driver/Base64.class.php 第 63 行.
NOTIC: [8] Undefined variable: char /home/cheese/www/bbter/ThinkPHP/Library/Think/Crypt/Driver/Base64.class.php 第 33 行.
NOTIC: [8] Undefined variable: str /home/cheese/www/bbter/ThinkPHP/Library/Think/Crypt/Driver/Base64.class.php 第 38 行.
SQL: SHOW COLUMNS FROM `users` [ RunTime:0.0012s ]
SQL: SELECT * FROM `users` WHERE `id` = 90 LIMIT 1   [ RunTime:0.0001s ]
SQL: SHOW COLUMNS FROM `users` [ RunTime:0.0006s ]
SQL: SELECT * FROM `users` WHERE `id` = 90 LIMIT 1   [ RunTime:0.0001s ]
SQL: SHOW COLUMNS FROM `groups` [ RunTime:0.0003s ]
SQL: SELECT * FROM `groups` WHERE `id` = 5 LIMIT 1   [ RunTime:0.0001s ]
SQL: SHOW COLUMNS FROM `departments` [ RunTime:0.0003s ]
SQL: SELECT * FROM `departments` WHERE `id` = 1 LIMIT 1   [ RunTime:0.0001s ]
INFO: [ view_parse ] --START--
INFO: [ template_filter ] --START--
INFO: Run Behavior\ContentReplaceBehavior [ RunTime:0.000029s ]
INFO: [ template_filter ] --END-- [ RunTime:0.000071s ]
INFO: Run Behavior\ParseTemplateBehavior [ RunTime:0.000993s ]
INFO: [ view_parse ] --END-- [ RunTime:0.001049s ]
INFO: [ view_filter ] --START--
INFO: Run Behavior\WriteHtmlCacheBehavior [ RunTime:0.000049s ]
INFO: [ view_filter ] --END-- [ RunTime:0.000079s ]

[ 2015-12-28T17:16:13+08:00 ] 192.168.1.124 /bbter/index.php/Home/UserData/getUserData
INFO: [ app_init ] --START--
INFO: Run Behavior\BuildLiteBehavior [ RunTime:0.000019s ]
INFO: [ app_init ] --END-- [ RunTime:0.000137s ]
INFO: [ app_begin ] --START--
INFO: Run Behavior\ReadHtmlCacheBehavior [ RunTime:0.000059s ]
INFO: [ app_begin ] --END-- [ RunTime:0.000122s ]
NOTIC: [8] Use of undefined constant Org - assumed 'Org' /home/cheese/www/bbter/Application/Home/Controller/BaseController.class.php 第 5 行.
NOTIC: [8] Use of undefined constant Util - assumed 'Util' /home/cheese/www/bbter/Application/Home/Controller/BaseController.class.php 第 5 行.
NOTIC: [8] Use of undefined constant BoxTokenHelper - assumed 'BoxTokenHelper' /home/cheese/www/bbter/Application/Home/Controller/BaseController.class.php 第 5 行.
NOTIC: [8] Undefined variable: char /home/cheese/www/bbter/ThinkPHP/Library/Think/Crypt/Driver/Base64.class.php 第 56 行.
NOTIC: [8] Undefined variable: str /home/cheese/www/bbter/ThinkPHP/Library/Think/Crypt/Driver/Base64.class.php 第 63 行.
NOTIC: [8] Undefined variable: char /home/cheese/www/bbter/ThinkPHP/Library/Think/Crypt/Driver/Base64.class.php 第 33 行.
NOTIC: [8] Undefined variable: str /home/cheese/www/bbter/ThinkPHP/Library/Think/Crypt/Driver/Base64.class.php 第 38 行.
SQL: SHOW COLUMNS FROM `users` [ RunTime:0.0013s ]
SQL: SELECT * FROM `users` WHERE `id` = 90 LIMIT 1   [ RunTime:0.0001s ]
SQL: SHOW COLUMNS FROM `users` [ RunTime:0.0010s ]
SQL: SELECT * FROM `users` WHERE `id` = 90 LIMIT 1   [ RunTime:0.0001s ]
SQL: SHOW COLUMNS FROM `groups` [ RunTime:0.0006s ]
SQL: SELECT * FROM `groups` WHERE `id` = 5 LIMIT 1   [ RunTime:0.0001s ]
SQL: SHOW COLUMNS FROM `departments` [ RunTime:0.0005s ]
SQL: SELECT * FROM `departments` WHERE `id` = 1 LIMIT 1   [ RunTime:0.0001s ]
INFO: [ view_parse ] --START--
INFO: [ template_filter ] --START--
INFO: Run Behavior\ContentReplaceBehavior [ RunTime:0.000045s ]
INFO: [ template_filter ] --END-- [ RunTime:0.000113s ]
INFO: Run Behavior\ParseTemplateBehavior [ RunTime:0.001639s ]
INFO: [ view_parse ] --END-- [ RunTime:0.001751s ]
INFO: [ view_filter ] --START--
INFO: Run Behavior\WriteHtmlCacheBehavior [ RunTime:0.000068s ]
INFO: [ view_filter ] --END-- [ RunTime:0.000121s ]

[ 2015-12-28T17:16:51+08:00 ] 192.168.1.124 /bbter/index.php/Home/UserData/getUserData
INFO: [ app_init ] --START--
INFO: Run Behavior\BuildLiteBehavior [ RunTime:0.000020s ]
INFO: [ app_init ] --END-- [ RunTime:0.000143s ]
INFO: [ app_begin ] --START--
INFO: Run Behavior\ReadHtmlCacheBehavior [ RunTime:0.000059s ]
INFO: [ app_begin ] --END-- [ RunTime:0.000120s ]
NOTIC: [8] Use of undefined constant Org - assumed 'Org' /home/cheese/www/bbter/Application/Home/Controller/BaseController.class.php 第 5 行.
NOTIC: [8] Use of undefined constant Util - assumed 'Util' /home/cheese/www/bbter/Application/Home/Controller/BaseController.class.php 第 5 行.
NOTIC: [8] Use of undefined constant BoxTokenHelper - assumed 'BoxTokenHelper' /home/cheese/www/bbter/Application/Home/Controller/BaseController.class.php 第 5 行.
NOTIC: [8] Undefined variable: char /home/cheese/www/bbter/ThinkPHP/Library/Think/Crypt/Driver/Base64.class.php 第 56 行.
NOTIC: [8] Undefined variable: str /home/cheese/www/bbter/ThinkPHP/Library/Think/Crypt/Driver/Base64.class.php 第 63 行.
NOTIC: [8] Undefined variable: char /home/cheese/www/bbter/ThinkPHP/Library/Think/Crypt/Driver/Base64.class.php 第 33 行.
NOTIC: [8] Undefined variable: str /home/cheese/www/bbter/ThinkPHP/Library/Think/Crypt/Driver/Base64.class.php 第 38 行.
SQL: SHOW COLUMNS FROM `users` [ RunTime:0.0011s ]
SQL: SELECT * FROM `users` WHERE `id` = 90 LIMIT 1   [ RunTime:0.0001s ]
SQL: SHOW COLUMNS FROM `users` [ RunTime:0.0010s ]
SQL: SELECT * FROM `users` WHERE `id` = 90 LIMIT 1   [ RunTime:0.0001s ]
SQL: SHOW COLUMNS FROM `groups` [ RunTime:0.0006s ]
SQL: SELECT * FROM `groups` WHERE `id` = 5 LIMIT 1   [ RunTime:0.0001s ]
SQL: SHOW COLUMNS FROM `departments` [ RunTime:0.0006s ]
SQL: SELECT * FROM `departments` WHERE `id` = 1 LIMIT 1   [ RunTime:0.0001s ]
INFO: [ view_parse ] --START--
INFO: [ template_filter ] --START--
INFO: Run Behavior\ContentReplaceBehavior [ RunTime:0.000045s ]
INFO: [ template_filter ] --END-- [ RunTime:0.000111s ]
INFO: Run Behavior\ParseTemplateBehavior [ RunTime:0.001724s ]
INFO: [ view_parse ] --END-- [ RunTime:0.001804s ]
INFO: [ view_filter ] --START--
INFO: Run Behavior\WriteHtmlCacheBehavior [ RunTime:0.000068s ]
INFO: [ view_filter ] --END-- [ RunTime:0.000120s ]

[ 2015-12-28T17:17:34+08:00 ] 192.168.1.124 /bbter/index.php/Home/UserData/getUserData
INFO: [ app_init ] --START--
INFO: Run Behavior\BuildLiteBehavior [ RunTime:0.000020s ]
INFO: [ app_init ] --END-- [ RunTime:0.000139s ]
INFO: [ app_begin ] --START--
INFO: Run Behavior\ReadHtmlCacheBehavior [ RunTime:0.000057s ]
INFO: [ app_begin ] --END-- [ RunTime:0.000121s ]
NOTIC: [8] Use of undefined constant Org - assumed 'Org' /home/cheese/www/bbter/Application/Home/Controller/BaseController.class.php 第 5 行.
NOTIC: [8] Use of undefined constant Util - assumed 'Util' /home/cheese/www/bbter/Application/Home/Controller/BaseController.class.php 第 5 行.
NOTIC: [8] Use of undefined constant BoxTokenHelper - assumed 'BoxTokenHelper' /home/cheese/www/bbter/Application/Home/Controller/BaseController.class.php 第 5 行.
NOTIC: [8] Undefined variable: char /home/cheese/www/bbter/ThinkPHP/Library/Think/Crypt/Driver/Base64.class.php 第 56 行.
NOTIC: [8] Undefined variable: str /home/cheese/www/bbter/ThinkPHP/Library/Think/Crypt/Driver/Base64.class.php 第 63 行.
NOTIC: [8] Undefined variable: char /home/cheese/www/bbter/ThinkPHP/Library/Think/Crypt/Driver/Base64.class.php 第 33 行.
NOTIC: [8] Undefined variable: str /home/cheese/www/bbter/ThinkPHP/Library/Think/Crypt/Driver/Base64.class.php 第 38 行.
SQL: SHOW COLUMNS FROM `users` [ RunTime:0.0012s ]
SQL: SELECT * FROM `users` WHERE `id` = 90 LIMIT 1   [ RunTime:0.0002s ]
SQL: SHOW COLUMNS FROM `users` [ RunTime:0.0011s ]
SQL: SELECT * FROM `users` WHERE `id` = 90 LIMIT 1   [ RunTime:0.0002s ]
SQL: SHOW COLUMNS FROM `groups` [ RunTime:0.0007s ]
SQL: SELECT * FROM `groups` WHERE `id` = 5 LIMIT 1   [ RunTime:0.0002s ]
SQL: SHOW COLUMNS FROM `departments` [ RunTime:0.0007s ]
SQL: SELECT * FROM `departments` WHERE `id` = 1 LIMIT 1   [ RunTime:0.0002s ]
INFO: [ view_parse ] --START--
INFO: [ template_filter ] --START--
INFO: Run Behavior\ContentReplaceBehavior [ RunTime:0.000044s ]
INFO: [ template_filter ] --END-- [ RunTime:0.000111s ]
INFO: Run Behavior\ParseTemplateBehavior [ RunTime:0.001688s ]
INFO: [ view_parse ] --END-- [ RunTime:0.001779s ]
INFO: [ view_filter ] --START--
INFO: Run Behavior\WriteHtmlCacheBehavior [ RunTime:0.000063s ]
INFO: [ view_filter ] --END-- [ RunTime:0.000116s ]

