[ 2016-02-13T17:12:34+08:00 ] ::1 /BBTer/bbter-all/index.php/Home/
INFO: [ app_init ] --START--
INFO: Run Behavior\BuildLiteBehavior [ RunTime:0.000061s ]
INFO: [ app_init ] --END-- [ RunTime:0.018853s ]
INFO: [ app_begin ] --START--
INFO: Run Behavior\ReadHtmlCacheBehavior [ RunTime:0.014239s ]
INFO: [ app_begin ] --END-- [ RunTime:0.014529s ]
INFO: [ view_parse ] --START--
INFO: Run Behavior\ParseTemplateBehavior [ RunTime:0.010456s ]
INFO: [ view_parse ] --END-- [ RunTime:0.011116s ]
INFO: [ view_filter ] --START--
INFO: Run Behavior\WriteHtmlCacheBehavior [ RunTime:0.012705s ]
INFO: [ view_filter ] --END-- [ RunTime:0.012923s ]
INFO: [ app_end ] --START--
INFO: Run Behavior\ShowPageTraceBehavior [ RunTime:0.016698s ]
INFO: [ app_end ] --END-- [ RunTime:0.016957s ]

[ 2016-02-13T17:12:45+08:00 ] ::1 /BBTer/bbter-all/index.php/Home/Message/
INFO: [ app_init ] --START--
INFO: Run Behavior\BuildLiteBehavior [ RunTime:0.000057s ]
INFO: [ app_init ] --END-- [ RunTime:0.000766s ]
INFO: [ app_begin ] --START--
INFO: Run Behavior\ReadHtmlCacheBehavior [ RunTime:0.001431s ]
INFO: [ app_begin ] --END-- [ RunTime:0.002141s ]
NOTIC: [8] Use of undefined constant Org - assumed 'Org' E:\wamp\wamp\www\BBTer\bbter-all\Application\Home\Controller\BaseController.class.php 第 5 行.
NOTIC: [8] Use of undefined constant Util - assumed 'Util' E:\wamp\wamp\www\BBTer\bbter-all\Application\Home\Controller\BaseController.class.php 第 5 行.
NOTIC: [8] Use of undefined constant BoxTokenHelper - assumed 'BoxTokenHelper' E:\wamp\wamp\www\BBTer\bbter-all\Application\Home\Controller\BaseController.class.php 第 5 行.
INFO: [ view_parse ] --START--
INFO: [ template_filter ] --START--
INFO: Run Behavior\ContentReplaceBehavior [ RunTime:0.000656s ]
INFO: [ template_filter ] --END-- [ RunTime:0.000829s ]
INFO: Run Behavior\ParseTemplateBehavior [ RunTime:0.101056s ]
INFO: [ view_parse ] --END-- [ RunTime:0.101363s ]
INFO: [ view_filter ] --START--
INFO: Run Behavior\WriteHtmlCacheBehavior [ RunTime:0.000379s ]
INFO: [ view_filter ] --END-- [ RunTime:0.000598s ]

[ 2016-02-13T17:12:55+08:00 ] ::1 /BBTer/bbter-all/index.php/Home/Login
INFO: [ app_init ] --START--
INFO: Run Behavior\BuildLiteBehavior [ RunTime:0.000069s ]
INFO: [ app_init ] --END-- [ RunTime:0.001094s ]
INFO: [ app_begin ] --START--
INFO: Run Behavior\ReadHtmlCacheBehavior [ RunTime:0.000799s ]
INFO: [ app_begin ] --END-- [ RunTime:0.001091s ]
NOTIC: [8] Use of undefined constant Org - assumed 'Org' E:\wamp\wamp\www\BBTer\bbter-all\Application\Home\Controller\LoginController.class.php 第 5 行.
NOTIC: [8] Use of undefined constant Util - assumed 'Util' E:\wamp\wamp\www\BBTer\bbter-all\Application\Home\Controller\LoginController.class.php 第 5 行.
NOTIC: [8] Use of undefined constant Token - assumed 'Token' E:\wamp\wamp\www\BBTer\bbter-all\Application\Home\Controller\LoginController.class.php 第 5 行.
NOTIC: [8] Use of undefined constant Org - assumed 'Org' E:\wamp\wamp\www\BBTer\bbter-all\Application\Home\Controller\LoginController.class.php 第 6 行.
NOTIC: [8] Use of undefined constant Util - assumed 'Util' E:\wamp\wamp\www\BBTer\bbter-all\Application\Home\Controller\LoginController.class.php 第 6 行.
NOTIC: [8] Use of undefined constant GibberishAES - assumed 'GibberishAES' E:\wamp\wamp\www\BBTer\bbter-all\Application\Home\Controller\LoginController.class.php 第 6 行.
INFO: [ view_parse ] --START--
INFO: [ template_filter ] --START--
INFO: Run Behavior\ContentReplaceBehavior [ RunTime:0.000070s ]
INFO: [ template_filter ] --END-- [ RunTime:0.000248s ]
INFO: Run Behavior\ParseTemplateBehavior [ RunTime:0.010642s ]
INFO: [ view_parse ] --END-- [ RunTime:0.010977s ]
INFO: [ view_filter ] --START--
INFO: Run Behavior\WriteHtmlCacheBehavior [ RunTime:0.000537s ]
INFO: [ view_filter ] --END-- [ RunTime:0.000838s ]

[ 2016-02-13T19:11:23+08:00 ] ::1 /BBTer/bbter-all/index.php/Home/Message/test
INFO: [ app_init ] --START--
INFO: Run Behavior\BuildLiteBehavior [ RunTime:0.000254s ]
INFO: [ app_init ] --END-- [ RunTime:0.003725s ]
INFO: [ app_begin ] --START--
INFO: Run Behavior\ReadHtmlCacheBehavior [ RunTime:0.001674s ]
INFO: [ app_begin ] --END-- [ RunTime:0.002079s ]
NOTIC: [8] Use of undefined constant Org - assumed 'Org' E:\wamp\wamp\www\BBTer\bbter-all\Application\Home\Controller\BaseController.class.php 第 5 行.
NOTIC: [8] Use of undefined constant Util - assumed 'Util' E:\wamp\wamp\www\BBTer\bbter-all\Application\Home\Controller\BaseController.class.php 第 5 行.
NOTIC: [8] Use of undefined constant BoxTokenHelper - assumed 'BoxTokenHelper' E:\wamp\wamp\www\BBTer\bbter-all\Application\Home\Controller\BaseController.class.php 第 5 行.
INFO: [ view_parse ] --START--
INFO: [ template_filter ] --START--
INFO: Run Behavior\ContentReplaceBehavior [ RunTime:0.000150s ]
INFO: [ template_filter ] --END-- [ RunTime:0.000447s ]
INFO: Run Behavior\ParseTemplateBehavior [ RunTime:0.022745s ]
INFO: [ view_parse ] --END-- [ RunTime:0.023331s ]
INFO: [ view_filter ] --START--
INFO: Run Behavior\WriteHtmlCacheBehavior [ RunTime:0.003519s ]
INFO: [ view_filter ] --END-- [ RunTime:0.003924s ]

[ 2016-02-13T19:12:17+08:00 ] ::1 /BBTer/bbter-all/index.php/Home/Login
INFO: [ app_init ] --START--
INFO: Run Behavior\BuildLiteBehavior [ RunTime:0.000060s ]
INFO: [ app_init ] --END-- [ RunTime:0.000960s ]
INFO: [ app_begin ] --START--
INFO: Run Behavior\ReadHtmlCacheBehavior [ RunTime:0.002055s ]
INFO: [ app_begin ] --END-- [ RunTime:0.002559s ]
NOTIC: [8] Use of undefined constant Org - assumed 'Org' E:\wamp\wamp\www\BBTer\bbter-all\Application\Home\Controller\LoginController.class.php 第 5 行.
NOTIC: [8] Use of undefined constant Util - assumed 'Util' E:\wamp\wamp\www\BBTer\bbter-all\Application\Home\Controller\LoginController.class.php 第 5 行.
NOTIC: [8] Use of undefined constant Token - assumed 'Token' E:\wamp\wamp\www\BBTer\bbter-all\Application\Home\Controller\LoginController.class.php 第 5 行.
NOTIC: [8] Use of undefined constant Org - assumed 'Org' E:\wamp\wamp\www\BBTer\bbter-all\Application\Home\Controller\LoginController.class.php 第 6 行.
NOTIC: [8] Use of undefined constant Util - assumed 'Util' E:\wamp\wamp\www\BBTer\bbter-all\Application\Home\Controller\LoginController.class.php 第 6 行.
NOTIC: [8] Use of undefined constant GibberishAES - assumed 'GibberishAES' E:\wamp\wamp\www\BBTer\bbter-all\Application\Home\Controller\LoginController.class.php 第 6 行.
ERR: 非法操作:a

[ 2016-02-13T19:12:47+08:00 ] ::1 /BBTer/bbter-all/index.php/Home/Login
INFO: [ app_init ] --START--
INFO: Run Behavior\BuildLiteBehavior [ RunTime:0.000076s ]
INFO: [ app_init ] --END-- [ RunTime:0.001158s ]
INFO: [ app_begin ] --START--
INFO: Run Behavior\ReadHtmlCacheBehavior [ RunTime:0.001230s ]
INFO: [ app_begin ] --END-- [ RunTime:0.001536s ]
NOTIC: [8] Use of undefined constant Org - assumed 'Org' E:\wamp\wamp\www\BBTer\bbter-all\Application\Home\Controller\LoginController.class.php 第 5 行.
NOTIC: [8] Use of undefined constant Util - assumed 'Util' E:\wamp\wamp\www\BBTer\bbter-all\Application\Home\Controller\LoginController.class.php 第 5 行.
NOTIC: [8] Use of undefined constant Token - assumed 'Token' E:\wamp\wamp\www\BBTer\bbter-all\Application\Home\Controller\LoginController.class.php 第 5 行.
NOTIC: [8] Use of undefined constant Org - assumed 'Org' E:\wamp\wamp\www\BBTer\bbter-all\Application\Home\Controller\LoginController.class.php 第 6 行.
NOTIC: [8] Use of undefined constant Util - assumed 'Util' E:\wamp\wamp\www\BBTer\bbter-all\Application\Home\Controller\LoginController.class.php 第 6 行.
NOTIC: [8] Use of undefined constant GibberishAES - assumed 'GibberishAES' E:\wamp\wamp\www\BBTer\bbter-all\Application\Home\Controller\LoginController.class.php 第 6 行.
ERR: SQLSTATE[HY000] [1045] Access denied for user 'root'@'localhost' (using password: YES)

[ 2016-02-13T19:13:28+08:00 ] ::1 /BBTer/bbter-all/index.php/Home/Login
INFO: [ app_init ] --START--
INFO: Run Behavior\BuildLiteBehavior [ RunTime:0.000131s ]
INFO: [ app_init ] --END-- [ RunTime:0.001456s ]
INFO: [ app_begin ] --START--
INFO: Run Behavior\ReadHtmlCacheBehavior [ RunTime:0.001083s ]
INFO: [ app_begin ] --END-- [ RunTime:0.001409s ]
NOTIC: [8] Use of undefined constant Org - assumed 'Org' E:\wamp\wamp\www\BBTer\bbter-all\Application\Home\Controller\LoginController.class.php 第 5 行.
NOTIC: [8] Use of undefined constant Util - assumed 'Util' E:\wamp\wamp\www\BBTer\bbter-all\Application\Home\Controller\LoginController.class.php 第 5 行.
NOTIC: [8] Use of undefined constant Token - assumed 'Token' E:\wamp\wamp\www\BBTer\bbter-all\Application\Home\Controller\LoginController.class.php 第 5 行.
NOTIC: [8] Use of undefined constant Org - assumed 'Org' E:\wamp\wamp\www\BBTer\bbter-all\Application\Home\Controller\LoginController.class.php 第 6 行.
NOTIC: [8] Use of undefined constant Util - assumed 'Util' E:\wamp\wamp\www\BBTer\bbter-all\Application\Home\Controller\LoginController.class.php 第 6 行.
NOTIC: [8] Use of undefined constant GibberishAES - assumed 'GibberishAES' E:\wamp\wamp\www\BBTer\bbter-all\Application\Home\Controller\LoginController.class.php 第 6 行.
ERR: SQLSTATE[HY000] [1045] Access denied for user 'root'@'localhost' (using password: YES)

[ 2016-02-13T19:13:48+08:00 ] ::1 /BBTer/bbter-all/index.php/Home/Login
INFO: [ app_init ] --START--
INFO: Run Behavior\BuildLiteBehavior [ RunTime:0.000043s ]
INFO: [ app_init ] --END-- [ RunTime:0.000651s ]
INFO: [ app_begin ] --START--
INFO: Run Behavior\ReadHtmlCacheBehavior [ RunTime:0.000767s ]
INFO: [ app_begin ] --END-- [ RunTime:0.000966s ]
NOTIC: [8] Use of undefined constant Org - assumed 'Org' E:\wamp\wamp\www\BBTer\bbter-all\Application\Home\Controller\LoginController.class.php 第 5 行.
NOTIC: [8] Use of undefined constant Util - assumed 'Util' E:\wamp\wamp\www\BBTer\bbter-all\Application\Home\Controller\LoginController.class.php 第 5 行.
NOTIC: [8] Use of undefined constant Token - assumed 'Token' E:\wamp\wamp\www\BBTer\bbter-all\Application\Home\Controller\LoginController.class.php 第 5 行.
NOTIC: [8] Use of undefined constant Org - assumed 'Org' E:\wamp\wamp\www\BBTer\bbter-all\Application\Home\Controller\LoginController.class.php 第 6 行.
NOTIC: [8] Use of undefined constant Util - assumed 'Util' E:\wamp\wamp\www\BBTer\bbter-all\Application\Home\Controller\LoginController.class.php 第 6 行.
NOTIC: [8] Use of undefined constant GibberishAES - assumed 'GibberishAES' E:\wamp\wamp\www\BBTer\bbter-all\Application\Home\Controller\LoginController.class.php 第 6 行.
SQL: SHOW COLUMNS FROM `users` [ RunTime:0.0117s ]
SQL: SELECT * FROM `users` WHERE ( student_number = 201330554232 ) LIMIT 1   [ RunTime:0.0138s ]
INFO: [ view_parse ] --START--
INFO: [ template_filter ] --START--
INFO: Run Behavior\ContentReplaceBehavior [ RunTime:0.000097s ]
INFO: [ template_filter ] --END-- [ RunTime:0.000338s ]
INFO: Run Behavior\ParseTemplateBehavior [ RunTime:0.008759s ]
INFO: [ view_parse ] --END-- [ RunTime:0.008951s ]
INFO: [ view_filter ] --START--
INFO: Run Behavior\WriteHtmlCacheBehavior [ RunTime:0.000597s ]
INFO: [ view_filter ] --END-- [ RunTime:0.000755s ]

[ 2016-02-13T19:14:12+08:00 ] ::1 /BBTer/bbter-all/index.php/Home/Login
INFO: [ app_init ] --START--
INFO: Run Behavior\BuildLiteBehavior [ RunTime:0.000052s ]
INFO: [ app_init ] --END-- [ RunTime:0.000696s ]
INFO: [ app_begin ] --START--
INFO: Run Behavior\ReadHtmlCacheBehavior [ RunTime:0.001037s ]
INFO: [ app_begin ] --END-- [ RunTime:0.001323s ]
NOTIC: [8] Use of undefined constant Org - assumed 'Org' E:\wamp\wamp\www\BBTer\bbter-all\Application\Home\Controller\LoginController.class.php 第 5 行.
NOTIC: [8] Use of undefined constant Util - assumed 'Util' E:\wamp\wamp\www\BBTer\bbter-all\Application\Home\Controller\LoginController.class.php 第 5 行.
NOTIC: [8] Use of undefined constant Token - assumed 'Token' E:\wamp\wamp\www\BBTer\bbter-all\Application\Home\Controller\LoginController.class.php 第 5 行.
NOTIC: [8] Use of undefined constant Org - assumed 'Org' E:\wamp\wamp\www\BBTer\bbter-all\Application\Home\Controller\LoginController.class.php 第 6 行.
NOTIC: [8] Use of undefined constant Util - assumed 'Util' E:\wamp\wamp\www\BBTer\bbter-all\Application\Home\Controller\LoginController.class.php 第 6 行.
NOTIC: [8] Use of undefined constant GibberishAES - assumed 'GibberishAES' E:\wamp\wamp\www\BBTer\bbter-all\Application\Home\Controller\LoginController.class.php 第 6 行.
SQL: SHOW COLUMNS FROM `users` [ RunTime:0.0075s ]
SQL: SELECT * FROM `users` WHERE ( student_number = 201330554232 ) LIMIT 1   [ RunTime:0.0004s ]
INFO: [ view_parse ] --START--
INFO: [ template_filter ] --START--
INFO: Run Behavior\ContentReplaceBehavior [ RunTime:0.000076s ]
INFO: [ template_filter ] --END-- [ RunTime:0.000268s ]
INFO: Run Behavior\ParseTemplateBehavior [ RunTime:0.006663s ]
INFO: [ view_parse ] --END-- [ RunTime:0.006821s ]
INFO: [ view_filter ] --START--
INFO: Run Behavior\WriteHtmlCacheBehavior [ RunTime:0.000490s ]
INFO: [ view_filter ] --END-- [ RunTime:0.000617s ]

[ 2016-02-13T19:14:18+08:00 ] ::1 /BBTer/bbter-all/index.php/Home/Login
INFO: [ app_init ] --START--
INFO: Run Behavior\BuildLiteBehavior [ RunTime:0.000062s ]
INFO: [ app_init ] --END-- [ RunTime:0.000960s ]
INFO: [ app_begin ] --START--
INFO: Run Behavior\ReadHtmlCacheBehavior [ RunTime:0.002184s ]
INFO: [ app_begin ] --END-- [ RunTime:0.002614s ]
NOTIC: [8] Use of undefined constant Org - assumed 'Org' E:\wamp\wamp\www\BBTer\bbter-all\Application\Home\Controller\LoginController.class.php 第 5 行.
NOTIC: [8] Use of undefined constant Util - assumed 'Util' E:\wamp\wamp\www\BBTer\bbter-all\Application\Home\Controller\LoginController.class.php 第 5 行.
NOTIC: [8] Use of undefined constant Token - assumed 'Token' E:\wamp\wamp\www\BBTer\bbter-all\Application\Home\Controller\LoginController.class.php 第 5 行.
NOTIC: [8] Use of undefined constant Org - assumed 'Org' E:\wamp\wamp\www\BBTer\bbter-all\Application\Home\Controller\LoginController.class.php 第 6 行.
NOTIC: [8] Use of undefined constant Util - assumed 'Util' E:\wamp\wamp\www\BBTer\bbter-all\Application\Home\Controller\LoginController.class.php 第 6 行.
NOTIC: [8] Use of undefined constant GibberishAES - assumed 'GibberishAES' E:\wamp\wamp\www\BBTer\bbter-all\Application\Home\Controller\LoginController.class.php 第 6 行.
SQL: SHOW COLUMNS FROM `users` [ RunTime:0.0178s ]
SQL: SELECT * FROM `users` WHERE ( student_number = 201330554232 ) LIMIT 1   [ RunTime:0.0004s ]
INFO: [ view_parse ] --START--
INFO: [ template_filter ] --START--
INFO: Run Behavior\ContentReplaceBehavior [ RunTime:0.000139s ]
INFO: [ template_filter ] --END-- [ RunTime:0.000445s ]
INFO: Run Behavior\ParseTemplateBehavior [ RunTime:0.012237s ]
INFO: [ view_parse ] --END-- [ RunTime:0.012424s ]
INFO: [ view_filter ] --START--
INFO: Run Behavior\WriteHtmlCacheBehavior [ RunTime:0.000507s ]
INFO: [ view_filter ] --END-- [ RunTime:0.000635s ]

[ 2016-02-13T19:14:23+08:00 ] ::1 /BBTer/bbter-all/index.php/Home/Login
INFO: [ app_init ] --START--
INFO: Run Behavior\BuildLiteBehavior [ RunTime:0.000030s ]
INFO: [ app_init ] --END-- [ RunTime:0.000475s ]
INFO: [ app_begin ] --START--
INFO: Run Behavior\ReadHtmlCacheBehavior [ RunTime:0.000788s ]
INFO: [ app_begin ] --END-- [ RunTime:0.000938s ]
NOTIC: [8] Use of undefined constant Org - assumed 'Org' E:\wamp\wamp\www\BBTer\bbter-all\Application\Home\Controller\LoginController.class.php 第 5 行.
NOTIC: [8] Use of undefined constant Util - assumed 'Util' E:\wamp\wamp\www\BBTer\bbter-all\Application\Home\Controller\LoginController.class.php 第 5 行.
NOTIC: [8] Use of undefined constant Token - assumed 'Token' E:\wamp\wamp\www\BBTer\bbter-all\Application\Home\Controller\LoginController.class.php 第 5 行.
NOTIC: [8] Use of undefined constant Org - assumed 'Org' E:\wamp\wamp\www\BBTer\bbter-all\Application\Home\Controller\LoginController.class.php 第 6 行.
NOTIC: [8] Use of undefined constant Util - assumed 'Util' E:\wamp\wamp\www\BBTer\bbter-all\Application\Home\Controller\LoginController.class.php 第 6 行.
NOTIC: [8] Use of undefined constant GibberishAES - assumed 'GibberishAES' E:\wamp\wamp\www\BBTer\bbter-all\Application\Home\Controller\LoginController.class.php 第 6 行.
INFO: [ view_parse ] --START--
INFO: [ template_filter ] --START--
INFO: Run Behavior\ContentReplaceBehavior [ RunTime:0.000127s ]
INFO: [ template_filter ] --END-- [ RunTime:0.000400s ]
INFO: Run Behavior\ParseTemplateBehavior [ RunTime:0.009123s ]
INFO: [ view_parse ] --END-- [ RunTime:0.009280s ]
INFO: [ view_filter ] --START--
INFO: Run Behavior\WriteHtmlCacheBehavior [ RunTime:0.000497s ]
INFO: [ view_filter ] --END-- [ RunTime:0.000623s ]

[ 2016-02-13T19:14:41+08:00 ] ::1 /BBTer/bbter-all/index.php/Home/Login
INFO: [ app_init ] --START--
INFO: Run Behavior\BuildLiteBehavior [ RunTime:0.000029s ]
INFO: [ app_init ] --END-- [ RunTime:0.000436s ]
INFO: [ app_begin ] --START--
INFO: Run Behavior\ReadHtmlCacheBehavior [ RunTime:0.000606s ]
INFO: [ app_begin ] --END-- [ RunTime:0.000743s ]
NOTIC: [8] Use of undefined constant Org - assumed 'Org' E:\wamp\wamp\www\BBTer\bbter-all\Application\Home\Controller\LoginController.class.php 第 5 行.
NOTIC: [8] Use of undefined constant Util - assumed 'Util' E:\wamp\wamp\www\BBTer\bbter-all\Application\Home\Controller\LoginController.class.php 第 5 行.
NOTIC: [8] Use of undefined constant Token - assumed 'Token' E:\wamp\wamp\www\BBTer\bbter-all\Application\Home\Controller\LoginController.class.php 第 5 行.
NOTIC: [8] Use of undefined constant Org - assumed 'Org' E:\wamp\wamp\www\BBTer\bbter-all\Application\Home\Controller\LoginController.class.php 第 6 行.
NOTIC: [8] Use of undefined constant Util - assumed 'Util' E:\wamp\wamp\www\BBTer\bbter-all\Application\Home\Controller\LoginController.class.php 第 6 行.
NOTIC: [8] Use of undefined constant GibberishAES - assumed 'GibberishAES' E:\wamp\wamp\www\BBTer\bbter-all\Application\Home\Controller\LoginController.class.php 第 6 行.
SQL: SHOW COLUMNS FROM `users` [ RunTime:0.0256s ]
SQL: SELECT * FROM `users` WHERE ( student_number = 201330554232 ) LIMIT 1   [ RunTime:0.0006s ]
INFO: [ view_parse ] --START--
INFO: [ template_filter ] --START--
INFO: Run Behavior\ContentReplaceBehavior [ RunTime:0.000178s ]
INFO: [ template_filter ] --END-- [ RunTime:0.000579s ]
INFO: Run Behavior\ParseTemplateBehavior [ RunTime:0.014065s ]
INFO: [ view_parse ] --END-- [ RunTime:0.014324s ]
INFO: [ view_filter ] --START--
INFO: Run Behavior\WriteHtmlCacheBehavior [ RunTime:0.000771s ]
INFO: [ view_filter ] --END-- [ RunTime:0.001039s ]

[ 2016-02-13T19:15:16+08:00 ] ::1 /BBTer/bbter-all/index.php/Home/Login
INFO: [ app_init ] --START--
INFO: Run Behavior\BuildLiteBehavior [ RunTime:0.000031s ]
INFO: [ app_init ] --END-- [ RunTime:0.000480s ]
INFO: [ app_begin ] --START--
INFO: Run Behavior\ReadHtmlCacheBehavior [ RunTime:0.001325s ]
INFO: [ app_begin ] --END-- [ RunTime:0.001757s ]
NOTIC: [8] Use of undefined constant Org - assumed 'Org' E:\wamp\wamp\www\BBTer\bbter-all\Application\Home\Controller\LoginController.class.php 第 5 行.
NOTIC: [8] Use of undefined constant Util - assumed 'Util' E:\wamp\wamp\www\BBTer\bbter-all\Application\Home\Controller\LoginController.class.php 第 5 行.
NOTIC: [8] Use of undefined constant Token - assumed 'Token' E:\wamp\wamp\www\BBTer\bbter-all\Application\Home\Controller\LoginController.class.php 第 5 行.
NOTIC: [8] Use of undefined constant Org - assumed 'Org' E:\wamp\wamp\www\BBTer\bbter-all\Application\Home\Controller\LoginController.class.php 第 6 行.
NOTIC: [8] Use of undefined constant Util - assumed 'Util' E:\wamp\wamp\www\BBTer\bbter-all\Application\Home\Controller\LoginController.class.php 第 6 行.
NOTIC: [8] Use of undefined constant GibberishAES - assumed 'GibberishAES' E:\wamp\wamp\www\BBTer\bbter-all\Application\Home\Controller\LoginController.class.php 第 6 行.
SQL: SHOW COLUMNS FROM `users` [ RunTime:0.0140s ]
SQL: SELECT * FROM `users` WHERE ( student_number = 201330551303 ) LIMIT 1   [ RunTime:0.0003s ]
INFO: [ view_parse ] --START--
INFO: [ template_filter ] --START--
INFO: Run Behavior\ContentReplaceBehavior [ RunTime:0.000074s ]
INFO: [ template_filter ] --END-- [ RunTime:0.000243s ]
INFO: Run Behavior\ParseTemplateBehavior [ RunTime:0.009559s ]
INFO: [ view_parse ] --END-- [ RunTime:0.009804s ]
INFO: [ view_filter ] --START--
INFO: Run Behavior\WriteHtmlCacheBehavior [ RunTime:0.000765s ]
INFO: [ view_filter ] --END-- [ RunTime:0.000942s ]

[ 2016-02-13T19:17:38+08:00 ] ::1 /BBTer/bbter-all/index.php/Home/Login
INFO: [ app_init ] --START--
INFO: Run Behavior\BuildLiteBehavior [ RunTime:0.000027s ]
INFO: [ app_init ] --END-- [ RunTime:0.000414s ]
INFO: [ app_begin ] --START--
INFO: Run Behavior\ReadHtmlCacheBehavior [ RunTime:0.000636s ]
INFO: [ app_begin ] --END-- [ RunTime:0.000775s ]
NOTIC: [8] Use of undefined constant Org - assumed 'Org' E:\wamp\wamp\www\BBTer\bbter-all\Application\Home\Controller\LoginController.class.php 第 5 行.
NOTIC: [8] Use of undefined constant Util - assumed 'Util' E:\wamp\wamp\www\BBTer\bbter-all\Application\Home\Controller\LoginController.class.php 第 5 行.
NOTIC: [8] Use of undefined constant Token - assumed 'Token' E:\wamp\wamp\www\BBTer\bbter-all\Application\Home\Controller\LoginController.class.php 第 5 行.
NOTIC: [8] Use of undefined constant Org - assumed 'Org' E:\wamp\wamp\www\BBTer\bbter-all\Application\Home\Controller\LoginController.class.php 第 6 行.
NOTIC: [8] Use of undefined constant Util - assumed 'Util' E:\wamp\wamp\www\BBTer\bbter-all\Application\Home\Controller\LoginController.class.php 第 6 行.
NOTIC: [8] Use of undefined constant GibberishAES - assumed 'GibberishAES' E:\wamp\wamp\www\BBTer\bbter-all\Application\Home\Controller\LoginController.class.php 第 6 行.
SQL: SHOW COLUMNS FROM `users` [ RunTime:0.0080s ]
SQL: SELECT * FROM `users` WHERE ( student_number = 201330554232 ) LIMIT 1   [ RunTime:0.0004s ]
INFO: [ view_parse ] --START--
INFO: [ template_filter ] --START--
INFO: Run Behavior\ContentReplaceBehavior [ RunTime:0.000068s ]
INFO: [ template_filter ] --END-- [ RunTime:0.000218s ]
INFO: Run Behavior\ParseTemplateBehavior [ RunTime:0.006583s ]
INFO: [ view_parse ] --END-- [ RunTime:0.006743s ]
INFO: [ view_filter ] --START--
INFO: Run Behavior\WriteHtmlCacheBehavior [ RunTime:0.000485s ]
INFO: [ view_filter ] --END-- [ RunTime:0.000611s ]

[ 2016-02-13T19:18:46+08:00 ] ::1 /BBTer/bbter-all/index.php/Home/Login
INFO: [ app_init ] --START--
INFO: Run Behavior\BuildLiteBehavior [ RunTime:0.000027s ]
INFO: [ app_init ] --END-- [ RunTime:0.000411s ]
INFO: [ app_begin ] --START--
INFO: Run Behavior\ReadHtmlCacheBehavior [ RunTime:0.000647s ]
INFO: [ app_begin ] --END-- [ RunTime:0.000812s ]
NOTIC: [8] Use of undefined constant Org - assumed 'Org' E:\wamp\wamp\www\BBTer\bbter-all\Application\Home\Controller\LoginController.class.php 第 5 行.
NOTIC: [8] Use of undefined constant Util - assumed 'Util' E:\wamp\wamp\www\BBTer\bbter-all\Application\Home\Controller\LoginController.class.php 第 5 行.
NOTIC: [8] Use of undefined constant Token - assumed 'Token' E:\wamp\wamp\www\BBTer\bbter-all\Application\Home\Controller\LoginController.class.php 第 5 行.
NOTIC: [8] Use of undefined constant Org - assumed 'Org' E:\wamp\wamp\www\BBTer\bbter-all\Application\Home\Controller\LoginController.class.php 第 6 行.
NOTIC: [8] Use of undefined constant Util - assumed 'Util' E:\wamp\wamp\www\BBTer\bbter-all\Application\Home\Controller\LoginController.class.php 第 6 行.
NOTIC: [8] Use of undefined constant GibberishAES - assumed 'GibberishAES' E:\wamp\wamp\www\BBTer\bbter-all\Application\Home\Controller\LoginController.class.php 第 6 行.
SQL: SHOW COLUMNS FROM `users` [ RunTime:0.0078s ]
SQL: SELECT * FROM `users` WHERE ( student_number=201330554232 ) LIMIT 1   [ RunTime:0.0009s ]
INFO: [ view_parse ] --START--
INFO: [ template_filter ] --START--
INFO: Run Behavior\ContentReplaceBehavior [ RunTime:0.000067s ]
INFO: [ template_filter ] --END-- [ RunTime:0.000221s ]
INFO: Run Behavior\ParseTemplateBehavior [ RunTime:0.006689s ]
INFO: [ view_parse ] --END-- [ RunTime:0.006900s ]
INFO: [ view_filter ] --START--
INFO: Run Behavior\WriteHtmlCacheBehavior [ RunTime:0.000491s ]
INFO: [ view_filter ] --END-- [ RunTime:0.000619s ]

[ 2016-02-13T19:20:38+08:00 ] ::1 /BBTer/bbter-all/index.php/Home/Login
INFO: [ app_init ] --START--
INFO: Run Behavior\BuildLiteBehavior [ RunTime:0.000028s ]
INFO: [ app_init ] --END-- [ RunTime:0.000411s ]
INFO: [ app_begin ] --START--
INFO: Run Behavior\ReadHtmlCacheBehavior [ RunTime:0.000571s ]
INFO: [ app_begin ] --END-- [ RunTime:0.000698s ]
NOTIC: [8] Use of undefined constant Org - assumed 'Org' E:\wamp\wamp\www\BBTer\bbter-all\Application\Home\Controller\LoginController.class.php 第 5 行.
NOTIC: [8] Use of undefined constant Util - assumed 'Util' E:\wamp\wamp\www\BBTer\bbter-all\Application\Home\Controller\LoginController.class.php 第 5 行.
NOTIC: [8] Use of undefined constant Token - assumed 'Token' E:\wamp\wamp\www\BBTer\bbter-all\Application\Home\Controller\LoginController.class.php 第 5 行.
NOTIC: [8] Use of undefined constant Org - assumed 'Org' E:\wamp\wamp\www\BBTer\bbter-all\Application\Home\Controller\LoginController.class.php 第 6 行.
NOTIC: [8] Use of undefined constant Util - assumed 'Util' E:\wamp\wamp\www\BBTer\bbter-all\Application\Home\Controller\LoginController.class.php 第 6 行.
NOTIC: [8] Use of undefined constant GibberishAES - assumed 'GibberishAES' E:\wamp\wamp\www\BBTer\bbter-all\Application\Home\Controller\LoginController.class.php 第 6 行.
SQL: SHOW COLUMNS FROM `users` [ RunTime:0.0071s ]
SQL: SELECT * FROM `users` WHERE ( student_number=201330554232 )  [ RunTime:0.0004s ]
INFO: [ view_parse ] --START--
INFO: [ template_filter ] --START--
INFO: Run Behavior\ContentReplaceBehavior [ RunTime:0.000075s ]
INFO: [ template_filter ] --END-- [ RunTime:0.000247s ]
INFO: Run Behavior\ParseTemplateBehavior [ RunTime:0.008375s ]
INFO: [ view_parse ] --END-- [ RunTime:0.008548s ]
INFO: [ view_filter ] --START--
INFO: Run Behavior\WriteHtmlCacheBehavior [ RunTime:0.000752s ]
INFO: [ view_filter ] --END-- [ RunTime:0.001010s ]

[ 2016-02-13T19:20:45+08:00 ] ::1 /BBTer/bbter-all/index.php/Home/Login
INFO: [ app_init ] --START--
INFO: Run Behavior\BuildLiteBehavior [ RunTime:0.000028s ]
INFO: [ app_init ] --END-- [ RunTime:0.000466s ]
INFO: [ app_begin ] --START--
INFO: Run Behavior\ReadHtmlCacheBehavior [ RunTime:0.000689s ]
INFO: [ app_begin ] --END-- [ RunTime:0.000833s ]
NOTIC: [8] Use of undefined constant Org - assumed 'Org' E:\wamp\wamp\www\BBTer\bbter-all\Application\Home\Controller\LoginController.class.php 第 5 行.
NOTIC: [8] Use of undefined constant Util - assumed 'Util' E:\wamp\wamp\www\BBTer\bbter-all\Application\Home\Controller\LoginController.class.php 第 5 行.
NOTIC: [8] Use of undefined constant Token - assumed 'Token' E:\wamp\wamp\www\BBTer\bbter-all\Application\Home\Controller\LoginController.class.php 第 5 行.
NOTIC: [8] Use of undefined constant Org - assumed 'Org' E:\wamp\wamp\www\BBTer\bbter-all\Application\Home\Controller\LoginController.class.php 第 6 行.
NOTIC: [8] Use of undefined constant Util - assumed 'Util' E:\wamp\wamp\www\BBTer\bbter-all\Application\Home\Controller\LoginController.class.php 第 6 行.
NOTIC: [8] Use of undefined constant GibberishAES - assumed 'GibberishAES' E:\wamp\wamp\www\BBTer\bbter-all\Application\Home\Controller\LoginController.class.php 第 6 行.
SQL: SHOW COLUMNS FROM `users` [ RunTime:0.0071s ]
SQL: SELECT * FROM `users` WHERE ( student_number=201330554232 )  [ RunTime:0.0010s ]
INFO: [ view_parse ] --START--
INFO: [ template_filter ] --START--
INFO: Run Behavior\ContentReplaceBehavior [ RunTime:0.000072s ]
INFO: [ template_filter ] --END-- [ RunTime:0.000230s ]
INFO: Run Behavior\ParseTemplateBehavior [ RunTime:0.007653s ]
INFO: [ view_parse ] --END-- [ RunTime:0.007893s ]
INFO: [ view_filter ] --START--
INFO: Run Behavior\WriteHtmlCacheBehavior [ RunTime:0.000767s ]
INFO: [ view_filter ] --END-- [ RunTime:0.001012s ]

[ 2016-02-13T19:21:00+08:00 ] ::1 /BBTer/bbter-all/index.php/Home/Login
INFO: [ app_init ] --START--
INFO: Run Behavior\BuildLiteBehavior [ RunTime:0.000069s ]
INFO: [ app_init ] --END-- [ RunTime:0.001540s ]
INFO: [ app_begin ] --START--
INFO: Run Behavior\ReadHtmlCacheBehavior [ RunTime:0.001005s ]
INFO: [ app_begin ] --END-- [ RunTime:0.001272s ]
NOTIC: [8] Use of undefined constant Org - assumed 'Org' E:\wamp\wamp\www\BBTer\bbter-all\Application\Home\Controller\LoginController.class.php 第 5 行.
NOTIC: [8] Use of undefined constant Util - assumed 'Util' E:\wamp\wamp\www\BBTer\bbter-all\Application\Home\Controller\LoginController.class.php 第 5 行.
NOTIC: [8] Use of undefined constant Token - assumed 'Token' E:\wamp\wamp\www\BBTer\bbter-all\Application\Home\Controller\LoginController.class.php 第 5 行.
NOTIC: [8] Use of undefined constant Org - assumed 'Org' E:\wamp\wamp\www\BBTer\bbter-all\Application\Home\Controller\LoginController.class.php 第 6 行.
NOTIC: [8] Use of undefined constant Util - assumed 'Util' E:\wamp\wamp\www\BBTer\bbter-all\Application\Home\Controller\LoginController.class.php 第 6 行.
NOTIC: [8] Use of undefined constant GibberishAES - assumed 'GibberishAES' E:\wamp\wamp\www\BBTer\bbter-all\Application\Home\Controller\LoginController.class.php 第 6 行.
SQL: SHOW COLUMNS FROM `users` [ RunTime:0.0132s ]
SQL: SELECT * FROM `users` WHERE ( student_number=201330551303 )  [ RunTime:0.0003s ]
NOTIC: [8] Undefined index: status E:\wamp\wamp\www\BBTer\bbter-all\Application\Home\Controller\LoginController.class.php 第 45 行.
INFO: [ view_parse ] --START--
INFO: [ template_filter ] --START--
INFO: Run Behavior\ContentReplaceBehavior [ RunTime:0.000069s ]
INFO: [ template_filter ] --END-- [ RunTime:0.000225s ]
INFO: Run Behavior\ParseTemplateBehavior [ RunTime:0.006615s ]
INFO: [ view_parse ] --END-- [ RunTime:0.006865s ]
INFO: [ view_filter ] --START--
INFO: Run Behavior\WriteHtmlCacheBehavior [ RunTime:0.000679s ]
INFO: [ view_filter ] --END-- [ RunTime:0.000914s ]

[ 2016-02-13T19:21:46+08:00 ] ::1 /BBTer/bbter-all/index.php/Home/Login
INFO: [ app_init ] --START--
INFO: Run Behavior\BuildLiteBehavior [ RunTime:0.000060s ]
INFO: [ app_init ] --END-- [ RunTime:0.000658s ]
INFO: [ app_begin ] --START--
INFO: Run Behavior\ReadHtmlCacheBehavior [ RunTime:0.002989s ]
INFO: [ app_begin ] --END-- [ RunTime:0.004260s ]
NOTIC: [8] Use of undefined constant Org - assumed 'Org' E:\wamp\wamp\www\BBTer\bbter-all\Application\Home\Controller\LoginController.class.php 第 5 行.
NOTIC: [8] Use of undefined constant Util - assumed 'Util' E:\wamp\wamp\www\BBTer\bbter-all\Application\Home\Controller\LoginController.class.php 第 5 行.
NOTIC: [8] Use of undefined constant Token - assumed 'Token' E:\wamp\wamp\www\BBTer\bbter-all\Application\Home\Controller\LoginController.class.php 第 5 行.
NOTIC: [8] Use of undefined constant Org - assumed 'Org' E:\wamp\wamp\www\BBTer\bbter-all\Application\Home\Controller\LoginController.class.php 第 6 行.
NOTIC: [8] Use of undefined constant Util - assumed 'Util' E:\wamp\wamp\www\BBTer\bbter-all\Application\Home\Controller\LoginController.class.php 第 6 行.
NOTIC: [8] Use of undefined constant GibberishAES - assumed 'GibberishAES' E:\wamp\wamp\www\BBTer\bbter-all\Application\Home\Controller\LoginController.class.php 第 6 行.
SQL: SHOW COLUMNS FROM `users` [ RunTime:0.0098s ]
SQL: SELECT * FROM `users` WHERE ( student_number=201330551303 )  [ RunTime:0.0004s ]
NOTIC: [8] Undefined index: status E:\wamp\wamp\www\BBTer\bbter-all\Application\Home\Controller\LoginController.class.php 第 45 行.
INFO: [ view_parse ] --START--
INFO: [ template_filter ] --START--
INFO: Run Behavior\ContentReplaceBehavior [ RunTime:0.000073s ]
INFO: [ template_filter ] --END-- [ RunTime:0.000244s ]
INFO: Run Behavior\ParseTemplateBehavior [ RunTime:0.007290s ]
INFO: [ view_parse ] --END-- [ RunTime:0.007516s ]
INFO: [ view_filter ] --START--
INFO: Run Behavior\WriteHtmlCacheBehavior [ RunTime:0.000684s ]
INFO: [ view_filter ] --END-- [ RunTime:0.000921s ]

[ 2016-02-13T19:21:55+08:00 ] ::1 /BBTer/bbter-all/index.php/Home/Login
INFO: [ app_init ] --START--
INFO: Run Behavior\BuildLiteBehavior [ RunTime:0.000027s ]
INFO: [ app_init ] --END-- [ RunTime:0.000407s ]
INFO: [ app_begin ] --START--
INFO: Run Behavior\ReadHtmlCacheBehavior [ RunTime:0.000567s ]
INFO: [ app_begin ] --END-- [ RunTime:0.000693s ]
NOTIC: [8] Use of undefined constant Org - assumed 'Org' E:\wamp\wamp\www\BBTer\bbter-all\Application\Home\Controller\LoginController.class.php 第 5 行.
NOTIC: [8] Use of undefined constant Util - assumed 'Util' E:\wamp\wamp\www\BBTer\bbter-all\Application\Home\Controller\LoginController.class.php 第 5 行.
NOTIC: [8] Use of undefined constant Token - assumed 'Token' E:\wamp\wamp\www\BBTer\bbter-all\Application\Home\Controller\LoginController.class.php 第 5 行.
NOTIC: [8] Use of undefined constant Org - assumed 'Org' E:\wamp\wamp\www\BBTer\bbter-all\Application\Home\Controller\LoginController.class.php 第 6 行.
NOTIC: [8] Use of undefined constant Util - assumed 'Util' E:\wamp\wamp\www\BBTer\bbter-all\Application\Home\Controller\LoginController.class.php 第 6 行.
NOTIC: [8] Use of undefined constant GibberishAES - assumed 'GibberishAES' E:\wamp\wamp\www\BBTer\bbter-all\Application\Home\Controller\LoginController.class.php 第 6 行.
SQL: SHOW COLUMNS FROM `users` [ RunTime:0.0076s ]
SQL: SELECT * FROM `users` WHERE ( student_number=201330551303 )  [ RunTime:0.0004s ]
NOTIC: [8] Undefined index: status E:\wamp\wamp\www\BBTer\bbter-all\Application\Home\Controller\LoginController.class.php 第 45 行.
INFO: [ view_parse ] --START--
INFO: [ template_filter ] --START--
INFO: Run Behavior\ContentReplaceBehavior [ RunTime:0.000069s ]
INFO: [ template_filter ] --END-- [ RunTime:0.000225s ]
INFO: Run Behavior\ParseTemplateBehavior [ RunTime:0.007833s ]
INFO: [ view_parse ] --END-- [ RunTime:0.007993s ]
INFO: [ view_filter ] --START--
INFO: Run Behavior\WriteHtmlCacheBehavior [ RunTime:0.000507s ]
INFO: [ view_filter ] --END-- [ RunTime:0.000636s ]

[ 2016-02-13T19:22:07+08:00 ] ::1 /BBTer/bbter-all/index.php/Home/Login
INFO: [ app_init ] --START--
INFO: Run Behavior\BuildLiteBehavior [ RunTime:0.000041s ]
INFO: [ app_init ] --END-- [ RunTime:0.000696s ]
INFO: [ app_begin ] --START--
INFO: Run Behavior\ReadHtmlCacheBehavior [ RunTime:0.000596s ]
INFO: [ app_begin ] --END-- [ RunTime:0.000726s ]
NOTIC: [8] Use of undefined constant Org - assumed 'Org' E:\wamp\wamp\www\BBTer\bbter-all\Application\Home\Controller\LoginController.class.php 第 5 行.
NOTIC: [8] Use of undefined constant Util - assumed 'Util' E:\wamp\wamp\www\BBTer\bbter-all\Application\Home\Controller\LoginController.class.php 第 5 行.
NOTIC: [8] Use of undefined constant Token - assumed 'Token' E:\wamp\wamp\www\BBTer\bbter-all\Application\Home\Controller\LoginController.class.php 第 5 行.
NOTIC: [8] Use of undefined constant Org - assumed 'Org' E:\wamp\wamp\www\BBTer\bbter-all\Application\Home\Controller\LoginController.class.php 第 6 行.
NOTIC: [8] Use of undefined constant Util - assumed 'Util' E:\wamp\wamp\www\BBTer\bbter-all\Application\Home\Controller\LoginController.class.php 第 6 行.
NOTIC: [8] Use of undefined constant GibberishAES - assumed 'GibberishAES' E:\wamp\wamp\www\BBTer\bbter-all\Application\Home\Controller\LoginController.class.php 第 6 行.
SQL: SHOW COLUMNS FROM `users` [ RunTime:0.0075s ]
SQL: SELECT * FROM `users` WHERE ( student_number=201330551303 )  [ RunTime:0.0004s ]
NOTIC: [8] Undefined index: status E:\wamp\wamp\www\BBTer\bbter-all\Application\Home\Controller\LoginController.class.php 第 45 行.
INFO: [ view_parse ] --START--
INFO: [ template_filter ] --START--
INFO: Run Behavior\ContentReplaceBehavior [ RunTime:0.000182s ]
INFO: [ template_filter ] --END-- [ RunTime:0.000537s ]
INFO: Run Behavior\ParseTemplateBehavior [ RunTime:0.007101s ]
INFO: [ view_parse ] --END-- [ RunTime:0.007275s ]
INFO: [ view_filter ] --START--
INFO: Run Behavior\WriteHtmlCacheBehavior [ RunTime:0.000504s ]
INFO: [ view_filter ] --END-- [ RunTime:0.000636s ]

