[ 2016-02-14T15:45:36+08:00 ] ::1 /BBTer/bbter-all/index.php/Home/
INFO: [ app_init ] --START--
INFO: Run Behavior\BuildLiteBehavior [ RunTime:0.000069s ]
INFO: [ app_init ] --END-- [ RunTime:0.013525s ]
INFO: [ app_begin ] --START--
INFO: Run Behavior\ReadHtmlCacheBehavior [ RunTime:0.010673s ]
INFO: [ app_begin ] --END-- [ RunTime:0.010915s ]
INFO: [ view_parse ] --START--
INFO: Run Behavior\ParseTemplateBehavior [ RunTime:0.005737s ]
INFO: [ view_parse ] --END-- [ RunTime:0.006060s ]
INFO: [ view_filter ] --START--
INFO: Run Behavior\WriteHtmlCacheBehavior [ RunTime:0.005796s ]
INFO: [ view_filter ] --END-- [ RunTime:0.006079s ]
INFO: [ app_end ] --START--
INFO: Run Behavior\ShowPageTraceBehavior [ RunTime:0.016324s ]
INFO: [ app_end ] --END-- [ RunTime:0.016604s ]

[ 2016-02-14T15:45:44+08:00 ] ::1 /BBTer/bbter-all/index.php/Home/
INFO: [ app_init ] --START--
INFO: Run Behavior\BuildLiteBehavior [ RunTime:0.000072s ]
INFO: [ app_init ] --END-- [ RunTime:0.001139s ]
INFO: [ app_begin ] --START--
INFO: Run Behavior\ReadHtmlCacheBehavior [ RunTime:0.001269s ]
INFO: [ app_begin ] --END-- [ RunTime:0.001588s ]
INFO: [ view_parse ] --START--
INFO: Run Behavior\ParseTemplateBehavior [ RunTime:0.000956s ]
INFO: [ view_parse ] --END-- [ RunTime:0.001271s ]
INFO: [ view_filter ] --START--
INFO: Run Behavior\WriteHtmlCacheBehavior [ RunTime:0.000758s ]
INFO: [ view_filter ] --END-- [ RunTime:0.001026s ]
INFO: [ app_end ] --START--
INFO: Run Behavior\ShowPageTraceBehavior [ RunTime:0.002031s ]
INFO: [ app_end ] --END-- [ RunTime:0.002340s ]

[ 2016-02-14T15:45:50+08:00 ] ::1 /BBTer/bbter-all/index.php/Home/Login
INFO: [ app_init ] --START--
INFO: Run Behavior\BuildLiteBehavior [ RunTime:0.000028s ]
INFO: [ app_init ] --END-- [ RunTime:0.000416s ]
INFO: [ app_begin ] --START--
INFO: Run Behavior\ReadHtmlCacheBehavior [ RunTime:0.000577s ]
INFO: [ app_begin ] --END-- [ RunTime:0.000705s ]
NOTIC: [8] Use of undefined constant Org - assumed 'Org' E:\wamp\wamp\www\BBTer\bbter-all\Application\Home\Controller\LoginController.class.php 第 5 行.
NOTIC: [8] Use of undefined constant Util - assumed 'Util' E:\wamp\wamp\www\BBTer\bbter-all\Application\Home\Controller\LoginController.class.php 第 5 行.
NOTIC: [8] Use of undefined constant Token - assumed 'Token' E:\wamp\wamp\www\BBTer\bbter-all\Application\Home\Controller\LoginController.class.php 第 5 行.
NOTIC: [8] Use of undefined constant Org - assumed 'Org' E:\wamp\wamp\www\BBTer\bbter-all\Application\Home\Controller\LoginController.class.php 第 6 行.
NOTIC: [8] Use of undefined constant Util - assumed 'Util' E:\wamp\wamp\www\BBTer\bbter-all\Application\Home\Controller\LoginController.class.php 第 6 行.
NOTIC: [8] Use of undefined constant GibberishAES - assumed 'GibberishAES' E:\wamp\wamp\www\BBTer\bbter-all\Application\Home\Controller\LoginController.class.php 第 6 行.
SQL: SHOW COLUMNS FROM `users` [ RunTime:0.0104s ]
SQL: SELECT * FROM `users` WHERE ( student_number=201330551303 )  [ RunTime:0.0004s ]
NOTIC: [8] Undefined index: status E:\wamp\wamp\www\BBTer\bbter-all\Application\Home\Controller\LoginController.class.php 第 46 行.
INFO: [ view_parse ] --START--
INFO: [ template_filter ] --START--
INFO: Run Behavior\ContentReplaceBehavior [ RunTime:0.000075s ]
INFO: [ template_filter ] --END-- [ RunTime:0.000254s ]
INFO: Run Behavior\ParseTemplateBehavior [ RunTime:0.064648s ]
INFO: [ view_parse ] --END-- [ RunTime:0.064880s ]
INFO: [ view_filter ] --START--
INFO: Run Behavior\WriteHtmlCacheBehavior [ RunTime:0.000549s ]
INFO: [ view_filter ] --END-- [ RunTime:0.000675s ]

[ 2016-02-14T15:46:14+08:00 ] ::1 /BBTer/bbter-all/index.php/Home/Login
INFO: [ app_init ] --START--
INFO: Run Behavior\BuildLiteBehavior [ RunTime:0.000032s ]
INFO: [ app_init ] --END-- [ RunTime:0.000483s ]
INFO: [ app_begin ] --START--
INFO: Run Behavior\ReadHtmlCacheBehavior [ RunTime:0.001122s ]
INFO: [ app_begin ] --END-- [ RunTime:0.001370s ]
NOTIC: [8] Use of undefined constant Org - assumed 'Org' E:\wamp\wamp\www\BBTer\bbter-all\Application\Home\Controller\LoginController.class.php 第 5 行.
NOTIC: [8] Use of undefined constant Util - assumed 'Util' E:\wamp\wamp\www\BBTer\bbter-all\Application\Home\Controller\LoginController.class.php 第 5 行.
NOTIC: [8] Use of undefined constant Token - assumed 'Token' E:\wamp\wamp\www\BBTer\bbter-all\Application\Home\Controller\LoginController.class.php 第 5 行.
NOTIC: [8] Use of undefined constant Org - assumed 'Org' E:\wamp\wamp\www\BBTer\bbter-all\Application\Home\Controller\LoginController.class.php 第 6 行.
NOTIC: [8] Use of undefined constant Util - assumed 'Util' E:\wamp\wamp\www\BBTer\bbter-all\Application\Home\Controller\LoginController.class.php 第 6 行.
NOTIC: [8] Use of undefined constant GibberishAES - assumed 'GibberishAES' E:\wamp\wamp\www\BBTer\bbter-all\Application\Home\Controller\LoginController.class.php 第 6 行.
SQL: SHOW COLUMNS FROM `users` [ RunTime:0.0079s ]
SQL: SELECT * FROM `users` WHERE ( student_number=201330551303 )  [ RunTime:0.0003s ]
NOTIC: [8] Undefined index: status E:\wamp\wamp\www\BBTer\bbter-all\Application\Home\Controller\LoginController.class.php 第 46 行.
INFO: [ view_parse ] --START--
INFO: [ template_filter ] --START--
INFO: Run Behavior\ContentReplaceBehavior [ RunTime:0.000067s ]
INFO: [ template_filter ] --END-- [ RunTime:0.000223s ]
INFO: Run Behavior\ParseTemplateBehavior [ RunTime:0.007307s ]
INFO: [ view_parse ] --END-- [ RunTime:0.007468s ]
INFO: [ view_filter ] --START--
INFO: Run Behavior\WriteHtmlCacheBehavior [ RunTime:0.000501s ]
INFO: [ view_filter ] --END-- [ RunTime:0.000680s ]

[ 2016-02-14T15:46:54+08:00 ] ::1 /BBTer/bbter-all/index.php/Home/Login
INFO: [ app_init ] --START--
INFO: Run Behavior\BuildLiteBehavior [ RunTime:0.000030s ]
INFO: [ app_init ] --END-- [ RunTime:0.000593s ]
INFO: [ app_begin ] --START--
INFO: Run Behavior\ReadHtmlCacheBehavior [ RunTime:0.000992s ]
INFO: [ app_begin ] --END-- [ RunTime:0.001143s ]
NOTIC: [8] Use of undefined constant Org - assumed 'Org' E:\wamp\wamp\www\BBTer\bbter-all\Application\Home\Controller\LoginController.class.php 第 5 行.
NOTIC: [8] Use of undefined constant Util - assumed 'Util' E:\wamp\wamp\www\BBTer\bbter-all\Application\Home\Controller\LoginController.class.php 第 5 行.
NOTIC: [8] Use of undefined constant Token - assumed 'Token' E:\wamp\wamp\www\BBTer\bbter-all\Application\Home\Controller\LoginController.class.php 第 5 行.
NOTIC: [8] Use of undefined constant Org - assumed 'Org' E:\wamp\wamp\www\BBTer\bbter-all\Application\Home\Controller\LoginController.class.php 第 6 行.
NOTIC: [8] Use of undefined constant Util - assumed 'Util' E:\wamp\wamp\www\BBTer\bbter-all\Application\Home\Controller\LoginController.class.php 第 6 行.
NOTIC: [8] Use of undefined constant GibberishAES - assumed 'GibberishAES' E:\wamp\wamp\www\BBTer\bbter-all\Application\Home\Controller\LoginController.class.php 第 6 行.
SQL: SHOW COLUMNS FROM `users` [ RunTime:0.0084s ]
SQL: SELECT * FROM `users` WHERE ( student_number=201330551303 )  [ RunTime:0.0004s ]
NOTIC: [8] Undefined index: status E:\wamp\wamp\www\BBTer\bbter-all\Application\Home\Controller\LoginController.class.php 第 46 行.
INFO: [ view_parse ] --START--
INFO: [ template_filter ] --START--
INFO: Run Behavior\ContentReplaceBehavior [ RunTime:0.000068s ]
INFO: [ template_filter ] --END-- [ RunTime:0.000208s ]
INFO: Run Behavior\ParseTemplateBehavior [ RunTime:0.008270s ]
INFO: [ view_parse ] --END-- [ RunTime:0.008445s ]
INFO: [ view_filter ] --START--
INFO: Run Behavior\WriteHtmlCacheBehavior [ RunTime:0.001072s ]
INFO: [ view_filter ] --END-- [ RunTime:0.001219s ]

[ 2016-02-14T15:54:22+08:00 ] ::1 /BBTer/bbter-all/index.php/Home/Login
INFO: [ app_init ] --START--
INFO: Run Behavior\BuildLiteBehavior [ RunTime:0.000031s ]
INFO: [ app_init ] --END-- [ RunTime:0.000475s ]
INFO: [ app_begin ] --START--
INFO: Run Behavior\ReadHtmlCacheBehavior [ RunTime:0.001613s ]
INFO: [ app_begin ] --END-- [ RunTime:0.001892s ]
NOTIC: [8] Use of undefined constant Org - assumed 'Org' E:\wamp\wamp\www\BBTer\bbter-all\Application\Home\Controller\LoginController.class.php 第 5 行.
NOTIC: [8] Use of undefined constant Util - assumed 'Util' E:\wamp\wamp\www\BBTer\bbter-all\Application\Home\Controller\LoginController.class.php 第 5 行.
NOTIC: [8] Use of undefined constant Token - assumed 'Token' E:\wamp\wamp\www\BBTer\bbter-all\Application\Home\Controller\LoginController.class.php 第 5 行.
NOTIC: [8] Use of undefined constant Org - assumed 'Org' E:\wamp\wamp\www\BBTer\bbter-all\Application\Home\Controller\LoginController.class.php 第 6 行.
NOTIC: [8] Use of undefined constant Util - assumed 'Util' E:\wamp\wamp\www\BBTer\bbter-all\Application\Home\Controller\LoginController.class.php 第 6 行.
NOTIC: [8] Use of undefined constant GibberishAES - assumed 'GibberishAES' E:\wamp\wamp\www\BBTer\bbter-all\Application\Home\Controller\LoginController.class.php 第 6 行.
SQL: SHOW COLUMNS FROM `users` [ RunTime:0.0092s ]
SQL: SELECT * FROM `users` WHERE ( student_number=201330551303 )  [ RunTime:0.0004s ]
NOTIC: [8] Undefined index: status E:\wamp\wamp\www\BBTer\bbter-all\Application\Home\Controller\LoginController.class.php 第 43 行.
INFO: [ view_parse ] --START--
INFO: [ template_filter ] --START--
INFO: Run Behavior\ContentReplaceBehavior [ RunTime:0.000090s ]
INFO: [ template_filter ] --END-- [ RunTime:0.000247s ]
INFO: Run Behavior\ParseTemplateBehavior [ RunTime:0.009034s ]
INFO: [ view_parse ] --END-- [ RunTime:0.009317s ]
INFO: [ view_filter ] --START--
INFO: Run Behavior\WriteHtmlCacheBehavior [ RunTime:0.000745s ]
INFO: [ view_filter ] --END-- [ RunTime:0.001004s ]

[ 2016-02-14T15:54:45+08:00 ] ::1 /BBTer/bbter-all/index.php/Home/Login
INFO: [ app_init ] --START--
INFO: Run Behavior\BuildLiteBehavior [ RunTime:0.000032s ]
INFO: [ app_init ] --END-- [ RunTime:0.000562s ]
INFO: [ app_begin ] --START--
INFO: Run Behavior\ReadHtmlCacheBehavior [ RunTime:0.000638s ]
INFO: [ app_begin ] --END-- [ RunTime:0.000777s ]
NOTIC: [8] Use of undefined constant Org - assumed 'Org' E:\wamp\wamp\www\BBTer\bbter-all\Application\Home\Controller\LoginController.class.php 第 5 行.
NOTIC: [8] Use of undefined constant Util - assumed 'Util' E:\wamp\wamp\www\BBTer\bbter-all\Application\Home\Controller\LoginController.class.php 第 5 行.
NOTIC: [8] Use of undefined constant Token - assumed 'Token' E:\wamp\wamp\www\BBTer\bbter-all\Application\Home\Controller\LoginController.class.php 第 5 行.
NOTIC: [8] Use of undefined constant Org - assumed 'Org' E:\wamp\wamp\www\BBTer\bbter-all\Application\Home\Controller\LoginController.class.php 第 6 行.
NOTIC: [8] Use of undefined constant Util - assumed 'Util' E:\wamp\wamp\www\BBTer\bbter-all\Application\Home\Controller\LoginController.class.php 第 6 行.
NOTIC: [8] Use of undefined constant GibberishAES - assumed 'GibberishAES' E:\wamp\wamp\www\BBTer\bbter-all\Application\Home\Controller\LoginController.class.php 第 6 行.
SQL: SHOW COLUMNS FROM `users` [ RunTime:0.0082s ]
SQL: SELECT * FROM `users` WHERE ( student_number=201330551303 ) LIMIT 1   [ RunTime:0.0004s ]
INFO: [ view_parse ] --START--
INFO: [ template_filter ] --START--
INFO: Run Behavior\ContentReplaceBehavior [ RunTime:0.000069s ]
INFO: [ template_filter ] --END-- [ RunTime:0.000209s ]
INFO: Run Behavior\ParseTemplateBehavior [ RunTime:0.006605s ]
INFO: [ view_parse ] --END-- [ RunTime:0.006764s ]
INFO: [ view_filter ] --START--
INFO: Run Behavior\WriteHtmlCacheBehavior [ RunTime:0.000502s ]
INFO: [ view_filter ] --END-- [ RunTime:0.000692s ]

[ 2016-02-14T15:54:48+08:00 ] ::1 /BBTer/bbter-all/index.php/Home/Login
INFO: [ app_init ] --START--
INFO: Run Behavior\BuildLiteBehavior [ RunTime:0.000028s ]
INFO: [ app_init ] --END-- [ RunTime:0.000456s ]
INFO: [ app_begin ] --START--
INFO: Run Behavior\ReadHtmlCacheBehavior [ RunTime:0.001448s ]
INFO: [ app_begin ] --END-- [ RunTime:0.001648s ]
NOTIC: [8] Use of undefined constant Org - assumed 'Org' E:\wamp\wamp\www\BBTer\bbter-all\Application\Home\Controller\LoginController.class.php 第 5 行.
NOTIC: [8] Use of undefined constant Util - assumed 'Util' E:\wamp\wamp\www\BBTer\bbter-all\Application\Home\Controller\LoginController.class.php 第 5 行.
NOTIC: [8] Use of undefined constant Token - assumed 'Token' E:\wamp\wamp\www\BBTer\bbter-all\Application\Home\Controller\LoginController.class.php 第 5 行.
NOTIC: [8] Use of undefined constant Org - assumed 'Org' E:\wamp\wamp\www\BBTer\bbter-all\Application\Home\Controller\LoginController.class.php 第 6 行.
NOTIC: [8] Use of undefined constant Util - assumed 'Util' E:\wamp\wamp\www\BBTer\bbter-all\Application\Home\Controller\LoginController.class.php 第 6 行.
NOTIC: [8] Use of undefined constant GibberishAES - assumed 'GibberishAES' E:\wamp\wamp\www\BBTer\bbter-all\Application\Home\Controller\LoginController.class.php 第 6 行.
SQL: SHOW COLUMNS FROM `users` [ RunTime:0.0097s ]
SQL: SELECT * FROM `users` WHERE ( student_number=201330551303 ) LIMIT 1   [ RunTime:0.0004s ]
INFO: [ view_parse ] --START--
INFO: [ template_filter ] --START--
INFO: Run Behavior\ContentReplaceBehavior [ RunTime:0.000066s ]
INFO: [ template_filter ] --END-- [ RunTime:0.000213s ]
INFO: Run Behavior\ParseTemplateBehavior [ RunTime:0.006630s ]
INFO: [ view_parse ] --END-- [ RunTime:0.006847s ]
INFO: [ view_filter ] --START--
INFO: Run Behavior\WriteHtmlCacheBehavior [ RunTime:0.000706s ]
INFO: [ view_filter ] --END-- [ RunTime:0.000944s ]

[ 2016-02-14T15:55:17+08:00 ] ::1 /BBTer/bbter-all/index.php/Home/Login
INFO: [ app_init ] --START--
INFO: Run Behavior\BuildLiteBehavior [ RunTime:0.000030s ]
INFO: [ app_init ] --END-- [ RunTime:0.000458s ]
INFO: [ app_begin ] --START--
INFO: Run Behavior\ReadHtmlCacheBehavior [ RunTime:0.000693s ]
INFO: [ app_begin ] --END-- [ RunTime:0.000849s ]
NOTIC: [8] Use of undefined constant Org - assumed 'Org' E:\wamp\wamp\www\BBTer\bbter-all\Application\Home\Controller\LoginController.class.php 第 5 行.
NOTIC: [8] Use of undefined constant Util - assumed 'Util' E:\wamp\wamp\www\BBTer\bbter-all\Application\Home\Controller\LoginController.class.php 第 5 行.
NOTIC: [8] Use of undefined constant Token - assumed 'Token' E:\wamp\wamp\www\BBTer\bbter-all\Application\Home\Controller\LoginController.class.php 第 5 行.
NOTIC: [8] Use of undefined constant Org - assumed 'Org' E:\wamp\wamp\www\BBTer\bbter-all\Application\Home\Controller\LoginController.class.php 第 6 行.
NOTIC: [8] Use of undefined constant Util - assumed 'Util' E:\wamp\wamp\www\BBTer\bbter-all\Application\Home\Controller\LoginController.class.php 第 6 行.
NOTIC: [8] Use of undefined constant GibberishAES - assumed 'GibberishAES' E:\wamp\wamp\www\BBTer\bbter-all\Application\Home\Controller\LoginController.class.php 第 6 行.
SQL: SHOW COLUMNS FROM `users` [ RunTime:0.0083s ]
SQL: SELECT * FROM `users` WHERE ( student_number=201330551303 ) LIMIT 1   [ RunTime:0.0004s ]
INFO: [ view_parse ] --START--
INFO: [ template_filter ] --START--
INFO: Run Behavior\ContentReplaceBehavior [ RunTime:0.000066s ]
INFO: [ template_filter ] --END-- [ RunTime:0.000202s ]
INFO: Run Behavior\ParseTemplateBehavior [ RunTime:0.006840s ]
INFO: [ view_parse ] --END-- [ RunTime:0.007059s ]
INFO: [ view_filter ] --START--
INFO: Run Behavior\WriteHtmlCacheBehavior [ RunTime:0.000543s ]
INFO: [ view_filter ] --END-- [ RunTime:0.000673s ]

[ 2016-02-14T15:55:17+08:00 ] ::1 /BBTer/bbter-all/index.php/Home/Login
INFO: [ app_init ] --START--
INFO: Run Behavior\BuildLiteBehavior [ RunTime:0.000054s ]
INFO: [ app_init ] --END-- [ RunTime:0.000762s ]
INFO: [ app_begin ] --START--
INFO: Run Behavior\ReadHtmlCacheBehavior [ RunTime:0.000973s ]
INFO: [ app_begin ] --END-- [ RunTime:0.001243s ]
NOTIC: [8] Use of undefined constant Org - assumed 'Org' E:\wamp\wamp\www\BBTer\bbter-all\Application\Home\Controller\LoginController.class.php 第 5 行.
NOTIC: [8] Use of undefined constant Util - assumed 'Util' E:\wamp\wamp\www\BBTer\bbter-all\Application\Home\Controller\LoginController.class.php 第 5 行.
NOTIC: [8] Use of undefined constant Token - assumed 'Token' E:\wamp\wamp\www\BBTer\bbter-all\Application\Home\Controller\LoginController.class.php 第 5 行.
NOTIC: [8] Use of undefined constant Org - assumed 'Org' E:\wamp\wamp\www\BBTer\bbter-all\Application\Home\Controller\LoginController.class.php 第 6 行.
NOTIC: [8] Use of undefined constant Util - assumed 'Util' E:\wamp\wamp\www\BBTer\bbter-all\Application\Home\Controller\LoginController.class.php 第 6 行.
NOTIC: [8] Use of undefined constant GibberishAES - assumed 'GibberishAES' E:\wamp\wamp\www\BBTer\bbter-all\Application\Home\Controller\LoginController.class.php 第 6 行.
SQL: SHOW COLUMNS FROM `users` [ RunTime:0.0049s ]
SQL: SELECT * FROM `users` WHERE ( student_number=201330551303 ) LIMIT 1   [ RunTime:0.0004s ]
INFO: [ view_parse ] --START--
INFO: [ template_filter ] --START--
INFO: Run Behavior\ContentReplaceBehavior [ RunTime:0.000071s ]
INFO: [ template_filter ] --END-- [ RunTime:0.000229s ]
INFO: Run Behavior\ParseTemplateBehavior [ RunTime:0.007259s ]
INFO: [ view_parse ] --END-- [ RunTime:0.007437s ]
INFO: [ view_filter ] --START--
INFO: Run Behavior\WriteHtmlCacheBehavior [ RunTime:0.000788s ]
INFO: [ view_filter ] --END-- [ RunTime:0.001054s ]

[ 2016-02-14T15:55:17+08:00 ] ::1 /BBTer/bbter-all/index.php/Home/Login
INFO: [ app_init ] --START--
INFO: Run Behavior\BuildLiteBehavior [ RunTime:0.000031s ]
INFO: [ app_init ] --END-- [ RunTime:0.000493s ]
INFO: [ app_begin ] --START--
INFO: Run Behavior\ReadHtmlCacheBehavior [ RunTime:0.000695s ]
INFO: [ app_begin ] --END-- [ RunTime:0.000850s ]
NOTIC: [8] Use of undefined constant Org - assumed 'Org' E:\wamp\wamp\www\BBTer\bbter-all\Application\Home\Controller\LoginController.class.php 第 5 行.
NOTIC: [8] Use of undefined constant Util - assumed 'Util' E:\wamp\wamp\www\BBTer\bbter-all\Application\Home\Controller\LoginController.class.php 第 5 行.
NOTIC: [8] Use of undefined constant Token - assumed 'Token' E:\wamp\wamp\www\BBTer\bbter-all\Application\Home\Controller\LoginController.class.php 第 5 行.
NOTIC: [8] Use of undefined constant Org - assumed 'Org' E:\wamp\wamp\www\BBTer\bbter-all\Application\Home\Controller\LoginController.class.php 第 6 行.
NOTIC: [8] Use of undefined constant Util - assumed 'Util' E:\wamp\wamp\www\BBTer\bbter-all\Application\Home\Controller\LoginController.class.php 第 6 行.
NOTIC: [8] Use of undefined constant GibberishAES - assumed 'GibberishAES' E:\wamp\wamp\www\BBTer\bbter-all\Application\Home\Controller\LoginController.class.php 第 6 行.
SQL: SHOW COLUMNS FROM `users` [ RunTime:0.0046s ]
SQL: SELECT * FROM `users` WHERE ( student_number=201330551303 ) LIMIT 1   [ RunTime:0.0004s ]
INFO: [ view_parse ] --START--
INFO: [ template_filter ] --START--
INFO: Run Behavior\ContentReplaceBehavior [ RunTime:0.000072s ]
INFO: [ template_filter ] --END-- [ RunTime:0.000221s ]
INFO: Run Behavior\ParseTemplateBehavior [ RunTime:0.008547s ]
INFO: [ view_parse ] --END-- [ RunTime:0.008721s ]
INFO: [ view_filter ] --START--
INFO: Run Behavior\WriteHtmlCacheBehavior [ RunTime:0.000551s ]
INFO: [ view_filter ] --END-- [ RunTime:0.000685s ]

[ 2016-02-14T15:55:19+08:00 ] ::1 /BBTer/bbter-all/index.php/Home/Login
INFO: [ app_init ] --START--
INFO: Run Behavior\BuildLiteBehavior [ RunTime:0.000027s ]
INFO: [ app_init ] --END-- [ RunTime:0.000420s ]
INFO: [ app_begin ] --START--
INFO: Run Behavior\ReadHtmlCacheBehavior [ RunTime:0.000674s ]
INFO: [ app_begin ] --END-- [ RunTime:0.000842s ]
NOTIC: [8] Use of undefined constant Org - assumed 'Org' E:\wamp\wamp\www\BBTer\bbter-all\Application\Home\Controller\LoginController.class.php 第 5 行.
NOTIC: [8] Use of undefined constant Util - assumed 'Util' E:\wamp\wamp\www\BBTer\bbter-all\Application\Home\Controller\LoginController.class.php 第 5 行.
NOTIC: [8] Use of undefined constant Token - assumed 'Token' E:\wamp\wamp\www\BBTer\bbter-all\Application\Home\Controller\LoginController.class.php 第 5 行.
NOTIC: [8] Use of undefined constant Org - assumed 'Org' E:\wamp\wamp\www\BBTer\bbter-all\Application\Home\Controller\LoginController.class.php 第 6 行.
NOTIC: [8] Use of undefined constant Util - assumed 'Util' E:\wamp\wamp\www\BBTer\bbter-all\Application\Home\Controller\LoginController.class.php 第 6 行.
NOTIC: [8] Use of undefined constant GibberishAES - assumed 'GibberishAES' E:\wamp\wamp\www\BBTer\bbter-all\Application\Home\Controller\LoginController.class.php 第 6 行.
SQL: SHOW COLUMNS FROM `users` [ RunTime:0.0089s ]
SQL: SELECT * FROM `users` WHERE ( student_number=201330551303 ) LIMIT 1   [ RunTime:0.0004s ]
INFO: [ view_parse ] --START--
INFO: [ template_filter ] --START--
INFO: Run Behavior\ContentReplaceBehavior [ RunTime:0.000065s ]
INFO: [ template_filter ] --END-- [ RunTime:0.000198s ]
INFO: Run Behavior\ParseTemplateBehavior [ RunTime:0.006685s ]
INFO: [ view_parse ] --END-- [ RunTime:0.006854s ]
INFO: [ view_filter ] --START--
INFO: Run Behavior\WriteHtmlCacheBehavior [ RunTime:0.000566s ]
INFO: [ view_filter ] --END-- [ RunTime:0.000703s ]

[ 2016-02-14T15:55:24+08:00 ] ::1 /BBTer/bbter-all/index.php/Home/Login
INFO: [ app_init ] --START--
INFO: Run Behavior\BuildLiteBehavior [ RunTime:0.000028s ]
INFO: [ app_init ] --END-- [ RunTime:0.000439s ]
INFO: [ app_begin ] --START--
INFO: Run Behavior\ReadHtmlCacheBehavior [ RunTime:0.000584s ]
INFO: [ app_begin ] --END-- [ RunTime:0.000713s ]
NOTIC: [8] Use of undefined constant Org - assumed 'Org' E:\wamp\wamp\www\BBTer\bbter-all\Application\Home\Controller\LoginController.class.php 第 5 行.
NOTIC: [8] Use of undefined constant Util - assumed 'Util' E:\wamp\wamp\www\BBTer\bbter-all\Application\Home\Controller\LoginController.class.php 第 5 行.
NOTIC: [8] Use of undefined constant Token - assumed 'Token' E:\wamp\wamp\www\BBTer\bbter-all\Application\Home\Controller\LoginController.class.php 第 5 行.
NOTIC: [8] Use of undefined constant Org - assumed 'Org' E:\wamp\wamp\www\BBTer\bbter-all\Application\Home\Controller\LoginController.class.php 第 6 行.
NOTIC: [8] Use of undefined constant Util - assumed 'Util' E:\wamp\wamp\www\BBTer\bbter-all\Application\Home\Controller\LoginController.class.php 第 6 行.
NOTIC: [8] Use of undefined constant GibberishAES - assumed 'GibberishAES' E:\wamp\wamp\www\BBTer\bbter-all\Application\Home\Controller\LoginController.class.php 第 6 行.
SQL: SHOW COLUMNS FROM `users` [ RunTime:0.0100s ]
SQL: SELECT * FROM `users` WHERE ( student_number=201330551303 ) LIMIT 1   [ RunTime:0.0004s ]
INFO: [ view_parse ] --START--
INFO: [ template_filter ] --START--
INFO: Run Behavior\ContentReplaceBehavior [ RunTime:0.000067s ]
INFO: [ template_filter ] --END-- [ RunTime:0.000202s ]
INFO: Run Behavior\ParseTemplateBehavior [ RunTime:0.006800s ]
INFO: [ view_parse ] --END-- [ RunTime:0.006966s ]
INFO: [ view_filter ] --START--
INFO: Run Behavior\WriteHtmlCacheBehavior [ RunTime:0.000500s ]
INFO: [ view_filter ] --END-- [ RunTime:0.000628s ]

[ 2016-02-14T15:55:55+08:00 ] ::1 /BBTer/bbter-all/index.php/Home/Login
INFO: [ app_init ] --START--
INFO: Run Behavior\BuildLiteBehavior [ RunTime:0.000028s ]
INFO: [ app_init ] --END-- [ RunTime:0.000456s ]
INFO: [ app_begin ] --START--
INFO: Run Behavior\ReadHtmlCacheBehavior [ RunTime:0.000607s ]
INFO: [ app_begin ] --END-- [ RunTime:0.000737s ]
NOTIC: [8] Use of undefined constant Org - assumed 'Org' E:\wamp\wamp\www\BBTer\bbter-all\Application\Home\Controller\LoginController.class.php 第 5 行.
NOTIC: [8] Use of undefined constant Util - assumed 'Util' E:\wamp\wamp\www\BBTer\bbter-all\Application\Home\Controller\LoginController.class.php 第 5 行.
NOTIC: [8] Use of undefined constant Token - assumed 'Token' E:\wamp\wamp\www\BBTer\bbter-all\Application\Home\Controller\LoginController.class.php 第 5 行.
NOTIC: [8] Use of undefined constant Org - assumed 'Org' E:\wamp\wamp\www\BBTer\bbter-all\Application\Home\Controller\LoginController.class.php 第 6 行.
NOTIC: [8] Use of undefined constant Util - assumed 'Util' E:\wamp\wamp\www\BBTer\bbter-all\Application\Home\Controller\LoginController.class.php 第 6 行.
NOTIC: [8] Use of undefined constant GibberishAES - assumed 'GibberishAES' E:\wamp\wamp\www\BBTer\bbter-all\Application\Home\Controller\LoginController.class.php 第 6 行.
SQL: SHOW COLUMNS FROM `users` [ RunTime:0.0101s ]
SQL: SELECT * FROM `users` WHERE ( student_number=201330551303 ) LIMIT 1   [ RunTime:0.0004s ]

[ 2016-02-14T15:56:13+08:00 ] ::1 /BBTer/bbter-all/index.php/Home/Login
INFO: [ app_init ] --START--
INFO: Run Behavior\BuildLiteBehavior [ RunTime:0.000030s ]
INFO: [ app_init ] --END-- [ RunTime:0.000458s ]
INFO: [ app_begin ] --START--
INFO: Run Behavior\ReadHtmlCacheBehavior [ RunTime:0.000576s ]
INFO: [ app_begin ] --END-- [ RunTime:0.000701s ]
NOTIC: [8] Use of undefined constant Org - assumed 'Org' E:\wamp\wamp\www\BBTer\bbter-all\Application\Home\Controller\LoginController.class.php 第 5 行.
NOTIC: [8] Use of undefined constant Util - assumed 'Util' E:\wamp\wamp\www\BBTer\bbter-all\Application\Home\Controller\LoginController.class.php 第 5 行.
NOTIC: [8] Use of undefined constant Token - assumed 'Token' E:\wamp\wamp\www\BBTer\bbter-all\Application\Home\Controller\LoginController.class.php 第 5 行.
NOTIC: [8] Use of undefined constant Org - assumed 'Org' E:\wamp\wamp\www\BBTer\bbter-all\Application\Home\Controller\LoginController.class.php 第 6 行.
NOTIC: [8] Use of undefined constant Util - assumed 'Util' E:\wamp\wamp\www\BBTer\bbter-all\Application\Home\Controller\LoginController.class.php 第 6 行.
NOTIC: [8] Use of undefined constant GibberishAES - assumed 'GibberishAES' E:\wamp\wamp\www\BBTer\bbter-all\Application\Home\Controller\LoginController.class.php 第 6 行.
SQL: SHOW COLUMNS FROM `users` [ RunTime:0.0077s ]
SQL: SELECT * FROM `users` WHERE ( student_number=201330551303 ) LIMIT 1   [ RunTime:0.0004s ]
INFO: [ view_parse ] --START--
INFO: [ template_filter ] --START--
INFO: Run Behavior\ContentReplaceBehavior [ RunTime:0.000071s ]
INFO: [ template_filter ] --END-- [ RunTime:0.000208s ]
INFO: Run Behavior\ParseTemplateBehavior [ RunTime:0.007152s ]
INFO: [ view_parse ] --END-- [ RunTime:0.007345s ]
INFO: [ view_filter ] --START--
INFO: Run Behavior\WriteHtmlCacheBehavior [ RunTime:0.000504s ]
INFO: [ view_filter ] --END-- [ RunTime:0.000634s ]

[ 2016-02-14T20:41:02+08:00 ] ::1 /BBTer/bbter-all/index.php/Home/Login
INFO: [ app_init ] --START--
INFO: Run Behavior\BuildLiteBehavior [ RunTime:0.000030s ]
INFO: [ app_init ] --END-- [ RunTime:0.000520s ]
INFO: [ app_begin ] --START--
INFO: Run Behavior\ReadHtmlCacheBehavior [ RunTime:0.001026s ]
INFO: [ app_begin ] --END-- [ RunTime:0.001257s ]

[ 2016-02-14T20:41:24+08:00 ] ::1 /BBTer/bbter-all/index.php/Home/Login
INFO: [ app_init ] --START--
INFO: Run Behavior\BuildLiteBehavior [ RunTime:0.000028s ]
INFO: [ app_init ] --END-- [ RunTime:0.000419s ]
INFO: [ app_begin ] --START--
INFO: Run Behavior\ReadHtmlCacheBehavior [ RunTime:0.000641s ]
INFO: [ app_begin ] --END-- [ RunTime:0.000773s ]
NOTIC: [8] Use of undefined constant Org - assumed 'Org' E:\wamp\wamp\www\BBTer\bbter-all\Application\Home\Controller\LoginController.class.php 第 5 行.
NOTIC: [8] Use of undefined constant Util - assumed 'Util' E:\wamp\wamp\www\BBTer\bbter-all\Application\Home\Controller\LoginController.class.php 第 5 行.
NOTIC: [8] Use of undefined constant Token - assumed 'Token' E:\wamp\wamp\www\BBTer\bbter-all\Application\Home\Controller\LoginController.class.php 第 5 行.
NOTIC: [8] Use of undefined constant Org - assumed 'Org' E:\wamp\wamp\www\BBTer\bbter-all\Application\Home\Controller\LoginController.class.php 第 6 行.
NOTIC: [8] Use of undefined constant Util - assumed 'Util' E:\wamp\wamp\www\BBTer\bbter-all\Application\Home\Controller\LoginController.class.php 第 6 行.
NOTIC: [8] Use of undefined constant GibberishAES - assumed 'GibberishAES' E:\wamp\wamp\www\BBTer\bbter-all\Application\Home\Controller\LoginController.class.php 第 6 行.
SQL: SHOW COLUMNS FROM `users` [ RunTime:0.0104s ]
SQL: SELECT * FROM `users` WHERE ( student_number=201330551303 ) LIMIT 1   [ RunTime:0.0004s ]
INFO: [ view_parse ] --START--
INFO: [ template_filter ] --START--
INFO: Run Behavior\ContentReplaceBehavior [ RunTime:0.000067s ]
INFO: [ template_filter ] --END-- [ RunTime:0.000206s ]
INFO: Run Behavior\ParseTemplateBehavior [ RunTime:0.009538s ]
INFO: [ view_parse ] --END-- [ RunTime:0.009791s ]
INFO: [ view_filter ] --START--
INFO: Run Behavior\WriteHtmlCacheBehavior [ RunTime:0.000592s ]
INFO: [ view_filter ] --END-- [ RunTime:0.000784s ]

[ 2016-02-14T20:42:29+08:00 ] ::1 /BBTer/bbter-all/index.php/Home/Login
INFO: [ app_init ] --START--
INFO: Run Behavior\BuildLiteBehavior [ RunTime:0.000029s ]
INFO: [ app_init ] --END-- [ RunTime:0.000441s ]
INFO: [ app_begin ] --START--
INFO: Run Behavior\ReadHtmlCacheBehavior [ RunTime:0.000577s ]
INFO: [ app_begin ] --END-- [ RunTime:0.000703s ]
NOTIC: [8] Use of undefined constant Org - assumed 'Org' E:\wamp\wamp\www\BBTer\bbter-all\Application\Home\Controller\LoginController.class.php 第 5 行.
NOTIC: [8] Use of undefined constant Util - assumed 'Util' E:\wamp\wamp\www\BBTer\bbter-all\Application\Home\Controller\LoginController.class.php 第 5 行.
NOTIC: [8] Use of undefined constant Token - assumed 'Token' E:\wamp\wamp\www\BBTer\bbter-all\Application\Home\Controller\LoginController.class.php 第 5 行.
NOTIC: [8] Use of undefined constant Org - assumed 'Org' E:\wamp\wamp\www\BBTer\bbter-all\Application\Home\Controller\LoginController.class.php 第 6 行.
NOTIC: [8] Use of undefined constant Util - assumed 'Util' E:\wamp\wamp\www\BBTer\bbter-all\Application\Home\Controller\LoginController.class.php 第 6 行.
NOTIC: [8] Use of undefined constant GibberishAES - assumed 'GibberishAES' E:\wamp\wamp\www\BBTer\bbter-all\Application\Home\Controller\LoginController.class.php 第 6 行.
SQL: SHOW COLUMNS FROM `users` [ RunTime:0.0077s ]
SQL: SELECT * FROM `users` WHERE ( student_number=201330551303 ) LIMIT 1   [ RunTime:0.0004s ]
NOTIC: [8] Undefined variable: char E:\wamp\wamp\www\BBTer\bbter-all\ThinkPHP\Library\Think\Crypt\Driver\Base64.class.php 第 33 行.
NOTIC: [8] Undefined variable: str E:\wamp\wamp\www\BBTer\bbter-all\ThinkPHP\Library\Think\Crypt\Driver\Base64.class.php 第 38 行.
NOTIC: [8] Undefined index: completed E:\wamp\wamp\www\BBTer\bbter-all\Application\Home\Controller\LoginController.class.php 第 73 行.
INFO: [ view_parse ] --START--
INFO: [ template_filter ] --START--
INFO: Run Behavior\ContentReplaceBehavior [ RunTime:0.000068s ]
INFO: [ template_filter ] --END-- [ RunTime:0.000208s ]
INFO: Run Behavior\ParseTemplateBehavior [ RunTime:0.010427s ]
INFO: [ view_parse ] --END-- [ RunTime:0.010585s ]
INFO: [ view_filter ] --START--
INFO: Run Behavior\WriteHtmlCacheBehavior [ RunTime:0.000497s ]
INFO: [ view_filter ] --END-- [ RunTime:0.000636s ]
INFO: [ app_end ] --START--
INFO: Run Behavior\ShowPageTraceBehavior [ RunTime:0.001170s ]
INFO: [ app_end ] --END-- [ RunTime:0.001379s ]

[ 2016-02-14T20:48:23+08:00 ] ::1 /BBTer/bbter-all/index.php/Home/Login
INFO: [ app_init ] --START--
INFO: Run Behavior\BuildLiteBehavior [ RunTime:0.000029s ]
INFO: [ app_init ] --END-- [ RunTime:0.000413s ]
INFO: [ app_begin ] --START--
INFO: Run Behavior\ReadHtmlCacheBehavior [ RunTime:0.000705s ]
INFO: [ app_begin ] --END-- [ RunTime:0.000863s ]
NOTIC: [8] Use of undefined constant Org - assumed 'Org' E:\wamp\wamp\www\BBTer\bbter-all\Application\Home\Controller\LoginController.class.php 第 5 行.
NOTIC: [8] Use of undefined constant Util - assumed 'Util' E:\wamp\wamp\www\BBTer\bbter-all\Application\Home\Controller\LoginController.class.php 第 5 行.
NOTIC: [8] Use of undefined constant Token - assumed 'Token' E:\wamp\wamp\www\BBTer\bbter-all\Application\Home\Controller\LoginController.class.php 第 5 行.
NOTIC: [8] Use of undefined constant Org - assumed 'Org' E:\wamp\wamp\www\BBTer\bbter-all\Application\Home\Controller\LoginController.class.php 第 6 行.
NOTIC: [8] Use of undefined constant Util - assumed 'Util' E:\wamp\wamp\www\BBTer\bbter-all\Application\Home\Controller\LoginController.class.php 第 6 行.
NOTIC: [8] Use of undefined constant GibberishAES - assumed 'GibberishAES' E:\wamp\wamp\www\BBTer\bbter-all\Application\Home\Controller\LoginController.class.php 第 6 行.
SQL: SHOW COLUMNS FROM `users` [ RunTime:0.0076s ]
SQL: SELECT * FROM `users` WHERE ( student_number=201330551303 ) LIMIT 1   [ RunTime:0.0004s ]
NOTIC: [8] Undefined variable: char E:\wamp\wamp\www\BBTer\bbter-all\ThinkPHP\Library\Think\Crypt\Driver\Base64.class.php 第 33 行.
NOTIC: [8] Undefined variable: str E:\wamp\wamp\www\BBTer\bbter-all\ThinkPHP\Library\Think\Crypt\Driver\Base64.class.php 第 38 行.
NOTIC: [8] Undefined index: completed E:\wamp\wamp\www\BBTer\bbter-all\Application\Home\Controller\LoginController.class.php 第 72 行.
INFO: [ view_parse ] --START--
INFO: [ template_filter ] --START--
INFO: Run Behavior\ContentReplaceBehavior [ RunTime:0.000065s ]
INFO: [ template_filter ] --END-- [ RunTime:0.000198s ]
INFO: Run Behavior\ParseTemplateBehavior [ RunTime:0.007189s ]
INFO: [ view_parse ] --END-- [ RunTime:0.007345s ]
INFO: [ view_filter ] --START--
INFO: Run Behavior\WriteHtmlCacheBehavior [ RunTime:0.000521s ]
INFO: [ view_filter ] --END-- [ RunTime:0.000651s ]
INFO: [ app_end ] --START--
INFO: Run Behavior\ShowPageTraceBehavior [ RunTime:0.000923s ]
INFO: [ app_end ] --END-- [ RunTime:0.001129s ]

[ 2016-02-14T20:51:23+08:00 ] ::1 /BBTer/bbter-all/index.php/Home/user/info
INFO: [ app_init ] --START--
INFO: Run Behavior\BuildLiteBehavior [ RunTime:0.000032s ]
INFO: [ app_init ] --END-- [ RunTime:0.000600s ]
INFO: [ app_begin ] --START--
INFO: Run Behavior\ReadHtmlCacheBehavior [ RunTime:0.000722s ]
INFO: [ app_begin ] --END-- [ RunTime:0.000871s ]
NOTIC: [8] Use of undefined constant Org - assumed 'Org' E:\wamp\wamp\www\BBTer\bbter-all\Application\Home\Controller\BaseController.class.php 第 5 行.
NOTIC: [8] Use of undefined constant Util - assumed 'Util' E:\wamp\wamp\www\BBTer\bbter-all\Application\Home\Controller\BaseController.class.php 第 5 行.
NOTIC: [8] Use of undefined constant BoxTokenHelper - assumed 'BoxTokenHelper' E:\wamp\wamp\www\BBTer\bbter-all\Application\Home\Controller\BaseController.class.php 第 5 行.
INFO: [ view_parse ] --START--
INFO: [ template_filter ] --START--
INFO: Run Behavior\ContentReplaceBehavior [ RunTime:0.000128s ]
INFO: [ template_filter ] --END-- [ RunTime:0.000405s ]
INFO: Run Behavior\ParseTemplateBehavior [ RunTime:0.008442s ]
INFO: [ view_parse ] --END-- [ RunTime:0.008679s ]
INFO: [ view_filter ] --START--
INFO: Run Behavior\WriteHtmlCacheBehavior [ RunTime:0.001212s ]
INFO: [ view_filter ] --END-- [ RunTime:0.001495s ]

[ 2016-02-14T20:53:00+08:00 ] ::1 /BBTer/bbter-all/index.php/Home/user/info
INFO: [ app_init ] --START--
INFO: Run Behavior\BuildLiteBehavior [ RunTime:0.000032s ]
INFO: [ app_init ] --END-- [ RunTime:0.000502s ]
INFO: [ app_begin ] --START--
INFO: Run Behavior\ReadHtmlCacheBehavior [ RunTime:0.000665s ]
INFO: [ app_begin ] --END-- [ RunTime:0.000812s ]
NOTIC: [8] Use of undefined constant Org - assumed 'Org' E:\wamp\wamp\www\BBTer\bbter-all\Application\Home\Controller\BaseController.class.php 第 5 行.
NOTIC: [8] Use of undefined constant Util - assumed 'Util' E:\wamp\wamp\www\BBTer\bbter-all\Application\Home\Controller\BaseController.class.php 第 5 行.
NOTIC: [8] Use of undefined constant BoxTokenHelper - assumed 'BoxTokenHelper' E:\wamp\wamp\www\BBTer\bbter-all\Application\Home\Controller\BaseController.class.php 第 5 行.
INFO: [ view_parse ] --START--
INFO: [ template_filter ] --START--
INFO: Run Behavior\ContentReplaceBehavior [ RunTime:0.000071s ]
INFO: [ template_filter ] --END-- [ RunTime:0.000224s ]
INFO: Run Behavior\ParseTemplateBehavior [ RunTime:0.008341s ]
INFO: [ view_parse ] --END-- [ RunTime:0.008575s ]
INFO: [ view_filter ] --START--
INFO: Run Behavior\WriteHtmlCacheBehavior [ RunTime:0.000750s ]
INFO: [ view_filter ] --END-- [ RunTime:0.001013s ]

[ 2016-02-14T20:54:31+08:00 ] ::1 /BBTer/bbter-all/index.php/Home/user/info
INFO: [ app_init ] --START--
INFO: Run Behavior\BuildLiteBehavior [ RunTime:0.000051s ]
INFO: [ app_init ] --END-- [ RunTime:0.000622s ]
INFO: [ app_begin ] --START--
INFO: Run Behavior\ReadHtmlCacheBehavior [ RunTime:0.000705s ]
INFO: [ app_begin ] --END-- [ RunTime:0.000858s ]
NOTIC: [8] Use of undefined constant Org - assumed 'Org' E:\wamp\wamp\www\BBTer\bbter-all\Application\Home\Controller\BaseController.class.php 第 5 行.
NOTIC: [8] Use of undefined constant Util - assumed 'Util' E:\wamp\wamp\www\BBTer\bbter-all\Application\Home\Controller\BaseController.class.php 第 5 行.
NOTIC: [8] Use of undefined constant BoxTokenHelper - assumed 'BoxTokenHelper' E:\wamp\wamp\www\BBTer\bbter-all\Application\Home\Controller\BaseController.class.php 第 5 行.
INFO: [ view_parse ] --START--
INFO: [ template_filter ] --START--
INFO: Run Behavior\ContentReplaceBehavior [ RunTime:0.000069s ]
INFO: [ template_filter ] --END-- [ RunTime:0.000216s ]
INFO: Run Behavior\ParseTemplateBehavior [ RunTime:0.006971s ]
INFO: [ view_parse ] --END-- [ RunTime:0.007140s ]
INFO: [ view_filter ] --START--
INFO: Run Behavior\WriteHtmlCacheBehavior [ RunTime:0.000535s ]
INFO: [ view_filter ] --END-- [ RunTime:0.000718s ]

[ 2016-02-14T20:54:31+08:00 ] ::1 /BBTer/bbter-all/index.php/Home/user/info
INFO: [ app_init ] --START--
INFO: Run Behavior\BuildLiteBehavior [ RunTime:0.000030s ]
INFO: [ app_init ] --END-- [ RunTime:0.000464s ]
INFO: [ app_begin ] --START--
INFO: Run Behavior\ReadHtmlCacheBehavior [ RunTime:0.000630s ]
INFO: [ app_begin ] --END-- [ RunTime:0.000776s ]
NOTIC: [8] Use of undefined constant Org - assumed 'Org' E:\wamp\wamp\www\BBTer\bbter-all\Application\Home\Controller\BaseController.class.php 第 5 行.
NOTIC: [8] Use of undefined constant Util - assumed 'Util' E:\wamp\wamp\www\BBTer\bbter-all\Application\Home\Controller\BaseController.class.php 第 5 行.
NOTIC: [8] Use of undefined constant BoxTokenHelper - assumed 'BoxTokenHelper' E:\wamp\wamp\www\BBTer\bbter-all\Application\Home\Controller\BaseController.class.php 第 5 行.
INFO: [ view_parse ] --START--
INFO: [ template_filter ] --START--
INFO: Run Behavior\ContentReplaceBehavior [ RunTime:0.000070s ]
INFO: [ template_filter ] --END-- [ RunTime:0.000223s ]
INFO: Run Behavior\ParseTemplateBehavior [ RunTime:0.007572s ]
INFO: [ view_parse ] --END-- [ RunTime:0.007886s ]
INFO: [ view_filter ] --START--
INFO: Run Behavior\WriteHtmlCacheBehavior [ RunTime:0.000627s ]
INFO: [ view_filter ] --END-- [ RunTime:0.000818s ]

[ 2016-02-14T20:54:32+08:00 ] ::1 /BBTer/bbter-all/index.php/Home/user/info
INFO: [ app_init ] --START--
INFO: Run Behavior\BuildLiteBehavior [ RunTime:0.000032s ]
INFO: [ app_init ] --END-- [ RunTime:0.000461s ]
INFO: [ app_begin ] --START--
INFO: Run Behavior\ReadHtmlCacheBehavior [ RunTime:0.000634s ]
INFO: [ app_begin ] --END-- [ RunTime:0.000773s ]
NOTIC: [8] Use of undefined constant Org - assumed 'Org' E:\wamp\wamp\www\BBTer\bbter-all\Application\Home\Controller\BaseController.class.php 第 5 行.
NOTIC: [8] Use of undefined constant Util - assumed 'Util' E:\wamp\wamp\www\BBTer\bbter-all\Application\Home\Controller\BaseController.class.php 第 5 行.
NOTIC: [8] Use of undefined constant BoxTokenHelper - assumed 'BoxTokenHelper' E:\wamp\wamp\www\BBTer\bbter-all\Application\Home\Controller\BaseController.class.php 第 5 行.
INFO: [ view_parse ] --START--
INFO: [ template_filter ] --START--
INFO: Run Behavior\ContentReplaceBehavior [ RunTime:0.000071s ]
INFO: [ template_filter ] --END-- [ RunTime:0.000219s ]
INFO: Run Behavior\ParseTemplateBehavior [ RunTime:0.008131s ]
INFO: [ view_parse ] --END-- [ RunTime:0.008364s ]
INFO: [ view_filter ] --START--
INFO: Run Behavior\WriteHtmlCacheBehavior [ RunTime:0.000830s ]
INFO: [ view_filter ] --END-- [ RunTime:0.001090s ]

[ 2016-02-14T20:54:32+08:00 ] ::1 /BBTer/bbter-all/index.php/Home/user/info
INFO: [ app_init ] --START--
INFO: Run Behavior\BuildLiteBehavior [ RunTime:0.000031s ]
INFO: [ app_init ] --END-- [ RunTime:0.000466s ]
INFO: [ app_begin ] --START--
INFO: Run Behavior\ReadHtmlCacheBehavior [ RunTime:0.000671s ]
INFO: [ app_begin ] --END-- [ RunTime:0.000820s ]
NOTIC: [8] Use of undefined constant Org - assumed 'Org' E:\wamp\wamp\www\BBTer\bbter-all\Application\Home\Controller\BaseController.class.php 第 5 行.
NOTIC: [8] Use of undefined constant Util - assumed 'Util' E:\wamp\wamp\www\BBTer\bbter-all\Application\Home\Controller\BaseController.class.php 第 5 行.
NOTIC: [8] Use of undefined constant BoxTokenHelper - assumed 'BoxTokenHelper' E:\wamp\wamp\www\BBTer\bbter-all\Application\Home\Controller\BaseController.class.php 第 5 行.
INFO: [ view_parse ] --START--
INFO: [ template_filter ] --START--
INFO: Run Behavior\ContentReplaceBehavior [ RunTime:0.000080s ]
INFO: [ template_filter ] --END-- [ RunTime:0.000277s ]
INFO: Run Behavior\ParseTemplateBehavior [ RunTime:0.007572s ]
INFO: [ view_parse ] --END-- [ RunTime:0.007867s ]
INFO: [ view_filter ] --START--
INFO: Run Behavior\WriteHtmlCacheBehavior [ RunTime:0.000798s ]
INFO: [ view_filter ] --END-- [ RunTime:0.001071s ]

[ 2016-02-14T20:54:32+08:00 ] ::1 /BBTer/bbter-all/index.php/Home/user/info
INFO: [ app_init ] --START--
INFO: Run Behavior\BuildLiteBehavior [ RunTime:0.000032s ]
INFO: [ app_init ] --END-- [ RunTime:0.000562s ]
INFO: [ app_begin ] --START--
INFO: Run Behavior\ReadHtmlCacheBehavior [ RunTime:0.000663s ]
INFO: [ app_begin ] --END-- [ RunTime:0.000801s ]
NOTIC: [8] Use of undefined constant Org - assumed 'Org' E:\wamp\wamp\www\BBTer\bbter-all\Application\Home\Controller\BaseController.class.php 第 5 行.
NOTIC: [8] Use of undefined constant Util - assumed 'Util' E:\wamp\wamp\www\BBTer\bbter-all\Application\Home\Controller\BaseController.class.php 第 5 行.
NOTIC: [8] Use of undefined constant BoxTokenHelper - assumed 'BoxTokenHelper' E:\wamp\wamp\www\BBTer\bbter-all\Application\Home\Controller\BaseController.class.php 第 5 行.
INFO: [ view_parse ] --START--
INFO: [ template_filter ] --START--
INFO: Run Behavior\ContentReplaceBehavior [ RunTime:0.000072s ]
INFO: [ template_filter ] --END-- [ RunTime:0.000296s ]
INFO: Run Behavior\ParseTemplateBehavior [ RunTime:0.008945s ]
INFO: [ view_parse ] --END-- [ RunTime:0.009163s ]
INFO: [ view_filter ] --START--
INFO: Run Behavior\WriteHtmlCacheBehavior [ RunTime:0.000524s ]
INFO: [ view_filter ] --END-- [ RunTime:0.000708s ]

